2024-02-29 08:46:51.442 [info] Log level: Info
2024-02-29 08:46:51.443 [info] Validating found git in: "git"
2024-02-29 08:46:51.443 [info] Using git "2.25.1" from "git"
2024-02-29 08:46:51.443 [info] > git rev-parse --show-toplevel [9ms]
2024-02-29 08:46:51.443 [info] fatal: not a git repository (or any of the parent directories): .git
2024-02-29 08:46:51.443 [info] > git rev-parse --show-toplevel [2ms]
2024-02-29 08:46:51.444 [info] fatal: not a git repository (or any of the parent directories): .git
2024-02-29 08:46:51.444 [info] > git rev-parse --show-toplevel [1ms]
2024-02-29 08:46:51.444 [info] fatal: not a git repository (or any of the parent directories): .git
2024-02-29 08:46:51.444 [info] > git rev-parse --show-toplevel [2ms]
2024-02-29 08:46:51.444 [info] fatal: not a git repository (or any of the parent directories): .git
2024-02-29 08:46:51.445 [info] > git rev-parse --show-toplevel [3ms]
2024-02-29 08:46:51.445 [info] fatal: not a git repository (or any of the parent directories): .git
2024-02-29 08:46:51.445 [info] > git rev-parse --show-toplevel [2ms]
2024-02-29 08:46:51.445 [info] fatal: not a git repository (or any of the parent directories): .git
2024-02-29 08:46:51.445 [info] > git rev-parse --show-toplevel [2ms]
2024-02-29 08:46:51.445 [info] fatal: not a git repository (or any of the parent directories): .git
2024-02-29 08:46:51.446 [info] > git rev-parse --show-toplevel [2ms]
2024-02-29 08:46:51.446 [info] fatal: not a git repository (or any of the parent directories): .git
2024-02-29 08:46:51.446 [info] > git rev-parse --show-toplevel [1ms]
2024-02-29 08:46:51.446 [info] fatal: not a git repository (or any of the parent directories): .git
2024-02-29 08:46:51.446 [info] > git rev-parse --show-toplevel [2ms]
2024-02-29 08:46:51.447 [info] fatal: not a git repository (or any of the parent directories): .git
2024-02-29 08:46:51.447 [info] > git rev-parse --show-toplevel [1ms]
2024-02-29 08:46:51.447 [info] fatal: not a git repository (or any of the parent directories): .git
2024-02-29 08:46:51.447 [info] > git rev-parse --show-toplevel [2ms]
2024-02-29 08:46:51.447 [info] fatal: not a git repository (or any of the parent directories): .git
2024-02-29 08:46:51.447 [info] > git rev-parse --show-toplevel [2ms]
2024-02-29 08:46:51.448 [info] fatal: not a git repository (or any of the parent directories): .git
2024-02-29 08:46:51.448 [info] > git rev-parse --show-toplevel [3ms]
2024-02-29 08:46:51.448 [info] fatal: not a git repository (or any of the parent directories): .git
2024-02-29 08:46:51.448 [info] > git rev-parse --show-toplevel [5ms]
2024-02-29 08:46:51.449 [info] fatal: not a git repository (or any of the parent directories): .git
2024-02-29 08:46:51.449 [info] > git rev-parse --show-toplevel [2ms]
2024-02-29 08:46:51.449 [info] fatal: not a git repository (or any of the parent directories): .git
2024-02-29 09:10:38.723 [info] > git rev-parse --show-toplevel [123ms]
2024-02-29 09:10:38.744 [info] fatal: not a git repository (or any of the parent directories): .git
2024-02-29 09:11:38.627 [info] > git rev-parse --show-toplevel [6ms]
2024-02-29 09:11:38.628 [info] fatal: not a git repository (or any of the parent directories): .git
2024-02-29 09:11:38.664 [info] > git rev-parse --show-toplevel [3ms]
2024-02-29 09:11:38.664 [info] fatal: not a git repository (or any of the parent directories): .git
2024-02-29 09:11:39.980 [info] > git rev-parse --show-toplevel [78ms]
2024-02-29 09:11:39.981 [info] fatal: not a git repository (or any of the parent directories): .git
2024-02-29 09:11:43.777 [info] > git rev-parse --show-toplevel [16ms]
2024-02-29 09:11:43.777 [info] fatal: not a git repository (or any of the parent directories): .git
