2024-02-28 10:25:01.880 [info] Extension host with pid 86316 started
2024-02-28 10:25:01.880 [error] Error: EEXIST: file already exists, open '/home/gestcompras/.vscode-server/data/User/workspaceStorage/04a289f844bebcff522ec9ed37c64e09/vscode.lock'
2024-02-28 10:25:01.880 [info] Lock '/home/gestcompras/.vscode-server/data/User/workspaceStorage/04a289f844bebcff522ec9ed37c64e09/vscode.lock': Could not acquire lock, checking if the file is stale.
2024-02-28 10:25:01.880 [info] Lock '/home/gestcompras/.vscode-server/data/User/workspaceStorage/04a289f844bebcff522ec9ed37c64e09/vscode.lock': The lock does not look stale, elapsed: 656 ms, giving up.
2024-02-28 10:25:01.901 [info] Lock '/home/gestcompras/.vscode-server/data/User/workspaceStorage/04a289f844bebcff522ec9ed37c64e09-1/vscode.lock': Lock acquired.
2024-02-28 10:25:02.647 [info] ExtensionService#_doActivateExtension vscode.emmet, startup: false, activationEvent: 'onLanguage'
2024-02-28 10:25:02.650 [info] ExtensionService#_doActivateExtension vscode.tunnel-forwarding, startup: false, activationEvent: 'onTunnel'
2024-02-28 10:25:02.657 [info] ExtensionService#_doActivateExtension vscode.php-language-features, startup: false, activationEvent: 'onLanguage:php'
2024-02-28 10:25:03.147 [info] ExtensionService#_doActivateExtension vscode.git-base, startup: true, activationEvent: '*', root cause: vscode.git
2024-02-28 10:25:03.385 [info] ExtensionService#_doActivateExtension vscode.git, startup: true, activationEvent: '*'
2024-02-28 10:25:03.387 [info] ExtensionService#_doActivateExtension vscode.github, startup: true, activationEvent: '*'
2024-02-28 10:25:04.659 [info] ExtensionService#_doActivateExtension github.vscode-github-actions, startup: true, activationEvent: 'workspaceContains:**/.github/workflows/**'
2024-02-28 10:25:09.389 [info] Eager extensions activated
2024-02-28 10:25:09.390 [info] ExtensionService#_doActivateExtension vscode.debug-auto-launch, startup: false, activationEvent: 'onStartupFinished'
2024-02-28 10:25:09.391 [info] ExtensionService#_doActivateExtension vscode.merge-conflict, startup: false, activationEvent: 'onStartupFinished'
2024-02-28 10:36:07.525 [info] ExtensionService#_doActivateExtension vscode.typescript-language-features, startup: false, activationEvent: 'onLanguage:javascript'
2024-02-28 11:07:07.728 [info] ExtensionService#_doActivateExtension vscode.html-language-features, startup: false, activationEvent: 'onLanguage:html'
2024-02-28 11:38:34.947 [error] [vscode.emmet] provider FAILED
2024-02-28 11:38:34.984 [error] TypeError: Cannot read properties of undefined (reading 'find')
	at t.$S.b (/home/gestcompras/.vscode-server/bin/903b1e9d8990623e3d7da1df3d33db3e42d80eda/extensions/emmet/dist/node/emmetNodeMain.js:1:129833)
	at t.$S.provideCompletionItems (/home/gestcompras/.vscode-server/bin/903b1e9d8990623e3d7da1df3d33db3e42d80eda/extensions/emmet/dist/node/emmetNodeMain.js:1:128478)
	at $e.provideCompletionItems (/home/gestcompras/.vscode-server/bin/903b1e9d8990623e3d7da1df3d33db3e42d80eda/out/vs/workbench/api/node/extensionHostProcess.js:150:99164)
	at /home/gestcompras/.vscode-server/bin/903b1e9d8990623e3d7da1df3d33db3e42d80eda/out/vs/workbench/api/node/extensionHostProcess.js:150:120900
	at ve.s (/home/gestcompras/.vscode-server/bin/903b1e9d8990623e3d7da1df3d33db3e42d80eda/out/vs/workbench/api/node/extensionHostProcess.js:150:112365)
	at ve.$provideCompletionItems (/home/gestcompras/.vscode-server/bin/903b1e9d8990623e3d7da1df3d33db3e42d80eda/out/vs/workbench/api/node/extensionHostProcess.js:150:120886)
	at d.S (/home/gestcompras/.vscode-server/bin/903b1e9d8990623e3d7da1df3d33db3e42d80eda/out/vs/workbench/api/node/extensionHostProcess.js:147:5520)
	at d.Q (/home/gestcompras/.vscode-server/bin/903b1e9d8990623e3d7da1df3d33db3e42d80eda/out/vs/workbench/api/node/extensionHostProcess.js:147:5286)
	at d.M (/home/gestcompras/.vscode-server/bin/903b1e9d8990623e3d7da1df3d33db3e42d80eda/out/vs/workbench/api/node/extensionHostProcess.js:147:4338)
	at d.L (/home/gestcompras/.vscode-server/bin/903b1e9d8990623e3d7da1df3d33db3e42d80eda/out/vs/workbench/api/node/extensionHostProcess.js:147:3455)
	at g.value (/home/gestcompras/.vscode-server/bin/903b1e9d8990623e3d7da1df3d33db3e42d80eda/out/vs/workbench/api/node/extensionHostProcess.js:147:2242)
	at r.y (/home/gestcompras/.vscode-server/bin/903b1e9d8990623e3d7da1df3d33db3e42d80eda/out/vs/workbench/api/node/extensionHostProcess.js:80:1902)
	at r.fire (/home/gestcompras/.vscode-server/bin/903b1e9d8990623e3d7da1df3d33db3e42d80eda/out/vs/workbench/api/node/extensionHostProcess.js:80:2119)
	at n.fire (/home/gestcompras/.vscode-server/bin/903b1e9d8990623e3d7da1df3d33db3e42d80eda/out/vs/workbench/api/node/extensionHostProcess.js:105:14073)
	at g.value (/home/gestcompras/.vscode-server/bin/903b1e9d8990623e3d7da1df3d33db3e42d80eda/out/vs/workbench/api/node/extensionHostProcess.js:173:8051)
	at r.y (/home/gestcompras/.vscode-server/bin/903b1e9d8990623e3d7da1df3d33db3e42d80eda/out/vs/workbench/api/node/extensionHostProcess.js:80:1902)
	at r.fire (/home/gestcompras/.vscode-server/bin/903b1e9d8990623e3d7da1df3d33db3e42d80eda/out/vs/workbench/api/node/extensionHostProcess.js:80:2119)
	at n.fire (/home/gestcompras/.vscode-server/bin/903b1e9d8990623e3d7da1df3d33db3e42d80eda/out/vs/workbench/api/node/extensionHostProcess.js:105:14073)
	at s.z (/home/gestcompras/.vscode-server/bin/903b1e9d8990623e3d7da1df3d33db3e42d80eda/out/vs/workbench/api/node/extensionHostProcess.js:105:17138)
	at g.value (/home/gestcompras/.vscode-server/bin/903b1e9d8990623e3d7da1df3d33db3e42d80eda/out/vs/workbench/api/node/extensionHostProcess.js:105:16543)
	at r.y (/home/gestcompras/.vscode-server/bin/903b1e9d8990623e3d7da1df3d33db3e42d80eda/out/vs/workbench/api/node/extensionHostProcess.js:80:1902)
	at r.fire (/home/gestcompras/.vscode-server/bin/903b1e9d8990623e3d7da1df3d33db3e42d80eda/out/vs/workbench/api/node/extensionHostProcess.js:80:2119)
	at g.acceptChunk (/home/gestcompras/.vscode-server/bin/903b1e9d8990623e3d7da1df3d33db3e42d80eda/out/vs/workbench/api/node/extensionHostProcess.js:105:11847)
	at g.value (/home/gestcompras/.vscode-server/bin/903b1e9d8990623e3d7da1df3d33db3e42d80eda/out/vs/workbench/api/node/extensionHostProcess.js:105:11134)
	at r.y (/home/gestcompras/.vscode-server/bin/903b1e9d8990623e3d7da1df3d33db3e42d80eda/out/vs/workbench/api/node/extensionHostProcess.js:80:1902)
	at r.fire (/home/gestcompras/.vscode-server/bin/903b1e9d8990623e3d7da1df3d33db3e42d80eda/out/vs/workbench/api/node/extensionHostProcess.js:80:2119)
	at r.z (/home/gestcompras/.vscode-server/bin/903b1e9d8990623e3d7da1df3d33db3e42d80eda/out/vs/workbench/api/node/extensionHostProcess.js:170:19748)
2024-02-28 11:38:35.027 [error] [vscode.emmet] provider FAILED
2024-02-28 11:38:35.028 [error] TypeError: Cannot read properties of undefined (reading 'find')
	at t.$S.b (/home/gestcompras/.vscode-server/bin/903b1e9d8990623e3d7da1df3d33db3e42d80eda/extensions/emmet/dist/node/emmetNodeMain.js:1:129833)
	at t.$S.provideCompletionItems (/home/gestcompras/.vscode-server/bin/903b1e9d8990623e3d7da1df3d33db3e42d80eda/extensions/emmet/dist/node/emmetNodeMain.js:1:128478)
	at $e.provideCompletionItems (/home/gestcompras/.vscode-server/bin/903b1e9d8990623e3d7da1df3d33db3e42d80eda/out/vs/workbench/api/node/extensionHostProcess.js:150:99164)
	at /home/gestcompras/.vscode-server/bin/903b1e9d8990623e3d7da1df3d33db3e42d80eda/out/vs/workbench/api/node/extensionHostProcess.js:150:120900
	at ve.s (/home/gestcompras/.vscode-server/bin/903b1e9d8990623e3d7da1df3d33db3e42d80eda/out/vs/workbench/api/node/extensionHostProcess.js:150:112365)
	at ve.$provideCompletionItems (/home/gestcompras/.vscode-server/bin/903b1e9d8990623e3d7da1df3d33db3e42d80eda/out/vs/workbench/api/node/extensionHostProcess.js:150:120886)
	at d.S (/home/gestcompras/.vscode-server/bin/903b1e9d8990623e3d7da1df3d33db3e42d80eda/out/vs/workbench/api/node/extensionHostProcess.js:147:5520)
	at d.Q (/home/gestcompras/.vscode-server/bin/903b1e9d8990623e3d7da1df3d33db3e42d80eda/out/vs/workbench/api/node/extensionHostProcess.js:147:5286)
	at d.M (/home/gestcompras/.vscode-server/bin/903b1e9d8990623e3d7da1df3d33db3e42d80eda/out/vs/workbench/api/node/extensionHostProcess.js:147:4338)
	at d.L (/home/gestcompras/.vscode-server/bin/903b1e9d8990623e3d7da1df3d33db3e42d80eda/out/vs/workbench/api/node/extensionHostProcess.js:147:3455)
	at g.value (/home/gestcompras/.vscode-server/bin/903b1e9d8990623e3d7da1df3d33db3e42d80eda/out/vs/workbench/api/node/extensionHostProcess.js:147:2242)
	at r.y (/home/gestcompras/.vscode-server/bin/903b1e9d8990623e3d7da1df3d33db3e42d80eda/out/vs/workbench/api/node/extensionHostProcess.js:80:1902)
	at r.fire (/home/gestcompras/.vscode-server/bin/903b1e9d8990623e3d7da1df3d33db3e42d80eda/out/vs/workbench/api/node/extensionHostProcess.js:80:2119)
	at n.fire (/home/gestcompras/.vscode-server/bin/903b1e9d8990623e3d7da1df3d33db3e42d80eda/out/vs/workbench/api/node/extensionHostProcess.js:105:14073)
	at g.value (/home/gestcompras/.vscode-server/bin/903b1e9d8990623e3d7da1df3d33db3e42d80eda/out/vs/workbench/api/node/extensionHostProcess.js:173:8051)
	at r.y (/home/gestcompras/.vscode-server/bin/903b1e9d8990623e3d7da1df3d33db3e42d80eda/out/vs/workbench/api/node/extensionHostProcess.js:80:1902)
	at r.fire (/home/gestcompras/.vscode-server/bin/903b1e9d8990623e3d7da1df3d33db3e42d80eda/out/vs/workbench/api/node/extensionHostProcess.js:80:2119)
	at n.fire (/home/gestcompras/.vscode-server/bin/903b1e9d8990623e3d7da1df3d33db3e42d80eda/out/vs/workbench/api/node/extensionHostProcess.js:105:14073)
	at s.z (/home/gestcompras/.vscode-server/bin/903b1e9d8990623e3d7da1df3d33db3e42d80eda/out/vs/workbench/api/node/extensionHostProcess.js:105:17138)
	at g.value (/home/gestcompras/.vscode-server/bin/903b1e9d8990623e3d7da1df3d33db3e42d80eda/out/vs/workbench/api/node/extensionHostProcess.js:105:16543)
	at r.y (/home/gestcompras/.vscode-server/bin/903b1e9d8990623e3d7da1df3d33db3e42d80eda/out/vs/workbench/api/node/extensionHostProcess.js:80:1902)
	at r.fire (/home/gestcompras/.vscode-server/bin/903b1e9d8990623e3d7da1df3d33db3e42d80eda/out/vs/workbench/api/node/extensionHostProcess.js:80:2119)
	at g.acceptChunk (/home/gestcompras/.vscode-server/bin/903b1e9d8990623e3d7da1df3d33db3e42d80eda/out/vs/workbench/api/node/extensionHostProcess.js:105:11847)
	at g.value (/home/gestcompras/.vscode-server/bin/903b1e9d8990623e3d7da1df3d33db3e42d80eda/out/vs/workbench/api/node/extensionHostProcess.js:105:11134)
	at r.y (/home/gestcompras/.vscode-server/bin/903b1e9d8990623e3d7da1df3d33db3e42d80eda/out/vs/workbench/api/node/extensionHostProcess.js:80:1902)
	at r.fire (/home/gestcompras/.vscode-server/bin/903b1e9d8990623e3d7da1df3d33db3e42d80eda/out/vs/workbench/api/node/extensionHostProcess.js:80:2119)
	at r.z (/home/gestcompras/.vscode-server/bin/903b1e9d8990623e3d7da1df3d33db3e42d80eda/out/vs/workbench/api/node/extensionHostProcess.js:170:19748)
2024-02-28 14:41:02.669 [info] Extension host terminating: renderer disconnected for too long (1)
2024-02-28 14:41:02.672 [info] Lock '/home/gestcompras/.vscode-server/data/User/workspaceStorage/04a289f844bebcff522ec9ed37c64e09-1/vscode.lock': Marking the lockfile as scheduled to be released in 6000 ms.
2024-02-28 14:41:02.881 [info] Extension host with pid 86316 exiting with code 0
