2024-03-04 13:48:35.299 [info] Log level: Info
2024-03-04 13:48:35.299 [info] Validating found git in: "git"
2024-03-04 13:48:35.299 [info] Using git "2.25.1" from "git"
2024-03-04 13:48:35.299 [info] > git rev-parse --show-toplevel [4ms]
2024-03-04 13:48:35.299 [info] fatal: not a git repository (or any of the parent directories): .git
2024-03-04 13:48:35.299 [info] > git rev-parse --show-toplevel [12ms]
2024-03-04 13:48:35.299 [info] fatal: not a git repository (or any of the parent directories): .git
2024-03-04 13:48:35.299 [info] > git rev-parse --show-toplevel [2ms]
2024-03-04 13:48:35.299 [info] fatal: not a git repository (or any of the parent directories): .git
2024-03-04 13:48:35.299 [info] > git rev-parse --show-toplevel [2ms]
2024-03-04 13:48:35.299 [info] fatal: not a git repository (or any of the parent directories): .git
2024-03-04 13:48:35.299 [info] > git rev-parse --show-toplevel [2ms]
2024-03-04 13:48:35.299 [info] fatal: not a git repository (or any of the parent directories): .git
2024-03-04 13:48:35.299 [info] > git rev-parse --show-toplevel [2ms]
2024-03-04 13:48:35.299 [info] fatal: not a git repository (or any of the parent directories): .git
2024-03-04 13:48:35.299 [info] > git rev-parse --show-toplevel [2ms]
2024-03-04 13:48:35.299 [info] fatal: not a git repository (or any of the parent directories): .git
2024-03-04 13:48:35.299 [info] > git rev-parse --show-toplevel [2ms]
2024-03-04 13:48:35.299 [info] fatal: not a git repository (or any of the parent directories): .git
2024-03-04 13:48:35.300 [info] > git rev-parse --show-toplevel [2ms]
2024-03-04 13:48:35.300 [info] fatal: not a git repository (or any of the parent directories): .git
2024-03-04 13:48:35.300 [info] > git rev-parse --show-toplevel [2ms]
2024-03-04 13:48:35.300 [info] fatal: not a git repository (or any of the parent directories): .git
2024-03-04 13:48:35.300 [info] > git rev-parse --show-toplevel [3ms]
2024-03-04 13:48:35.300 [info] fatal: not a git repository (or any of the parent directories): .git
2024-03-04 13:48:35.300 [info] > git rev-parse --show-toplevel [5ms]
2024-03-04 13:48:35.300 [info] fatal: not a git repository (or any of the parent directories): .git
2024-03-04 13:48:35.300 [info] > git rev-parse --show-toplevel [2ms]
2024-03-04 13:48:35.300 [info] fatal: not a git repository (or any of the parent directories): .git
2024-03-04 13:48:35.300 [info] > git rev-parse --show-toplevel [2ms]
2024-03-04 13:48:35.300 [info] fatal: not a git repository (or any of the parent directories): .git
2024-03-04 13:48:35.300 [info] > git rev-parse --show-toplevel [2ms]
2024-03-04 13:48:35.300 [info] fatal: not a git repository (or any of the parent directories): .git
2024-03-04 13:48:35.300 [info] > git rev-parse --show-toplevel [2ms]
2024-03-04 13:48:35.300 [info] fatal: not a git repository (or any of the parent directories): .git
2024-03-04 13:48:35.300 [info] > git rev-parse --show-toplevel [2ms]
2024-03-04 13:48:35.300 [info] fatal: not a git repository (or any of the parent directories): .git
2024-03-04 13:49:25.610 [info] > git rev-parse --show-toplevel [14ms]
2024-03-04 13:49:25.610 [info] fatal: not a git repository (or any of the parent directories): .git
2024-03-04 13:49:31.555 [info] > git rev-parse --show-toplevel [13ms]
2024-03-04 13:49:31.555 [info] fatal: not a git repository (or any of the parent directories): .git
2024-03-04 13:58:08.174 [info] > git init [92ms]
2024-03-04 13:58:08.189 [info] > git rev-parse --show-toplevel [2ms]
2024-03-04 13:58:08.205 [info] > git rev-parse --git-dir --git-common-dir [2ms]
2024-03-04 13:58:08.245 [info] Open repository: /home/gestcompras
2024-03-04 13:58:08.267 [info] > git config --get commit.template [3ms]
2024-03-04 13:58:08.283 [info] No remotes found in the git config file.
2024-03-04 13:58:08.285 [info] > git for-each-ref --format=%(refname)%00%(upstream:short)%00%(objectname)%00%(upstream:track)%00%(upstream:remotename)%00%(upstream:remoteref) refs/heads/master refs/remotes/master [4ms]
2024-03-04 13:58:08.286 [warning] No such branch: master.
2024-03-04 13:58:08.625 [info] > git status -z -uall [325ms] (cancelled)
2024-03-04 13:58:08.947 [info] > git check-ignore -v -z --stdin [2ms]
2024-03-04 13:58:21.964 [info] > git config --get commit.template [20ms]
2024-03-04 13:58:21.981 [info] No remotes found in the git config file.
2024-03-04 13:58:21.985 [info] > git for-each-ref --format=%(refname)%00%(upstream:short)%00%(objectname)%00%(upstream:track)%00%(upstream:remotename)%00%(upstream:remoteref) refs/heads/master refs/remotes/master [3ms]
2024-03-04 13:58:21.985 [warning] No such branch: master.
2024-03-04 13:58:25.123 [info] > git status -z -uall [3120ms] (cancelled)
2024-03-04 13:58:26.617 [info] > git check-ignore -v -z --stdin [3ms]
2024-03-04 13:58:29.723 [info] > git check-ignore -v -z --stdin [2ms]
2024-03-04 13:59:15.390 [info] > git check-ignore -v -z --stdin [6ms]
2024-03-04 13:59:41.312 [info] > git show --textconv HEAD:.awstats-htpasswd [30ms]
2024-03-04 13:59:41.315 [info] > git ls-tree -l HEAD -- /home/gestcompras/.awstats-htpasswd [7ms]
2024-03-04 13:59:41.315 [info] fatal: Not a valid object name HEAD
2024-03-04 13:59:46.892 [info] > git add -A -- . [42417ms]
2024-03-04 13:59:46.892 [info] fatal: unable to stat '.vscode-server/bin/8b3775030ed1a69b13e4f4c628c612102e30a681/vscode-remote-lock.gestcompras.8b3775030ed1a69b13e4f4c628c612102e30a681': No such file or directory
2024-03-04 13:59:46.937 [info] No remotes found in the git config file.
2024-03-04 13:59:46.940 [info] > git config --get commit.template [22ms]
2024-03-04 13:59:46.943 [info] > git for-each-ref --format=%(refname)%00%(upstream:short)%00%(objectname)%00%(upstream:track)%00%(upstream:remotename)%00%(upstream:remoteref) refs/heads/master refs/remotes/master [6ms]
2024-03-04 13:59:46.943 [warning] No such branch: master.
2024-03-04 13:59:50.468 [info] > git status -z -uall [3505ms] (cancelled)
2024-03-04 14:00:08.133 [info] > git ls-tree -l HEAD -- /home/gestcompras/.awstats-htpasswd [3ms]
2024-03-04 14:00:08.133 [info] fatal: Not a valid object name HEAD
2024-03-04 14:00:21.052 [info] > git ls-tree -l HEAD -- /home/gestcompras/.awstats-htpasswd [3ms]
2024-03-04 14:00:21.052 [info] fatal: Not a valid object name HEAD
2024-03-04 14:00:24.964 [info] > git show --textconv :public_html/admin/faturaNova.php [27ms]
2024-03-04 14:00:24.968 [info] > git ls-files --stage -- /home/gestcompras/public_html/admin/faturaNova.php [6ms]
2024-03-04 14:00:25.229 [info] > git check-ignore -v -z --stdin [2ms]
2024-03-04 14:00:31.553 [info] > git check-ignore -v -z --stdin [4ms]
2024-03-04 14:01:09.188 [info] > git ls-files --stage -- /home/gestcompras/public_html/admin/faturaNova.php [3ms]
2024-03-04 14:01:09.274 [info] > git show --textconv :public_html/admin/faturaNova.php [2ms]
2024-03-04 14:02:00.934 [info] > git ls-files --stage -- /home/gestcompras/public_html/admin/faturaNova.php [8ms]
2024-03-04 14:02:01.025 [info] > git cat-file -s a00e7c9efaa67014e06458d1a668cc006c624cf1 [3ms]
2024-03-04 14:02:01.152 [info] > git show --textconv :public_html/admin/faturaNova.php [50ms]
2024-03-04 14:02:24.788 [info] > git ls-files --stage -- /home/gestcompras/public_html/admin/faturaNova.php [11ms]
2024-03-04 14:02:24.808 [info] > git cat-file -s a00e7c9efaa67014e06458d1a668cc006c624cf1 [3ms]
2024-03-04 14:02:24.902 [info] > git show --textconv :public_html/admin/faturaNova.php [11ms]
2024-03-04 14:04:17.265 [info] > git config --local branch.master.github-pr-owner-number [3ms]
2024-03-04 14:04:17.266 [warning] git config failed: Failed to execute git
2024-03-04 14:04:17.311 [info] > git config --local branch.master.remote [3ms]
2024-03-04 14:04:17.311 [warning] git config failed: Failed to execute git
2024-03-04 14:04:17.356 [info] > git config --local branch.master.merge [4ms]
2024-03-04 14:04:17.356 [warning] git config failed: Failed to execute git
2024-03-04 14:04:55.404 [info] > git config --local branch.master.github-pr-owner-number [5ms]
2024-03-04 14:04:55.405 [warning] git config failed: Failed to execute git
2024-03-04 14:04:55.448 [info] > git config --local branch.master.remote [6ms]
2024-03-04 14:04:55.449 [warning] git config failed: Failed to execute git
2024-03-04 14:04:55.491 [info] > git config --local branch.master.merge [4ms]
2024-03-04 14:04:55.491 [warning] git config failed: Failed to execute git
2024-03-04 14:05:20.709 [info] > git remote add origin https://github.com/IHozzI/gestcompras-.git [6ms]
2024-03-04 14:05:20.791 [info] > git config --get commit.template [41ms]
2024-03-04 14:05:20.795 [info] > git for-each-ref --format=%(refname)%00%(upstream:short)%00%(objectname)%00%(upstream:track)%00%(upstream:remotename)%00%(upstream:remoteref) refs/heads/main refs/remotes/main [8ms]
2024-03-04 14:05:20.796 [warning] No such branch: main.
2024-03-04 14:05:24.517 [info] > git status -z -uall [3681ms] (cancelled)
2024-03-04 14:05:24.518 [info] > git push -u origin main [3091ms]
2024-03-04 14:05:24.518 [info] error: src refspec main does not match any
error: failed to push some refs to 'https://github.com/IHozzI/gestcompras-.git'
2024-03-04 14:05:24.654 [info] > git config --get commit.template [10ms]
2024-03-04 14:05:24.779 [info] > git for-each-ref --format=%(refname)%00%(upstream:short)%00%(objectname)%00%(upstream:track)%00%(upstream:remotename)%00%(upstream:remoteref) refs/heads/main refs/remotes/main [22ms]
2024-03-04 14:05:24.788 [warning] No such branch: main.
2024-03-04 14:05:29.421 [info] > git status -z -uall [4553ms] (cancelled)
2024-03-04 14:05:30.353 [info] > git config --local branch.main.github-pr-owner-number [374ms]
2024-03-04 14:05:30.353 [warning] git config failed: Failed to execute git
2024-03-04 14:05:30.395 [info] > git config --local branch.main.remote [2ms]
2024-03-04 14:05:30.395 [warning] git config failed: Failed to execute git
2024-03-04 14:05:30.510 [info] > git config --local branch.main.merge [71ms]
2024-03-04 14:05:30.510 [warning] git config failed: Failed to execute git
2024-03-04 14:06:34.718 [info] > git -c user.useConfigOnly=true commit --quiet --allow-empty-message --file - [100ms]
2024-03-04 14:06:34.718 [info] 
*** Please tell me who you are.

Run

  git config --global user.email "you@example.com"
  git config --global user.name "Your Name"

to set your account's default identity.
Omit --global to set the identity only in this repository.

fatal: no email was given and auto-detection is disabled
2024-03-04 14:06:34.761 [info] > git config --get-all user.name [3ms]
2024-03-04 14:06:34.848 [info] > git config --get commit.template [42ms]
2024-03-04 14:06:34.849 [info] > git for-each-ref --format=%(refname)%00%(upstream:short)%00%(objectname)%00%(upstream:track)%00%(upstream:remotename)%00%(upstream:remoteref) refs/heads/main refs/remotes/main [4ms]
2024-03-04 14:06:34.849 [warning] No such branch: main.
2024-03-04 14:06:38.578 [info] > git status -z -uall [3691ms] (cancelled)
2024-03-04 14:09:17.265 [info] > git config --local branch.main.github-pr-owner-number [2ms]
2024-03-04 14:09:17.265 [warning] git config failed: Failed to execute git
2024-03-04 14:10:22.836 [info] > git show --textconv :public_html/admin/faturaNova.php [50ms]
2024-03-04 14:10:22.844 [info] > git ls-files --stage -- /home/gestcompras/public_html/admin/faturaNova.php [11ms]
2024-03-04 14:10:22.890 [info] > git cat-file -s a00e7c9efaa67014e06458d1a668cc006c624cf1 [4ms]
