2024-02-29 16:36:11.168 [info] Extension host with pid 23180 started
2024-02-29 16:36:11.168 [error] Error: EEXIST: file already exists, open '/home/gestcompras/.vscode-server/data/User/workspaceStorage/04a289f844bebcff522ec9ed37c64e09/vscode.lock'
2024-02-29 16:36:11.188 [info] Lock '/home/gestcompras/.vscode-server/data/User/workspaceStorage/04a289f844bebcff522ec9ed37c64e09/vscode.lock': Could not acquire lock, checking if the file is stale.
2024-02-29 16:36:11.211 [info] Lock '/home/gestcompras/.vscode-server/data/User/workspaceStorage/04a289f844bebcff522ec9ed37c64e09/vscode.lock': The lock does not look stale, elapsed: 335 ms, giving up.
2024-02-29 16:36:11.212 [error] Error: EEXIST: file already exists, open '/home/gestcompras/.vscode-server/data/User/workspaceStorage/04a289f844bebcff522ec9ed37c64e09-1/vscode.lock'
2024-02-29 16:36:11.247 [info] Lock '/home/gestcompras/.vscode-server/data/User/workspaceStorage/04a289f844bebcff522ec9ed37c64e09-1/vscode.lock': Could not acquire lock, checking if the file is stale.
2024-02-29 16:36:11.248 [info] Lock '/home/gestcompras/.vscode-server/data/User/workspaceStorage/04a289f844bebcff522ec9ed37c64e09-1/vscode.lock': The lock does not look stale, elapsed: 206 ms, giving up.
2024-02-29 16:36:11.257 [info] Lock '/home/gestcompras/.vscode-server/data/User/workspaceStorage/04a289f844bebcff522ec9ed37c64e09-2/vscode.lock': Lock acquired.
2024-02-29 16:36:11.406 [info] ExtensionService#_doActivateExtension vscode.tunnel-forwarding, startup: false, activationEvent: 'onTunnel'
2024-02-29 16:36:11.420 [info] ExtensionService#_doActivateExtension vscode.emmet, startup: false, activationEvent: 'onLanguage'
2024-02-29 16:36:11.421 [info] ExtensionService#_doActivateExtension vscode.php-language-features, startup: false, activationEvent: 'onLanguage:php'
2024-02-29 16:36:11.713 [info] ExtensionService#_doActivateExtension vscode.git-base, startup: true, activationEvent: '*', root cause: vscode.git
2024-02-29 16:36:12.057 [info] ExtensionService#_doActivateExtension vscode.git, startup: true, activationEvent: '*'
2024-02-29 16:36:12.058 [info] ExtensionService#_doActivateExtension vscode.github, startup: true, activationEvent: '*'
2024-02-29 16:36:12.924 [info] ExtensionService#_doActivateExtension github.vscode-github-actions, startup: true, activationEvent: 'workspaceContains:**/.github/workflows/**'
2024-02-29 16:36:16.153 [info] Eager extensions activated
2024-02-29 16:36:16.154 [info] ExtensionService#_doActivateExtension vscode.debug-auto-launch, startup: false, activationEvent: 'onStartupFinished'
2024-02-29 16:36:16.155 [info] ExtensionService#_doActivateExtension vscode.merge-conflict, startup: false, activationEvent: 'onStartupFinished'
2024-02-29 19:38:58.073 [info] Extension host terminating: renderer disconnected for too long (1)
2024-02-29 19:38:58.074 [info] Lock '/home/gestcompras/.vscode-server/data/User/workspaceStorage/04a289f844bebcff522ec9ed37c64e09-2/vscode.lock': Marking the lockfile as scheduled to be released in 6000 ms.
2024-02-29 19:38:58.134 [info] Extension host with pid 23180 exiting with code 0
