2024-03-04 14:19:32.402 [warning] /home/gestcompras/.ssh/config: ENOENT: no such file or directory, open '/home/gestcompras/.ssh/config'
2024-03-04 14:19:32.402 [info] Activation> Extension version: 0.82.0
2024-03-04 14:19:33.355 [info] Looking for git repository
2024-03-04 14:19:33.355 [info] Found 0 repositories during activation
2024-03-04 14:19:33.356 [info] Git repository found, initializing review manager and pr tree view.
2024-03-04 14:19:33.370 [info] Registering git provider
2024-03-04 14:19:33.370 [info] Review+0> Validate state in progress
2024-03-04 14:19:33.371 [info] Review+0> Validating state...
2024-03-04 14:19:33.497 [info] Found GitHub remote for folder /home/gestcompras
2024-03-04 14:19:33.977 [info] Trying to use globalState for assignableUsers.
2024-03-04 14:19:34.323 [info] Review+0> No matching pull request metadata found locally for current branch main
2024-03-04 14:19:34.344 [info] Review+0> No matching pull request metadata found on GitHub for current branch main
2024-03-04 14:19:34.531 [info] Using globalState assignableUsers for 1.
2024-03-04 14:19:41.889 [info] Repo state for file:///home/gestcompras changed.
2024-03-04 14:19:41.889 [info] Repo file:///home/gestcompras has already been setup.
2024-03-04 14:22:15.050 [info] Review+0> Validate state in progress
2024-03-04 14:22:15.050 [info] Review+0> Validating state...
2024-03-04 14:22:15.794 [info] Found GitHub remote for folder /home/gestcompras
2024-03-04 14:22:15.799 [info] Using in-memory cached assignable users.
2024-03-04 14:22:15.978 [info] Review+0> No matching pull request metadata found locally for current branch main
2024-03-04 14:22:16.061 [info] Review+0> No matching pull request metadata found on GitHub for current branch main
2024-03-04 14:23:38.849 [info] Review+0> Validate state in progress
2024-03-04 14:23:38.849 [info] Review+0> Validating state...
2024-03-04 14:23:39.089 [info] Found GitHub remote for folder /home/gestcompras
2024-03-04 14:23:39.112 [info] Using in-memory cached assignable users.
2024-03-04 14:23:39.419 [info] Review+0> No matching pull request metadata found locally for current branch main
2024-03-04 14:23:39.900 [info] Review+0> No matching pull request metadata found on GitHub for current branch main
2024-03-04 15:07:18.463 [info] Review+0> Validate state in progress
2024-03-04 15:07:18.463 [info] Review+0> Validating state...
2024-03-04 15:07:18.858 [info] Found GitHub remote for folder /home/gestcompras
2024-03-04 15:07:18.862 [info] Using in-memory cached assignable users.
2024-03-04 15:07:18.925 [info] Review+0> No matching pull request metadata found locally for current branch main
2024-03-04 15:07:19.421 [info] Review+0> No matching pull request metadata found on GitHub for current branch main
2024-03-04 15:07:29.413 [info] Review+0> Validate state in progress
2024-03-04 15:07:29.413 [info] Review+0> Validating state...
2024-03-04 15:07:29.506 [info] Found GitHub remote for folder /home/gestcompras
2024-03-04 15:07:29.507 [info] Using in-memory cached assignable users.
2024-03-04 15:07:29.828 [info] Review+0> No matching pull request metadata found locally for current branch main
2024-03-04 15:07:30.297 [info] Review+0> No matching pull request metadata found on GitHub for current branch main
