2024-02-28 10:25:04.103 [info] Log level: Info
2024-02-28 10:25:04.103 [info] Validating found git in: "git"
2024-02-28 10:25:04.103 [info] Using git "2.25.1" from "git"
2024-02-28 10:25:04.103 [info] > git rev-parse --show-toplevel [4ms]
2024-02-28 10:25:04.103 [info] fatal: not a git repository (or any of the parent directories): .git
2024-02-28 10:25:04.104 [info] > git rev-parse --show-toplevel [2ms]
2024-02-28 10:25:04.104 [info] fatal: not a git repository (or any of the parent directories): .git
2024-02-28 10:25:04.104 [info] > git rev-parse --show-toplevel [5ms]
2024-02-28 10:25:04.104 [info] fatal: not a git repository (or any of the parent directories): .git
2024-02-28 10:25:04.106 [info] > git rev-parse --show-toplevel [5ms]
2024-02-28 10:25:04.107 [info] fatal: not a git repository (or any of the parent directories): .git
2024-02-28 10:25:04.115 [info] > git rev-parse --show-toplevel [3ms]
2024-02-28 10:25:04.116 [info] fatal: not a git repository (or any of the parent directories): .git
2024-02-28 10:25:04.126 [info] > git rev-parse --show-toplevel [1ms]
2024-02-28 10:25:04.126 [info] fatal: not a git repository (or any of the parent directories): .git
2024-02-28 10:25:04.135 [info] > git rev-parse --show-toplevel [2ms]
2024-02-28 10:25:04.136 [info] fatal: not a git repository (or any of the parent directories): .git
2024-02-28 10:25:04.145 [info] > git rev-parse --show-toplevel [2ms]
2024-02-28 10:25:04.146 [info] fatal: not a git repository (or any of the parent directories): .git
2024-02-28 10:25:04.167 [info] > git rev-parse --show-toplevel [12ms]
2024-02-28 10:25:04.167 [info] fatal: not a git repository (or any of the parent directories): .git
2024-02-28 10:25:04.196 [info] > git rev-parse --show-toplevel [16ms]
2024-02-28 10:25:04.197 [info] fatal: not a git repository (or any of the parent directories): .git
2024-02-28 10:25:04.231 [info] > git rev-parse --show-toplevel [3ms]
2024-02-28 10:25:04.231 [info] fatal: not a git repository (or any of the parent directories): .git
2024-02-28 10:25:04.242 [info] > git rev-parse --show-toplevel [2ms]
2024-02-28 10:25:04.242 [info] fatal: not a git repository (or any of the parent directories): .git
2024-02-28 10:25:04.252 [info] > git rev-parse --show-toplevel [3ms]
2024-02-28 10:25:04.252 [info] fatal: not a git repository (or any of the parent directories): .git
2024-02-28 10:25:04.262 [info] > git rev-parse --show-toplevel [2ms]
2024-02-28 10:25:04.263 [info] fatal: not a git repository (or any of the parent directories): .git
2024-02-28 10:25:04.273 [info] > git rev-parse --show-toplevel [3ms]
2024-02-28 10:25:04.274 [info] fatal: not a git repository (or any of the parent directories): .git
2024-02-28 10:25:04.285 [info] > git rev-parse --show-toplevel [3ms]
2024-02-28 10:25:04.286 [info] fatal: not a git repository (or any of the parent directories): .git
2024-02-28 10:25:24.240 [info] > git rev-parse --show-toplevel [11ms]
2024-02-28 10:25:24.241 [info] fatal: not a git repository (or any of the parent directories): .git
2024-02-28 10:30:50.772 [info] > git rev-parse --show-toplevel [45ms]
2024-02-28 10:30:50.773 [info] fatal: not a git repository (or any of the parent directories): .git
2024-02-28 10:30:50.798 [info] > git rev-parse --show-toplevel [5ms]
2024-02-28 10:30:50.798 [info] fatal: not a git repository (or any of the parent directories): .git
2024-02-28 10:31:18.643 [info] > git rev-parse --show-toplevel [12ms]
2024-02-28 10:31:18.644 [info] fatal: not a git repository (or any of the parent directories): .git
2024-02-28 10:31:30.320 [info] > git rev-parse --show-toplevel [11ms]
2024-02-28 10:31:30.321 [info] fatal: not a git repository (or any of the parent directories): .git
2024-02-28 10:36:08.301 [info] > git rev-parse --show-toplevel [36ms]
2024-02-28 10:36:08.309 [info] fatal: not a git repository (or any of the parent directories): .git
2024-02-28 10:36:56.029 [info] > git rev-parse --show-toplevel [3ms]
2024-02-28 10:36:56.029 [info] fatal: not a git repository (or any of the parent directories): .git
2024-02-28 10:37:05.393 [info] > git rev-parse --show-toplevel [4ms]
2024-02-28 10:37:05.394 [info] fatal: not a git repository (or any of the parent directories): .git
2024-02-28 11:07:08.063 [info] > git rev-parse --show-toplevel [7ms]
2024-02-28 11:07:08.119 [info] fatal: not a git repository (or any of the parent directories): .git
2024-02-28 11:07:45.761 [info] > git rev-parse --show-toplevel [3ms]
2024-02-28 11:07:45.761 [info] fatal: not a git repository (or any of the parent directories): .git
2024-02-28 11:08:16.569 [info] > git rev-parse --show-toplevel [3ms]
2024-02-28 11:08:16.570 [info] fatal: not a git repository (or any of the parent directories): .git
2024-02-28 11:09:02.984 [info] > git rev-parse --show-toplevel [3ms]
2024-02-28 11:09:02.984 [info] fatal: not a git repository (or any of the parent directories): .git
2024-02-28 11:20:01.843 [info] > git rev-parse --show-toplevel [6ms]
2024-02-28 11:20:01.844 [info] fatal: not a git repository (or any of the parent directories): .git
