0 verbose cli /usr/bin/node /usr/bin/npm
1 info using npm@8.19.4
2 info using node@v16.20.2
3 timing npm:load:whichnode Completed in 0ms
4 timing config:load:defaults Completed in 12ms
5 timing config:load:file:/usr/lib/node_modules/npm/npmrc Completed in 32ms
6 timing config:load:builtin Completed in 32ms
7 timing config:load:cli Completed in 6ms
8 timing config:load:env Completed in 1ms
9 timing config:load:file:/home/gestcompras/.cache/typescript/5.3/.npmrc Completed in 0ms
10 timing config:load:project Completed in 19ms
11 timing config:load:file:/home/gestcompras/.npmrc Completed in 1ms
12 timing config:load:user Completed in 1ms
13 timing config:load:file:/usr/etc/npmrc Completed in 0ms
14 timing config:load:global Completed in 1ms
15 timing config:load:validate Completed in 0ms
16 timing config:load:credentials Completed in 4ms
17 timing config:load:setEnvs Completed in 3ms
18 timing config:load Completed in 81ms
19 timing npm:load:configload Completed in 82ms
20 timing npm:load:mkdirpcache Completed in 2ms
21 timing npm:load:mkdirplogs Completed in 1ms
22 verbose title npm install types-registry@latest
23 verbose argv "install" "--ignore-scripts" "types-registry@latest"
24 timing npm:load:setTitle Completed in 3ms
25 timing config:load:flatten Completed in 8ms
26 timing npm:load:display Completed in 10ms
27 verbose logfile logs-max:10 dir:/home/gestcompras/.npm/_logs
28 verbose logfile /home/gestcompras/.npm/_logs/2024-02-21T08_58_36_946Z-debug-0.log
29 timing npm:load:logFile Completed in 19ms
30 timing npm:load:timers Completed in 0ms
31 timing npm:load:configScope Completed in 1ms
32 timing npm:load Completed in 120ms
33 timing arborist:ctor Completed in 2ms
34 silly logfile done cleaning log files
35 timing idealTree:init Completed in 190ms
36 timing arborist:ctor Completed in 0ms
37 http fetch GET 200 https://registry.npmjs.org/npm 522ms (cache revalidated)
38 http fetch GET 200 https://registry.npmjs.org/types-registry 391ms (cache updated)
39 timing idealTree:userRequests Completed in 410ms
40 silly idealTree buildDeps
41 silly fetch manifest types-registry@0.1.684
42 silly placeDep ROOT types-registry@0.1.684 REPLACE for:  want: 0.1.684
43 timing idealTree:#root Completed in 11ms
44 timing idealTree:node_modules/types-registry Completed in 1ms
45 timing idealTree:buildDeps Completed in 13ms
46 timing idealTree:fixDepFlags Completed in 1ms
47 timing idealTree Completed in 619ms
48 timing reify:loadTrees Completed in 620ms
49 timing reify:diffTrees Completed in 7ms
50 silly reify mark retired [
50 silly reify   '/home/gestcompras/.cache/typescript/5.3/node_modules/types-registry'
50 silly reify ]
51 silly reify moves {
51 silly reify   '/home/gestcompras/.cache/typescript/5.3/node_modules/types-registry': '/home/gestcompras/.cache/typescript/5.3/node_modules/.types-registry-GpLDXHnN'
51 silly reify }
52 timing reify:retireShallow Completed in 7ms
53 timing reify:createSparse Completed in 3ms
54 timing reify:loadBundles Completed in 0ms
55 silly audit bulk request {
55 silly audit   '@babel/helper-string-parser': [ '7.23.4' ],
55 silly audit   '@babel/helper-validator-identifier': [ '7.22.20' ],
55 silly audit   '@babel/parser': [ '7.23.9' ],
55 silly audit   '@babel/types': [ '7.23.9' ],
55 silly audit   '@popperjs/core': [ '2.11.8' ],
55 silly audit   '@types/babel__core': [ '7.20.5' ],
55 silly audit   '@types/babel__generator': [ '7.6.8' ],
55 silly audit   '@types/babel__preset-env': [ '7.9.6' ],
55 silly audit   '@types/babel__template': [ '7.4.4' ],
55 silly audit   '@types/babel__traverse': [ '7.20.5' ],
55 silly audit   '@types/bootstrap': [ '5.2.10' ],
55 silly audit   '@types/bootstrap-colorpicker': [ '2.5.7' ],
55 silly audit   '@types/bootstrap-slider': [ '11.0.6' ],
55 silly audit   '@types/bootstrap-switch': [ '0.0.36' ],
55 silly audit   '@types/browser-sync': [ '2.29.0' ],
55 silly audit   '@types/chart.js': [ '2.9.41' ],
55 silly audit   '@types/codemirror': [ '5.60.15' ],
55 silly audit   '@types/datatables.net': [ '1.10.28' ],
55 silly audit   '@types/daterangepicker': [ '3.1.8' ],
55 silly audit   '@types/dropzone': [ '5.7.8' ],
55 silly audit   '@types/eslint': [ '8.56.2' ],
55 silly audit   '@types/estree': [ '1.0.5' ],
55 silly audit   '@types/fastclick': [ '1.0.33' ],
55 silly audit   '@types/flot': [ '0.0.36' ],
55 silly audit   '@types/fs-extra': [ '11.0.4' ],
55 silly audit   '@types/http-errors': [ '2.0.4' ],
55 silly audit   '@types/inputmask': [ '5.0.7' ],
55 silly audit   '@types/ion-rangeslider': [ '2.3.5' ],
55 silly audit   '@types/jquery': [ '3.5.29' ],
55 silly audit   '@types/jquery-mousewheel': [ '3.1.12' ],
55 silly audit   '@types/json-schema': [ '7.0.15' ],
55 silly audit   '@types/jsonfile': [ '6.1.4' ],
55 silly audit   '@types/micromatch': [ '2.3.35' ],
55 silly audit   '@types/mime': [ '3.0.4' ],
55 silly audit   '@types/node': [ '20.11.16' ],
55 silly audit   '@types/node-sass': [ '4.11.7' ],
55 silly audit   '@types/nodemon': [ '1.19.6' ],
55 silly audit   '@types/overlayscrollbars': [ '1.12.5' ],
55 silly audit   '@types/parse-glob': [ '3.0.32' ],
55 silly audit   '@types/pdfkit': [ '0.13.3' ],
55 silly audit   '@types/pdfmake': [ '0.2.9' ],
55 silly audit   '@types/raphael': [ '2.3.9' ],
55 silly audit   '@types/select2': [ '4.0.63' ],
55 silly audit   '@types/serve-static': [ '1.15.5' ],
55 silly audit   '@types/sizzle': [ '2.3.8' ],
55 silly audit   '@types/summernote': [ '0.8.10' ],
55 silly audit   '@types/tern': [ '0.23.9' ],
55 silly audit   '@types/toastr': [ '2.1.43' ],
55 silly audit   '@types/vnu-jar': [ '17.11.2' ],
55 silly audit   anymatch: [ '3.1.3' ],
55 silly audit   'binary-extensions': [ '2.2.0' ],
55 silly audit   braces: [ '3.0.2' ],
55 silly audit   chokidar: [ '3.6.0' ],
55 silly audit   'fill-range': [ '7.0.1' ],
55 silly audit   fsevents: [ '2.3.3' ],
55 silly audit   'glob-parent': [ '5.1.2' ],
55 silly audit   'is-binary-path': [ '2.1.0' ],
55 silly audit   'is-extglob': [ '2.1.1' ],
55 silly audit   'is-glob': [ '4.0.3' ],
55 silly audit   'is-number': [ '7.0.0' ],
55 silly audit   moment: [ '2.30.1' ],
55 silly audit   'normalize-path': [ '3.0.0' ],
55 silly audit   picomatch: [ '2.3.1' ],
55 silly audit   readdirp: [ '3.6.0' ],
55 silly audit   'to-fast-properties': [ '2.0.0' ],
55 silly audit   'to-regex-range': [ '5.0.1' ],
55 silly audit   'undici-types': [ '5.26.5' ],
55 silly audit   'types-registry': [ '0.1.684' ]
55 silly audit }
56 verbose reify failed optional dependency /home/gestcompras/.cache/typescript/5.3/node_modules/fsevents
57 silly reify mark deleted [ '/home/gestcompras/.cache/typescript/5.3/node_modules/fsevents' ]
58 timing reifyNode:node_modules/fsevents Completed in 8ms
59 silly tarball no local data for types-registry@https://registry.npmjs.org/types-registry/-/types-registry-0.1.684.tgz. Extracting by manifest.
60 http fetch POST 200 https://registry.npmjs.org/-/npm/v1/security/advisories/bulk 214ms
61 timing auditReport:getReport Completed in 220ms
62 silly audit report {}
63 timing auditReport:init Completed in 0ms
64 timing reify:audit Completed in 221ms
65 http fetch GET 200 https://registry.npmjs.org/types-registry/-/types-registry-0.1.684.tgz 209ms (cache miss)
66 timing reifyNode:node_modules/types-registry Completed in 223ms
67 timing reify:unpack Completed in 224ms
68 timing reify:unretire Completed in 0ms
69 timing build:queue Completed in 1ms
70 timing build:deps Completed in 2ms
71 timing build Completed in 2ms
72 timing reify:build Completed in 3ms
73 timing reify:trash Completed in 29ms
74 timing reify:save Completed in 61ms
75 timing reify Completed in 1022ms
76 silly ADD
77 silly CHANGE node_modules/types-registry
78 timing command:install Completed in 1037ms
79 notice
79 notice New major version of npm available! 8.19.4 -> 10.4.0
79 notice Changelog: <https://github.com/npm/cli/releases/tag/v10.4.0>
79 notice Run `npm install -g npm@10.4.0` to update!
79 notice
80 verbose exit 0
81 timing npm Completed in 1637ms
82 info ok
