0 verbose cli /usr/bin/node /usr/bin/npm
1 info using npm@8.19.4
2 info using node@v16.20.2
3 timing npm:load:whichnode Completed in 1ms
4 timing config:load:defaults Completed in 11ms
5 timing config:load:file:/usr/lib/node_modules/npm/npmrc Completed in 2ms
6 timing config:load:builtin Completed in 2ms
7 timing config:load:cli Completed in 8ms
8 timing config:load:env Completed in 1ms
9 timing config:load:file:/home/gestcompras/.cache/typescript/5.3/.npmrc Completed in 0ms
10 timing config:load:project Completed in 21ms
11 timing config:load:file:/home/gestcompras/.npmrc Completed in 1ms
12 timing config:load:user Completed in 1ms
13 timing config:load:file:/usr/etc/npmrc Completed in 0ms
14 timing config:load:global Completed in 1ms
15 timing config:load:validate Completed in 0ms
16 timing config:load:credentials Completed in 8ms
17 timing config:load:setEnvs Completed in 3ms
18 timing config:load Completed in 57ms
19 timing npm:load:configload Completed in 58ms
20 timing npm:load:mkdirpcache Completed in 14ms
21 timing npm:load:mkdirplogs Completed in 2ms
22 verbose title npm install types-registry@latest
23 verbose argv "install" "--ignore-scripts" "types-registry@latest"
24 timing npm:load:setTitle Completed in 3ms
25 timing config:load:flatten Completed in 8ms
26 timing npm:load:display Completed in 11ms
27 verbose logfile logs-max:10 dir:/home/gestcompras/.npm/_logs
28 verbose logfile /home/gestcompras/.npm/_logs/2024-02-21T11_11_01_286Z-debug-0.log
29 timing npm:load:logFile Completed in 15ms
30 timing npm:load:timers Completed in 1ms
31 timing npm:load:configScope Completed in 0ms
32 timing npm:load Completed in 105ms
33 timing arborist:ctor Completed in 2ms
34 silly logfile done cleaning log files
35 timing idealTree:init Completed in 208ms
36 timing arborist:ctor Completed in 1ms
37 http fetch GET 200 https://registry.npmjs.org/types-registry 5409ms (cache revalidated)
38 timing idealTree:userRequests Completed in 5431ms
39 silly idealTree buildDeps
40 silly fetch manifest types-registry@0.1.684
41 silly placeDep ROOT types-registry@0.1.684 REPLACE for:  want: 0.1.684
42 timing idealTree:#root Completed in 12ms
43 timing idealTree:node_modules/types-registry Completed in 0ms
44 timing idealTree:buildDeps Completed in 14ms
45 timing idealTree:fixDepFlags Completed in 1ms
46 timing idealTree Completed in 5660ms
47 timing reify:loadTrees Completed in 5662ms
48 timing reify:diffTrees Completed in 9ms
49 silly reify moves {}
50 timing reify:retireShallow Completed in 2ms
51 timing reify:createSparse Completed in 2ms
52 timing reify:loadBundles Completed in 0ms
53 silly audit bulk request {
53 silly audit   '@babel/helper-string-parser': [ '7.23.4' ],
53 silly audit   '@babel/helper-validator-identifier': [ '7.22.20' ],
53 silly audit   '@babel/parser': [ '7.23.9' ],
53 silly audit   '@babel/types': [ '7.23.9' ],
53 silly audit   '@popperjs/core': [ '2.11.8' ],
53 silly audit   '@types/babel__core': [ '7.20.5' ],
53 silly audit   '@types/babel__generator': [ '7.6.8' ],
53 silly audit   '@types/babel__preset-env': [ '7.9.6' ],
53 silly audit   '@types/babel__template': [ '7.4.4' ],
53 silly audit   '@types/babel__traverse': [ '7.20.5' ],
53 silly audit   '@types/bootstrap': [ '5.2.10' ],
53 silly audit   '@types/bootstrap-colorpicker': [ '2.5.7' ],
53 silly audit   '@types/bootstrap-slider': [ '11.0.6' ],
53 silly audit   '@types/bootstrap-switch': [ '0.0.36' ],
53 silly audit   '@types/browser-sync': [ '2.29.0' ],
53 silly audit   '@types/chart.js': [ '2.9.41' ],
53 silly audit   '@types/codemirror': [ '5.60.15' ],
53 silly audit   '@types/datatables.net': [ '1.10.28' ],
53 silly audit   '@types/daterangepicker': [ '3.1.8' ],
53 silly audit   '@types/dropzone': [ '5.7.8' ],
53 silly audit   '@types/eslint': [ '8.56.2' ],
53 silly audit   '@types/estree': [ '1.0.5' ],
53 silly audit   '@types/fastclick': [ '1.0.33' ],
53 silly audit   '@types/flot': [ '0.0.36' ],
53 silly audit   '@types/fs-extra': [ '11.0.4' ],
53 silly audit   '@types/http-errors': [ '2.0.4' ],
53 silly audit   '@types/inputmask': [ '5.0.7' ],
53 silly audit   '@types/ion-rangeslider': [ '2.3.5' ],
53 silly audit   '@types/jquery': [ '3.5.29' ],
53 silly audit   '@types/jquery-mousewheel': [ '3.1.12' ],
53 silly audit   '@types/json-schema': [ '7.0.15' ],
53 silly audit   '@types/jsonfile': [ '6.1.4' ],
53 silly audit   '@types/micromatch': [ '2.3.35' ],
53 silly audit   '@types/mime': [ '3.0.4' ],
53 silly audit   '@types/node': [ '20.11.16' ],
53 silly audit   '@types/node-sass': [ '4.11.7' ],
53 silly audit   '@types/nodemon': [ '1.19.6' ],
53 silly audit   '@types/overlayscrollbars': [ '1.12.5' ],
53 silly audit   '@types/parse-glob': [ '3.0.32' ],
53 silly audit   '@types/pdfkit': [ '0.13.3' ],
53 silly audit   '@types/pdfmake': [ '0.2.9' ],
53 silly audit   '@types/raphael': [ '2.3.9' ],
53 silly audit   '@types/select2': [ '4.0.63' ],
53 silly audit   '@types/serve-static': [ '1.15.5' ],
53 silly audit   '@types/sizzle': [ '2.3.8' ],
53 silly audit   '@types/summernote': [ '0.8.10' ],
53 silly audit   '@types/tern': [ '0.23.9' ],
53 silly audit   '@types/toastr': [ '2.1.43' ],
53 silly audit   '@types/vnu-jar': [ '17.11.2' ],
53 silly audit   anymatch: [ '3.1.3' ],
53 silly audit   'binary-extensions': [ '2.2.0' ],
53 silly audit   braces: [ '3.0.2' ],
53 silly audit   chokidar: [ '3.6.0' ],
53 silly audit   'fill-range': [ '7.0.1' ],
53 silly audit   fsevents: [ '2.3.3' ],
53 silly audit   'glob-parent': [ '5.1.2' ],
53 silly audit   'is-binary-path': [ '2.1.0' ],
53 silly audit   'is-extglob': [ '2.1.1' ],
53 silly audit   'is-glob': [ '4.0.3' ],
53 silly audit   'is-number': [ '7.0.0' ],
53 silly audit   moment: [ '2.30.1' ],
53 silly audit   'normalize-path': [ '3.0.0' ],
53 silly audit   picomatch: [ '2.3.1' ],
53 silly audit   readdirp: [ '3.6.0' ],
53 silly audit   'to-fast-properties': [ '2.0.0' ],
53 silly audit   'to-regex-range': [ '5.0.1' ],
53 silly audit   'undici-types': [ '5.26.5' ],
53 silly audit   'types-registry': [ '0.1.684' ]
53 silly audit }
54 verbose reify failed optional dependency /home/gestcompras/.cache/typescript/5.3/node_modules/fsevents
55 silly reify mark deleted [ '/home/gestcompras/.cache/typescript/5.3/node_modules/fsevents' ]
56 timing reifyNode:node_modules/fsevents Completed in 5ms
57 timing reify:unpack Completed in 6ms
58 timing reify:unretire Completed in 0ms
59 timing build:queue Completed in 1ms
60 timing build:deps Completed in 3ms
61 timing build Completed in 3ms
62 timing reify:build Completed in 4ms
63 timing reify:trash Completed in 1ms
64 timing reify:save Completed in 57ms
65 http fetch POST 200 https://registry.npmjs.org/-/npm/v1/security/advisories/bulk 219ms
66 timing auditReport:getReport Completed in 226ms
67 silly audit report {}
68 timing auditReport:init Completed in 0ms
69 timing reify:audit Completed in 227ms
70 timing reify Completed in 5915ms
71 silly ADD
72 timing command:install Completed in 5929ms
73 verbose exit 0
74 timing npm Completed in 6695ms
75 info ok
