0 verbose cli /usr/bin/node /usr/bin/npm
1 info using npm@8.19.4
2 info using node@v16.20.2
3 timing npm:load:whichnode Completed in 0ms
4 timing config:load:defaults Completed in 8ms
5 timing config:load:file:/usr/lib/node_modules/npm/npmrc Completed in 2ms
6 timing config:load:builtin Completed in 2ms
7 timing config:load:cli Completed in 5ms
8 timing config:load:env Completed in 1ms
9 timing config:load:file:/home/gestcompras/.cache/typescript/5.3/.npmrc Completed in 0ms
10 timing config:load:project Completed in 26ms
11 timing config:load:file:/home/gestcompras/.npmrc Completed in 0ms
12 timing config:load:user Completed in 1ms
13 timing config:load:file:/usr/etc/npmrc Completed in 3ms
14 timing config:load:global Completed in 3ms
15 timing config:load:validate Completed in 4ms
16 timing config:load:credentials Completed in 5ms
17 timing config:load:setEnvs Completed in 2ms
18 timing config:load Completed in 58ms
19 timing npm:load:configload Completed in 58ms
20 timing npm:load:mkdirpcache Completed in 2ms
21 timing npm:load:mkdirplogs Completed in 9ms
22 verbose title npm install types-registry@latest
23 verbose argv "install" "--ignore-scripts" "types-registry@latest"
24 timing npm:load:setTitle Completed in 3ms
25 timing config:load:flatten Completed in 11ms
26 timing npm:load:display Completed in 15ms
27 verbose logfile logs-max:10 dir:/home/gestcompras/.npm/_logs
28 verbose logfile /home/gestcompras/.npm/_logs/2024-02-07T09_17_30_511Z-debug-0.log
29 timing npm:load:logFile Completed in 13ms
30 timing npm:load:timers Completed in 1ms
31 timing npm:load:configScope Completed in 0ms
32 timing npm:load Completed in 105ms
33 timing arborist:ctor Completed in 2ms
34 silly logfile done cleaning log files
35 timing arborist:ctor Completed in 0ms
36 timing idealTree:init Completed in 32ms
37 http fetch GET 200 https://registry.npmjs.org/types-registry 250ms (cache miss)
38 timing idealTree:userRequests Completed in 271ms
39 silly idealTree buildDeps
40 silly fetch manifest types-registry@0.1.682
41 silly placeDep ROOT types-registry@0.1.682 OK for:  want: 0.1.682
42 timing idealTree:#root Completed in 13ms
43 timing idealTree:node_modules/types-registry Completed in 0ms
44 timing idealTree:buildDeps Completed in 15ms
45 timing idealTree:fixDepFlags Completed in 1ms
46 timing idealTree Completed in 320ms
47 timing reify:loadTrees Completed in 322ms
48 timing reify:diffTrees Completed in 2ms
49 silly reify moves {}
50 timing reify:retireShallow Completed in 2ms
51 timing reify:createSparse Completed in 4ms
52 timing reify:loadBundles Completed in 0ms
53 silly audit bulk request { 'types-registry': [ '0.1.682' ] }
54 silly tarball no local data for types-registry@https://registry.npmjs.org/types-registry/-/types-registry-0.1.682.tgz. Extracting by manifest.
55 http fetch GET 200 https://registry.npmjs.org/npm 444ms (cache miss)
56 http fetch POST 200 https://registry.npmjs.org/-/npm/v1/security/advisories/bulk 205ms
57 timing auditReport:getReport Completed in 209ms
58 silly audit report {}
59 timing auditReport:init Completed in 0ms
60 timing reify:audit Completed in 211ms
61 http fetch GET 200 https://registry.npmjs.org/types-registry/-/types-registry-0.1.682.tgz 220ms (cache miss)
62 timing reifyNode:node_modules/types-registry Completed in 243ms
63 timing reify:unpack Completed in 244ms
64 timing reify:unretire Completed in 1ms
65 timing build:queue Completed in 1ms
66 timing build:deps Completed in 2ms
67 timing build Completed in 2ms
68 timing reify:build Completed in 3ms
69 timing reify:trash Completed in 0ms
70 timing reify:save Completed in 11ms
71 timing reify Completed in 700ms
72 silly ADD node_modules/types-registry
73 timing command:install Completed in 713ms
74 notice
74 notice New major version of npm available! 8.19.4 -> 10.4.0
74 notice Changelog: <https://github.com/npm/cli/releases/tag/v10.4.0>
74 notice Run `npm install -g npm@10.4.0` to update!
74 notice
75 verbose exit 0
76 timing npm Completed in 1291ms
77 info ok
