2024-03-04 14:19:21.016 [info] Extension host with pid 377570 started
2024-03-04 14:19:21.047 [info] Lock '/home/gestcompras/.vscode-server/data/User/workspaceStorage/04a289f844bebcff522ec9ed37c64e09/vscode.lock': Lock acquired.
2024-03-04 14:19:21.366 [info] ExtensionService#_doActivateExtension vscode.emmet, startup: false, activationEvent: 'onLanguage'
2024-03-04 14:19:21.368 [info] ExtensionService#_doActivateExtension vscode.tunnel-forwarding, startup: false, activationEvent: 'onTunnel'
2024-03-04 14:19:21.627 [info] ExtensionService#_doActivateExtension vscode.git-base, startup: true, activationEvent: '*', root cause: vscode.git
2024-03-04 14:19:21.889 [info] ExtensionService#_doActivateExtension vscode.git, startup: true, activationEvent: '*'
2024-03-04 14:19:21.904 [info] ExtensionService#_doActivateExtension vscode.github, startup: true, activationEvent: '*'
2024-03-04 14:19:22.510 [info] ExtensionService#_doActivateExtension github.vscode-github-actions, startup: true, activationEvent: 'workspaceContains:**/.github/workflows/**'
2024-03-04 14:19:31.633 [info] ExtensionService#_doActivateExtension vscode.debug-auto-launch, startup: false, activationEvent: 'onStartupFinished'
2024-03-04 14:19:31.635 [info] ExtensionService#_doActivateExtension vscode.merge-conflict, startup: false, activationEvent: 'onStartupFinished'
2024-03-04 14:19:31.917 [info] ExtensionService#_doActivateExtension GitHub.vscode-pull-request-github, startup: false, activationEvent: 'onStartupFinished'
2024-03-04 14:19:41.850 [warning] [Decorations] CAPPING events from decorations provider vscode.git 10001
2024-03-04 14:19:45.615 [warning] [Decorations] CAPPING events from decorations provider vscode.git 10001
2024-03-04 14:19:51.274 [info] Eager extensions activated
2024-03-04 14:19:55.558 [warning] [Decorations] CAPPING events from decorations provider vscode.git 10001
2024-03-04 14:22:15.007 [warning] [Decorations] CAPPING events from decorations provider vscode.git 10178
2024-03-04 14:23:46.229 [info] ExtensionService#_doActivateExtension vscode.json-language-features, startup: false, activationEvent: 'onLanguage:jsonc'
2024-03-04 14:23:46.231 [info] ExtensionService#_doActivateExtension vscode.typescript-language-features, startup: false, activationEvent: 'onLanguage:jsonc'
2024-03-04 14:25:07.903 [info] ExtensionService#_doActivateExtension vscode.php-language-features, startup: false, activationEvent: 'onLanguage:php'
2024-03-04 14:25:29.906 [info] ExtensionService#_doActivateExtension vscode.npm, startup: false, activationEvent: 'onTerminalQuickFixRequest:ms-vscode.npm-command'
