2024-02-29 09:10:50.019 [info] Extension host with pid 196997 started
2024-02-29 09:10:50.020 [error] Error: EEXIST: file already exists, open '/home/gestcompras/.vscode-server/data/User/workspaceStorage/67a8a8e49481e1ba7de75b9482670bbb/vscode.lock'
2024-02-29 09:10:50.033 [info] Lock '/home/gestcompras/.vscode-server/data/User/workspaceStorage/67a8a8e49481e1ba7de75b9482670bbb/vscode.lock': Could not acquire lock, checking if the file is stale.
2024-02-29 09:10:50.056 [info] Lock '/home/gestcompras/.vscode-server/data/User/workspaceStorage/67a8a8e49481e1ba7de75b9482670bbb/vscode.lock': The lock does not look stale, elapsed: 90 ms, giving up.
2024-02-29 09:10:50.057 [error] Error: EEXIST: file already exists, open '/home/gestcompras/.vscode-server/data/User/workspaceStorage/67a8a8e49481e1ba7de75b9482670bbb-1/vscode.lock'
2024-02-29 09:10:50.099 [info] Lock '/home/gestcompras/.vscode-server/data/User/workspaceStorage/67a8a8e49481e1ba7de75b9482670bbb-1/vscode.lock': Could not acquire lock, checking if the file is stale.
2024-02-29 09:10:50.100 [info] Lock '/home/gestcompras/.vscode-server/data/User/workspaceStorage/67a8a8e49481e1ba7de75b9482670bbb-1/vscode.lock': The lock does not look stale, elapsed: 566 ms, giving up.
2024-02-29 09:10:50.103 [error] Error: EEXIST: file already exists, open '/home/gestcompras/.vscode-server/data/User/workspaceStorage/67a8a8e49481e1ba7de75b9482670bbb-2/vscode.lock'
2024-02-29 09:10:50.106 [info] Lock '/home/gestcompras/.vscode-server/data/User/workspaceStorage/67a8a8e49481e1ba7de75b9482670bbb-2/vscode.lock': Could not acquire lock, checking if the file is stale.
2024-02-29 09:10:50.109 [info] Lock '/home/gestcompras/.vscode-server/data/User/workspaceStorage/67a8a8e49481e1ba7de75b9482670bbb-2/vscode.lock': The lock does not look stale, elapsed: 668 ms, giving up.
2024-02-29 09:10:50.219 [info] ExtensionService#_doActivateExtension vscode.emmet, startup: false, activationEvent: 'onLanguage'
2024-02-29 09:10:50.236 [info] ExtensionService#_doActivateExtension vscode.php-language-features, startup: false, activationEvent: 'onLanguage:php'
2024-02-29 09:10:51.354 [info] ExtensionService#_doActivateExtension vscode.git-base, startup: true, activationEvent: '*', root cause: vscode.git
2024-02-29 09:10:51.407 [info] Lock '/home/gestcompras/.vscode-server/data/User/workspaceStorage/67a8a8e49481e1ba7de75b9482670bbb-3/vscode.lock': Lock acquired.
2024-02-29 09:10:51.489 [info] ExtensionService#_doActivateExtension vscode.git, startup: true, activationEvent: '*'
2024-02-29 09:10:51.491 [info] ExtensionService#_doActivateExtension vscode.github, startup: true, activationEvent: '*'
2024-02-29 09:10:52.494 [info] ExtensionService#_doActivateExtension github.vscode-github-actions, startup: true, activationEvent: 'workspaceContains:**/.github/workflows/**'
2024-02-29 09:10:54.492 [info] Eager extensions activated
2024-02-29 09:10:54.492 [info] ExtensionService#_doActivateExtension vscode.debug-auto-launch, startup: false, activationEvent: 'onStartupFinished'
2024-02-29 09:10:54.494 [info] ExtensionService#_doActivateExtension vscode.merge-conflict, startup: false, activationEvent: 'onStartupFinished'
2024-02-29 09:17:31.130 [info] Extension host terminating: renderer disconnected for too long (2)
2024-02-29 09:17:31.156 [info] Lock '/home/gestcompras/.vscode-server/data/User/workspaceStorage/67a8a8e49481e1ba7de75b9482670bbb-3/vscode.lock': Marking the lockfile as scheduled to be released in 6000 ms.
2024-02-29 09:17:31.215 [info] Extension host with pid 196997 exiting with code 0
