2024-03-04 14:19:23.054 [info] Log level: Info
2024-03-04 14:19:23.054 [info] Validating found git in: "git"
2024-03-04 14:19:23.054 [info] Using git "2.25.1" from "git"
2024-03-04 14:19:23.054 [info] > git rev-parse --show-toplevel [5ms]
2024-03-04 14:19:23.054 [info] > git rev-parse --git-dir --git-common-dir [3ms]
2024-03-04 14:19:23.054 [info] Open repository: /home/gestcompras
2024-03-04 14:19:23.054 [info] > git rev-parse --show-toplevel [19ms]
2024-03-04 14:19:23.054 [info] > git config --get commit.template [28ms]
2024-03-04 14:19:23.054 [info] > git for-each-ref --format=%(refname)%00%(upstream:short)%00%(objectname)%00%(upstream:track)%00%(upstream:remotename)%00%(upstream:remoteref) refs/heads/main refs/remotes/main [6ms]
2024-03-04 14:19:23.054 [warning] No such branch: main.
2024-03-04 14:19:23.054 [info] > git rev-parse --show-toplevel [47ms]
2024-03-04 14:19:23.054 [info] > git rev-parse --show-toplevel [42ms]
2024-03-04 14:19:23.054 [info] > git rev-parse --show-toplevel [13ms]
2024-03-04 14:19:23.065 [info] > git rev-parse --show-toplevel [11ms]
2024-03-04 14:19:23.079 [info] > git rev-parse --show-toplevel [5ms]
2024-03-04 14:19:23.091 [info] > git rev-parse --show-toplevel [3ms]
2024-03-04 14:19:23.110 [info] > git rev-parse --show-toplevel [10ms]
2024-03-04 14:19:23.133 [info] > git status -z -uall [210ms] (cancelled)
2024-03-04 14:19:23.134 [info] > git rev-parse --show-toplevel [14ms]
2024-03-04 14:19:23.148 [info] > git rev-parse --show-toplevel [2ms]
2024-03-04 14:19:23.159 [info] > git rev-parse --show-toplevel [2ms]
2024-03-04 14:19:23.169 [info] > git rev-parse --show-toplevel [2ms]
2024-03-04 14:19:23.179 [info] > git rev-parse --show-toplevel [1ms]
2024-03-04 14:19:23.189 [info] > git rev-parse --show-toplevel [2ms]
2024-03-04 14:19:23.200 [info] > git rev-parse --show-toplevel [2ms]
2024-03-04 14:19:23.611 [info] > git check-ignore -v -z --stdin [35ms]
2024-03-04 14:19:24.700 [info] > git check-ignore -v -z --stdin [219ms]
2024-03-04 14:19:34.311 [info] > git config --local branch.main.github-pr-owner-number [315ms]
2024-03-04 14:19:34.311 [warning] git config failed: Failed to execute git
2024-03-04 14:19:34.326 [info] > git config --local branch.main.remote [2ms]
2024-03-04 14:19:34.326 [warning] git config failed: Failed to execute git
2024-03-04 14:19:34.341 [info] > git config --local branch.main.merge [4ms]
2024-03-04 14:19:34.341 [warning] git config failed: Failed to execute git
2024-03-04 14:19:44.986 [info] > git config --get commit.template [30ms]
2024-03-04 14:19:45.035 [info] > git for-each-ref --format=%(refname)%00%(upstream:short)%00%(objectname)%00%(upstream:track)%00%(upstream:remotename)%00%(upstream:remoteref) refs/heads/main refs/remotes/main [15ms]
2024-03-04 14:19:45.036 [warning] No such branch: main.
2024-03-04 14:19:49.435 [info] > git status -z -uall [4354ms] (cancelled)
2024-03-04 14:19:52.485 [info] > git check-ignore -v -z --stdin [26ms]
2024-03-04 14:19:55.036 [info] > git -c user.useConfigOnly=true commit --quiet --allow-empty-message --file - [136ms]
2024-03-04 14:19:55.037 [info] 
*** Please tell me who you are.

Run

  git config --global user.email "you@example.com"
  git config --global user.name "Your Name"

to set your account's default identity.
Omit --global to set the identity only in this repository.

fatal: no email was given and auto-detection is disabled
2024-03-04 14:19:55.059 [info] > git config --get-all user.name [3ms]
2024-03-04 14:19:55.104 [info] > git config --get commit.template [22ms]
2024-03-04 14:19:55.105 [info] > git for-each-ref --format=%(refname)%00%(upstream:short)%00%(objectname)%00%(upstream:track)%00%(upstream:remotename)%00%(upstream:remoteref) refs/heads/main refs/remotes/main [3ms]
2024-03-04 14:19:55.105 [warning] No such branch: main.
2024-03-04 14:19:58.826 [info] > git status -z -uall [3703ms] (cancelled)
2024-03-04 14:22:14.597 [info] > git -c user.useConfigOnly=true commit --quiet --allow-empty-message --file - [212ms]
2024-03-04 14:22:14.622 [info] > git config --get commit.template [4ms]
2024-03-04 14:22:14.674 [info] > git config --get commit.template [24ms]
2024-03-04 14:22:14.676 [info] > git for-each-ref --format=%(refname)%00%(upstream:short)%00%(objectname)%00%(upstream:track)%00%(upstream:remotename)%00%(upstream:remoteref) refs/heads/main refs/remotes/main [6ms]
2024-03-04 14:22:14.909 [info] > git status -z -uall [214ms]
2024-03-04 14:22:15.432 [info] > git push [348ms]
2024-03-04 14:22:15.433 [info] fatal: The current branch main has no upstream branch.
To push the current branch and set the remote as upstream, use

    git push --set-upstream origin main
2024-03-04 14:22:15.456 [info] > git config --get commit.template [4ms]
2024-03-04 14:22:15.485 [info] > git for-each-ref --format=%(refname)%00%(upstream:short)%00%(objectname)%00%(upstream:track)%00%(upstream:remotename)%00%(upstream:remoteref) refs/heads/main refs/remotes/main [10ms]
2024-03-04 14:22:15.700 [info] > git status -z -uall [197ms]
2024-03-04 14:22:15.957 [info] > git config --local branch.main.github-pr-owner-number [136ms]
2024-03-04 14:22:15.957 [warning] git config failed: Failed to execute git
2024-03-04 14:22:15.979 [info] > git for-each-ref --format=%(refname)%00%(upstream:short)%00%(objectname)%00%(upstream:track)%00%(upstream:remotename)%00%(upstream:remoteref) refs/heads/main [188ms]
2024-03-04 14:22:16.000 [info] > git config --local branch.main.remote [22ms]
2024-03-04 14:22:16.000 [warning] git config failed: Failed to execute git
2024-03-04 14:22:16.021 [info] > git for-each-ref --format=%(refname)%00%(upstream:short)%00%(objectname)%00%(upstream:track)%00%(upstream:remotename)%00%(upstream:remoteref) refs/heads/main [25ms]
2024-03-04 14:22:16.059 [info] > git config --local branch.main.merge [40ms]
2024-03-04 14:22:16.059 [warning] git config failed: Failed to execute git
2024-03-04 14:22:16.063 [info] > git config --local branch.main.vscode-merge-base [21ms]
2024-03-04 14:22:16.063 [warning] git config failed: Failed to execute git
2024-03-04 14:22:16.090 [info] > git reflog refs/heads/main --grep-reflog=branch: Created from *. [12ms]
2024-03-04 14:22:16.112 [info] > git symbolic-ref --short refs/remotes/origin/HEAD [7ms]
2024-03-04 14:22:16.112 [info] fatal: ref refs/remotes/origin/HEAD is not a symbolic ref
2024-03-04 14:22:16.113 [info] GitHistoryProvider:resolveHistoryItemGroupBase - Failed to resolve history item group base for 'refs/heads/main'
2024-03-04 14:22:16.113 [info] GitHistoryProvider:resolveHistoryItemGroupCommonAncestor - Failed to resolve history item group base for 'refs/heads/main'
2024-03-04 14:22:16.297 [info] > git check-ignore -v -z --stdin [22ms]
2024-03-04 14:22:16.344 [info] > git for-each-ref --format=%(refname)%00%(upstream:short)%00%(objectname)%00%(upstream:track)%00%(upstream:remotename)%00%(upstream:remoteref) refs/heads/main [7ms]
2024-03-04 14:22:16.465 [info] > git for-each-ref --format=%(refname)%00%(upstream:short)%00%(objectname)%00%(upstream:track)%00%(upstream:remotename)%00%(upstream:remoteref) refs/heads/main [99ms]
2024-03-04 14:22:16.491 [info] > git config --local branch.main.vscode-merge-base [5ms]
2024-03-04 14:22:16.492 [warning] git config failed: Failed to execute git
2024-03-04 14:22:16.517 [info] > git reflog refs/heads/main --grep-reflog=branch: Created from *. [5ms]
2024-03-04 14:22:16.544 [info] > git symbolic-ref --short refs/remotes/origin/HEAD [8ms]
2024-03-04 14:22:16.544 [info] fatal: ref refs/remotes/origin/HEAD is not a symbolic ref
2024-03-04 14:22:16.545 [info] GitHistoryProvider:resolveHistoryItemGroupBase - Failed to resolve history item group base for 'refs/heads/main'
2024-03-04 14:22:16.545 [info] GitHistoryProvider:resolveHistoryItemGroupCommonAncestor - Failed to resolve history item group base for 'refs/heads/main'
2024-03-04 14:22:16.888 [info] > git check-ignore -v -z --stdin [25ms]
2024-03-04 14:22:23.122 [info] > git for-each-ref --format=%(refname)%00%(upstream:short)%00%(objectname)%00%(upstream:track)%00%(upstream:remotename)%00%(upstream:remoteref) refs/heads/main [8ms]
2024-03-04 14:22:23.146 [info] > git for-each-ref --format=%(refname)%00%(upstream:short)%00%(objectname)%00%(upstream:track)%00%(upstream:remotename)%00%(upstream:remoteref) refs/heads/main [3ms]
2024-03-04 14:22:23.170 [info] > git config --local branch.main.vscode-merge-base [2ms]
2024-03-04 14:22:23.170 [warning] git config failed: Failed to execute git
2024-03-04 14:22:23.194 [info] > git reflog refs/heads/main --grep-reflog=branch: Created from *. [3ms]
2024-03-04 14:22:23.216 [info] > git symbolic-ref --short refs/remotes/origin/HEAD [3ms]
2024-03-04 14:22:23.216 [info] fatal: ref refs/remotes/origin/HEAD is not a symbolic ref
2024-03-04 14:22:23.216 [info] GitHistoryProvider:resolveHistoryItemGroupBase - Failed to resolve history item group base for 'refs/heads/main'
2024-03-04 14:22:23.216 [info] GitHistoryProvider:resolveHistoryItemGroupCommonAncestor - Failed to resolve history item group base for 'refs/heads/main'
2024-03-04 14:22:23.330 [info] > git for-each-ref --format=%(refname)%00%(upstream:short)%00%(objectname)%00%(upstream:track)%00%(upstream:remotename)%00%(upstream:remoteref) refs/heads/main [3ms]
2024-03-04 14:22:23.354 [info] > git for-each-ref --format=%(refname)%00%(upstream:short)%00%(objectname)%00%(upstream:track)%00%(upstream:remotename)%00%(upstream:remoteref) refs/heads/main [3ms]
2024-03-04 14:22:23.378 [info] > git config --local branch.main.vscode-merge-base [3ms]
2024-03-04 14:22:23.378 [warning] git config failed: Failed to execute git
2024-03-04 14:22:23.403 [info] > git reflog refs/heads/main --grep-reflog=branch: Created from *. [4ms]
2024-03-04 14:22:23.434 [info] > git symbolic-ref --short refs/remotes/origin/HEAD [7ms]
2024-03-04 14:22:23.434 [info] fatal: ref refs/remotes/origin/HEAD is not a symbolic ref
2024-03-04 14:22:23.434 [info] GitHistoryProvider:resolveHistoryItemGroupBase - Failed to resolve history item group base for 'refs/heads/main'
2024-03-04 14:22:23.434 [info] GitHistoryProvider:resolveHistoryItemGroupCommonAncestor - Failed to resolve history item group base for 'refs/heads/main'
2024-03-04 14:23:38.537 [info] > git push -u origin main [75500ms]
2024-03-04 14:23:38.537 [info] remote: warning: See https://gh.io/lfs for more information.        
remote: warning: File .vscode-server/bin/019f4d1419fbc8219a181fab7892ebccf7ee29a2/node is 87.79 MB; this is larger than GitHub's recommended maximum file size of 50.00 MB        
remote: warning: File .vscode-server/bin/05047486b6df5eb8d44b2ecd70ea3bdf775fd937/node is 87.88 MB; this is larger than GitHub's recommended maximum file size of 50.00 MB        
remote: warning: File .vscode-server/bin/8b3775030ed1a69b13e4f4c628c612102e30a681/node is 86.60 MB; this is larger than GitHub's recommended maximum file size of 50.00 MB        
remote: warning: GH001: Large files detected. You may want to try Git Large File Storage - https://git-lfs.github.com.        
To https://github.com/IHozzI/gestcompras-.git
 * [new branch]      main -> main
2024-03-04 14:23:38.584 [info] > git config --get commit.template [25ms]
2024-03-04 14:23:38.585 [info] > git for-each-ref --format=%(refname)%00%(upstream:short)%00%(objectname)%00%(upstream:track)%00%(upstream:remotename)%00%(upstream:remoteref) refs/heads/main refs/remotes/main [4ms]
2024-03-04 14:23:38.826 [info] > git status -z -uall [219ms]
2024-03-04 14:23:39.418 [info] > git config --local branch.main.github-pr-owner-number [290ms]
2024-03-04 14:23:39.418 [warning] git config failed: Failed to execute git
2024-03-04 14:23:39.485 [info] > git merge-base refs/heads/main refs/remotes/origin/main [397ms]
2024-03-04 14:23:39.506 [info] > git rev-list --count --left-right refs/heads/main...refs/remotes/origin/main [5ms]
2024-03-04 14:23:39.539 [info] > git config --get commit.template [4ms]
2024-03-04 14:23:39.581 [info] > git for-each-ref --format=%(refname)%00%(upstream:short)%00%(objectname)%00%(upstream:track)%00%(upstream:remotename)%00%(upstream:remoteref) refs/heads/main refs/remotes/main [26ms]
2024-03-04 14:23:39.827 [info] > git status -z -uall [229ms]
2024-03-04 14:23:47.519 [info] > git fetch [474ms]
2024-03-04 14:23:47.554 [info] > git config --get commit.template [18ms]
2024-03-04 14:23:47.557 [info] > git for-each-ref --format=%(refname)%00%(upstream:short)%00%(objectname)%00%(upstream:track)%00%(upstream:remotename)%00%(upstream:remoteref) refs/heads/main refs/remotes/main [5ms]
2024-03-04 14:23:47.793 [info] > git status -z -uall [220ms]
2024-03-04 14:23:47.835 [info] > git config --get commit.template [3ms]
2024-03-04 14:23:47.854 [info] > git for-each-ref --format=%(refname)%00%(upstream:short)%00%(objectname)%00%(upstream:track)%00%(upstream:remotename)%00%(upstream:remoteref) refs/heads/main refs/remotes/main [5ms]
2024-03-04 14:23:48.086 [info] > git status -z -uall [215ms]
2024-03-04 14:23:48.836 [info] > git check-ignore -v -z --stdin [11ms]
2024-03-04 14:24:13.196 [info] > git config --get commit.template [3ms]
2024-03-04 14:24:13.215 [info] > git for-each-ref --format=%(refname)%00%(upstream:short)%00%(objectname)%00%(upstream:track)%00%(upstream:remotename)%00%(upstream:remoteref) refs/heads/main refs/remotes/main [3ms]
2024-03-04 14:24:13.435 [info] > git status -z -uall [204ms]
2024-03-04 14:24:33.390 [info] > git config --local branch.main.github-pr-owner-number [5ms]
2024-03-04 14:24:33.391 [warning] git config failed: Failed to execute git
2024-03-04 14:25:08.101 [info] > git show --textconv :public_html/template/AdminLTE/tabela.php [25ms]
2024-03-04 14:25:08.148 [info] > git ls-files --stage -- /home/gestcompras/public_html/template/AdminLTE/tabela.php [60ms]
2024-03-04 14:25:08.171 [info] > git cat-file -s 0746d26604b1cf061703503b67446c7a4c5a2f23 [5ms]
2024-03-04 14:25:08.351 [info] > git check-ignore -v -z --stdin [12ms]
2024-03-04 14:25:22.378 [info] > git show --textconv :public_html/template/AdminLTE/tabela.php [18ms]
2024-03-04 14:25:22.389 [info] > git ls-files --stage -- /home/gestcompras/public_html/template/AdminLTE/tabela.php [13ms]
2024-03-04 14:25:22.408 [info] > git cat-file -s 0746d26604b1cf061703503b67446c7a4c5a2f23 [2ms]
2024-03-04 14:25:40.135 [info] > git check-ignore -v -z --stdin [30ms]
2024-03-04 14:25:41.490 [info] > git check-ignore -v -z --stdin [13ms]
