2024-02-28 09:03:56.800 [info] Extension host with pid 70972 started
2024-02-28 09:03:56.801 [error] Error: EEXIST: file already exists, open '/home/gestcompras/.vscode-server/data/User/workspaceStorage/04a289f844bebcff522ec9ed37c64e09/vscode.lock'
2024-02-28 09:03:56.819 [info] Lock '/home/gestcompras/.vscode-server/data/User/workspaceStorage/04a289f844bebcff522ec9ed37c64e09/vscode.lock': Could not acquire lock, checking if the file is stale.
2024-02-28 09:03:56.895 [info] Lock '/home/gestcompras/.vscode-server/data/User/workspaceStorage/04a289f844bebcff522ec9ed37c64e09/vscode.lock': The lock does not look stale, elapsed: 644 ms, giving up.
2024-02-28 09:03:56.997 [info] ExtensionService#_doActivateExtension vscode.tunnel-forwarding, startup: false, activationEvent: 'onTunnel'
2024-02-28 09:03:57.000 [info] ExtensionService#_doActivateExtension vscode.php-language-features, startup: false, activationEvent: 'onLanguage:php'
2024-02-28 09:03:57.003 [info] ExtensionService#_doActivateExtension vscode.emmet, startup: false, activationEvent: 'onLanguage'
2024-02-28 09:03:57.108 [info] Lock '/home/gestcompras/.vscode-server/data/User/workspaceStorage/04a289f844bebcff522ec9ed37c64e09-1/vscode.lock': Lock acquired.
2024-02-28 09:03:57.828 [info] ExtensionService#_doActivateExtension vscode.git-base, startup: true, activationEvent: '*', root cause: vscode.git
2024-02-28 09:03:57.971 [info] ExtensionService#_doActivateExtension vscode.git, startup: true, activationEvent: '*'
2024-02-28 09:03:57.973 [info] ExtensionService#_doActivateExtension vscode.github, startup: true, activationEvent: '*'
2024-02-28 09:03:58.776 [info] ExtensionService#_doActivateExtension github.vscode-github-actions, startup: true, activationEvent: 'workspaceContains:**/.github/workflows/**'
2024-02-28 09:04:02.785 [info] Eager extensions activated
2024-02-28 09:04:02.786 [info] ExtensionService#_doActivateExtension vscode.debug-auto-launch, startup: false, activationEvent: 'onStartupFinished'
2024-02-28 09:04:02.789 [info] ExtensionService#_doActivateExtension vscode.merge-conflict, startup: false, activationEvent: 'onStartupFinished'
2024-02-28 09:22:26.141 [error] Error: read ECONNRESET
	at TCP.onStreamRead (node:internal/stream_base_commons:217:20)
2024-02-28 09:36:51.179 [info] Extension host terminating: renderer disconnected for too long (2)
2024-02-28 09:36:51.181 [info] Lock '/home/gestcompras/.vscode-server/data/User/workspaceStorage/04a289f844bebcff522ec9ed37c64e09-1/vscode.lock': Marking the lockfile as scheduled to be released in 6000 ms.
2024-02-28 09:36:51.240 [info] Extension host with pid 70972 exiting with code 0
