2024-02-28 09:03:58.721 [info] Log level: Info
2024-02-28 09:03:58.721 [info] Validating found git in: "git"
2024-02-28 09:03:58.721 [info] Using git "2.25.1" from "git"
2024-02-28 09:03:58.721 [info] > git rev-parse --show-toplevel [4ms]
2024-02-28 09:03:58.721 [info] fatal: not a git repository (or any of the parent directories): .git
2024-02-28 09:03:58.722 [info] > git rev-parse --show-toplevel [5ms]
2024-02-28 09:03:58.722 [info] fatal: not a git repository (or any of the parent directories): .git
2024-02-28 09:03:58.722 [info] > git rev-parse --show-toplevel [4ms]
2024-02-28 09:03:58.722 [info] fatal: not a git repository (or any of the parent directories): .git
2024-02-28 09:03:58.722 [info] > git rev-parse --show-toplevel [4ms]
2024-02-28 09:03:58.722 [info] fatal: not a git repository (or any of the parent directories): .git
2024-02-28 09:03:58.725 [info] > git rev-parse --show-toplevel [16ms]
2024-02-28 09:03:58.726 [info] fatal: not a git repository (or any of the parent directories): .git
2024-02-28 09:03:59.119 [info] > git rev-parse --show-toplevel [368ms]
2024-02-28 09:03:59.120 [info] fatal: not a git repository (or any of the parent directories): .git
2024-02-28 09:03:59.226 [info] > git rev-parse --show-toplevel [81ms]
2024-02-28 09:03:59.229 [info] fatal: not a git repository (or any of the parent directories): .git
2024-02-28 09:03:59.273 [info] > git rev-parse --show-toplevel [3ms]
2024-02-28 09:03:59.276 [info] fatal: not a git repository (or any of the parent directories): .git
2024-02-28 09:03:59.333 [info] > git rev-parse --show-toplevel [35ms]
2024-02-28 09:03:59.334 [info] fatal: not a git repository (or any of the parent directories): .git
2024-02-28 09:03:59.357 [info] > git rev-parse --show-toplevel [9ms]
2024-02-28 09:03:59.357 [info] fatal: not a git repository (or any of the parent directories): .git
2024-02-28 09:03:59.380 [info] > git rev-parse --show-toplevel [9ms]
2024-02-28 09:03:59.381 [info] fatal: not a git repository (or any of the parent directories): .git
2024-02-28 09:03:59.403 [info] > git rev-parse --show-toplevel [3ms]
2024-02-28 09:03:59.404 [info] fatal: not a git repository (or any of the parent directories): .git
2024-02-28 09:03:59.428 [info] > git rev-parse --show-toplevel [8ms]
2024-02-28 09:03:59.428 [info] fatal: not a git repository (or any of the parent directories): .git
2024-02-28 09:03:59.442 [info] > git rev-parse --show-toplevel [3ms]
2024-02-28 09:03:59.442 [info] fatal: not a git repository (or any of the parent directories): .git
2024-02-28 09:03:59.454 [info] > git rev-parse --show-toplevel [4ms]
2024-02-28 09:03:59.454 [info] fatal: not a git repository (or any of the parent directories): .git
2024-02-28 09:03:59.470 [info] > git rev-parse --show-toplevel [4ms]
2024-02-28 09:03:59.470 [info] fatal: not a git repository (or any of the parent directories): .git
