2024-02-29 08:43:37.393 [info] Log level: Info
2024-02-29 08:43:37.393 [info] Validating found git in: "git"
2024-02-29 08:43:37.393 [info] Using git "2.25.1" from "git"
2024-02-29 08:43:37.393 [info] > git rev-parse --show-toplevel [7ms]
2024-02-29 08:43:37.393 [info] fatal: not a git repository (or any of the parent directories): .git
2024-02-29 08:43:37.393 [info] > git rev-parse --show-toplevel [26ms]
2024-02-29 08:43:37.393 [info] fatal: not a git repository (or any of the parent directories): .git
2024-02-29 08:43:37.399 [info] > git rev-parse --show-toplevel [6ms]
2024-02-29 08:43:37.399 [info] fatal: not a git repository (or any of the parent directories): .git
2024-02-29 08:43:37.417 [info] > git rev-parse --show-toplevel [4ms]
2024-02-29 08:43:37.417 [info] fatal: not a git repository (or any of the parent directories): .git
2024-02-29 08:43:37.443 [info] > git rev-parse --show-toplevel [12ms]
2024-02-29 08:43:37.443 [info] fatal: not a git repository (or any of the parent directories): .git
2024-02-29 08:43:37.467 [info] > git rev-parse --show-toplevel [15ms]
2024-02-29 08:43:37.467 [info] fatal: not a git repository (or any of the parent directories): .git
2024-02-29 08:43:37.497 [info] > git rev-parse --show-toplevel [5ms]
2024-02-29 08:43:37.497 [info] fatal: not a git repository (or any of the parent directories): .git
2024-02-29 08:43:37.509 [info] > git rev-parse --show-toplevel [3ms]
2024-02-29 08:43:37.509 [info] fatal: not a git repository (or any of the parent directories): .git
2024-02-29 08:43:58.688 [info] > git rev-parse --show-toplevel [7ms]
2024-02-29 08:43:58.689 [info] fatal: not a git repository (or any of the parent directories): .git
2024-02-29 08:49:02.510 [info] > git rev-parse --show-toplevel [22ms]
2024-02-29 08:49:02.510 [info] fatal: not a git repository (or any of the parent directories): .git
