2024-02-29 16:36:12.772 [info] Log level: Info
2024-02-29 16:36:12.772 [info] Validating found git in: "git"
2024-02-29 16:36:12.773 [info] Using git "2.25.1" from "git"
2024-02-29 16:36:12.773 [info] > git rev-parse --show-toplevel [6ms]
2024-02-29 16:36:12.774 [info] fatal: not a git repository (or any of the parent directories): .git
2024-02-29 16:36:12.774 [info] > git rev-parse --show-toplevel [2ms]
2024-02-29 16:36:12.775 [info] fatal: not a git repository (or any of the parent directories): .git
2024-02-29 16:36:12.775 [info] > git rev-parse --show-toplevel [5ms]
2024-02-29 16:36:12.776 [info] fatal: not a git repository (or any of the parent directories): .git
2024-02-29 16:36:12.777 [info] > git rev-parse --show-toplevel [6ms]
2024-02-29 16:36:12.777 [info] fatal: not a git repository (or any of the parent directories): .git
2024-02-29 16:36:12.783 [info] > git rev-parse --show-toplevel [17ms]
2024-02-29 16:36:12.783 [info] fatal: not a git repository (or any of the parent directories): .git
2024-02-29 16:36:12.815 [info] > git rev-parse --show-toplevel [16ms]
2024-02-29 16:36:12.815 [info] fatal: not a git repository (or any of the parent directories): .git
2024-02-29 16:36:12.841 [info] > git rev-parse --show-toplevel [3ms]
2024-02-29 16:36:12.841 [info] fatal: not a git repository (or any of the parent directories): .git
2024-02-29 16:36:12.867 [info] > git rev-parse --show-toplevel [12ms]
2024-02-29 16:36:12.867 [info] fatal: not a git repository (or any of the parent directories): .git
2024-02-29 16:36:12.896 [info] > git rev-parse --show-toplevel [20ms]
2024-02-29 16:36:12.896 [info] fatal: not a git repository (or any of the parent directories): .git
2024-02-29 16:36:12.912 [info] > git rev-parse --show-toplevel [2ms]
2024-02-29 16:36:12.913 [info] fatal: not a git repository (or any of the parent directories): .git
2024-02-29 16:36:13.150 [info] > git rev-parse --show-toplevel [228ms]
2024-02-29 16:36:13.150 [info] fatal: not a git repository (or any of the parent directories): .git
2024-02-29 16:36:13.203 [info] > git rev-parse --show-toplevel [38ms]
2024-02-29 16:36:13.206 [info] fatal: not a git repository (or any of the parent directories): .git
2024-02-29 16:36:13.266 [info] > git rev-parse --show-toplevel [30ms]
2024-02-29 16:36:13.267 [info] fatal: not a git repository (or any of the parent directories): .git
2024-02-29 16:36:13.280 [info] > git rev-parse --show-toplevel [5ms]
2024-02-29 16:36:13.280 [info] fatal: not a git repository (or any of the parent directories): .git
2024-02-29 16:36:13.293 [info] > git rev-parse --show-toplevel [3ms]
2024-02-29 16:36:13.293 [info] fatal: not a git repository (or any of the parent directories): .git
2024-02-29 16:36:13.306 [info] > git rev-parse --show-toplevel [3ms]
2024-02-29 16:36:13.307 [info] fatal: not a git repository (or any of the parent directories): .git
2024-02-29 16:36:13.316 [info] > git rev-parse --show-toplevel [2ms]
2024-02-29 16:36:13.316 [info] fatal: not a git repository (or any of the parent directories): .git
