2024-02-29 09:42:14.433 [info] Log level: Info
2024-02-29 09:42:14.433 [info] Validating found git in: "git"
2024-02-29 09:42:14.434 [info] Using git "2.25.1" from "git"
2024-02-29 09:42:14.434 [info] > git rev-parse --show-toplevel [11ms]
2024-02-29 09:42:14.434 [info] fatal: not a git repository (or any of the parent directories): .git
2024-02-29 09:42:14.434 [info] > git rev-parse --show-toplevel [8ms]
2024-02-29 09:42:14.434 [info] fatal: not a git repository (or any of the parent directories): .git
2024-02-29 09:42:14.434 [info] > git rev-parse --show-toplevel [8ms]
2024-02-29 09:42:14.434 [info] fatal: not a git repository (or any of the parent directories): .git
2024-02-29 09:42:14.434 [info] > git rev-parse --show-toplevel [4ms]
2024-02-29 09:42:14.434 [info] fatal: not a git repository (or any of the parent directories): .git
2024-02-29 09:42:14.434 [info] > git rev-parse --show-toplevel [11ms]
2024-02-29 09:42:14.434 [info] fatal: not a git repository (or any of the parent directories): .git
2024-02-29 09:42:14.436 [info] > git rev-parse --show-toplevel [6ms]
2024-02-29 09:42:14.436 [info] fatal: not a git repository (or any of the parent directories): .git
2024-02-29 09:42:14.451 [info] > git rev-parse --show-toplevel [4ms]
2024-02-29 09:42:14.451 [info] fatal: not a git repository (or any of the parent directories): .git
2024-02-29 09:42:14.464 [info] > git rev-parse --show-toplevel [3ms]
2024-02-29 09:42:14.464 [info] fatal: not a git repository (or any of the parent directories): .git
2024-02-29 09:42:14.476 [info] > git rev-parse --show-toplevel [4ms]
2024-02-29 09:42:14.476 [info] fatal: not a git repository (or any of the parent directories): .git
2024-02-29 09:42:14.488 [info] > git rev-parse --show-toplevel [3ms]
2024-02-29 09:42:14.488 [info] fatal: not a git repository (or any of the parent directories): .git
2024-02-29 09:42:14.542 [info] > git rev-parse --show-toplevel [23ms]
2024-02-29 09:42:14.546 [info] fatal: not a git repository (or any of the parent directories): .git
2024-02-29 09:42:14.564 [info] > git rev-parse --show-toplevel [5ms]
2024-02-29 09:42:14.564 [info] fatal: not a git repository (or any of the parent directories): .git
2024-02-29 09:42:14.578 [info] > git rev-parse --show-toplevel [2ms]
2024-02-29 09:42:14.578 [info] fatal: not a git repository (or any of the parent directories): .git
2024-02-29 09:42:14.591 [info] > git rev-parse --show-toplevel [4ms]
2024-02-29 09:42:14.591 [info] fatal: not a git repository (or any of the parent directories): .git
2024-02-29 09:42:14.631 [info] > git rev-parse --show-toplevel [31ms]
2024-02-29 09:42:14.636 [info] fatal: not a git repository (or any of the parent directories): .git
2024-02-29 09:42:14.661 [info] > git rev-parse --show-toplevel [9ms]
2024-02-29 09:42:14.661 [info] fatal: not a git repository (or any of the parent directories): .git
2024-02-29 09:42:14.677 [info] > git rev-parse --show-toplevel [4ms]
2024-02-29 09:42:14.677 [info] fatal: not a git repository (or any of the parent directories): .git
