*
* Visual Studio Code Server
*
* By using the software, you agree to
* the Visual Studio Code Server License Terms (https://aka.ms/vscode-server-license) and
* the Microsoft Privacy Statement (https://privacy.microsoft.com/en-US/privacystatement).
*
Server bound to 127.0.0.1:32987 (IPv4)
Extension host agent listening on 32987

[08:51:50] 




[08:51:50] Extension host agent started.
[08:51:51] Deleted uninstalled extension from disk ms-ceintl.vscode-language-pack-pt-br /home/gestcompras/.vscode-server/extensions/ms-ceintl.vscode-language-pack-pt-br-1.87.2024022809
[08:51:51] [127.0.0.1][afc79d3f][ManagementConnection] New connection established.
[08:51:51] [127.0.0.1][4eea45ab][ExtensionHostConnection] New connection established.
[08:51:51] [127.0.0.1][4eea45ab][ExtensionHostConnection] <732208> Launched Extension Host Process.
[08:51:57] Getting Manifest... ms-ceintl.vscode-language-pack-pt-br
[08:51:58] Installing extension: ms-ceintl.vscode-language-pack-pt-br
[08:51:58] Adding language packs from the extension ms-ceintl.vscode-language-pack-pt-br
[08:51:58] Extension installed successfully: ms-ceintl.vscode-language-pack-pt-br
New EH opened, aborting shutdown
[08:56:50] New EH opened, aborting shutdown
[09:01:40] [127.0.0.1][d64cef1b][ManagementConnection] New connection established.
[09:01:40] [127.0.0.1][335cf814][ExtensionHostConnection] New connection established.
[09:01:40] [127.0.0.1][335cf814][ExtensionHostConnection] <736511> Launched Extension Host Process.
[10:08:24] Error: read ECONNRESET
    at TCP.onStreamRead (node:internal/stream_base_commons:217:20) {
  errno: -104,
  code: 'ECONNRESET',
  syscall: 'read'
}
[10:08:24] [127.0.0.1][afc79d3f][ManagementConnection] The client has disconnected, will wait for reconnection 3h before disposing...
[10:23:04] [127.0.0.1][afc79d3f][ManagementConnection] Another client has connected, will shorten the wait for reconnection 5m before disposing...
[10:23:04] [127.0.0.1][e22e5669][ManagementConnection] New connection established.
[10:23:05] [127.0.0.1][4fc0931b][ExtensionHostConnection] New connection established.
[10:23:05] [127.0.0.1][4fc0931b][ExtensionHostConnection] <745758> Launched Extension Host Process.
rejected promise not handled within 1 second: CodeExpectedError: Could not find pty on pty host
stack trace: CodeExpectedError: Could not find pty on pty host
    at D.U (/home/gestcompras/.vscode-server/bin/019f4d1419fbc8219a181fab7892ebccf7ee29a2/out/vs/platform/terminal/node/ptyHostMain.js:43:32578)
    at D.updateTitle (/home/gestcompras/.vscode-server/bin/019f4d1419fbc8219a181fab7892ebccf7ee29a2/out/vs/platform/terminal/node/ptyHostMain.js:43:27710)
    at T.<computed> (/home/gestcompras/.vscode-server/bin/019f4d1419fbc8219a181fab7892ebccf7ee29a2/out/vs/platform/terminal/node/ptyHostMain.js:43:22925)
    at Object.call (/home/gestcompras/.vscode-server/bin/019f4d1419fbc8219a181fab7892ebccf7ee29a2/out/vs/platform/terminal/node/ptyHostMain.js:34:5061)
    at u.s (/home/gestcompras/.vscode-server/bin/019f4d1419fbc8219a181fab7892ebccf7ee29a2/out/vs/platform/terminal/node/ptyHostMain.js:32:5165)
    at u.q (/home/gestcompras/.vscode-server/bin/019f4d1419fbc8219a181fab7892ebccf7ee29a2/out/vs/platform/terminal/node/ptyHostMain.js:32:4667)
    at l.value (/home/gestcompras/.vscode-server/bin/019f4d1419fbc8219a181fab7892ebccf7ee29a2/out/vs/platform/terminal/node/ptyHostMain.js:32:4065)
    at m.y (/home/gestcompras/.vscode-server/bin/019f4d1419fbc8219a181fab7892ebccf7ee29a2/out/vs/platform/terminal/node/ptyHostMain.js:27:1906)
    at m.fire (/home/gestcompras/.vscode-server/bin/019f4d1419fbc8219a181fab7892ebccf7ee29a2/out/vs/platform/terminal/node/ptyHostMain.js:27:2123)
    at process._ (/home/gestcompras/.vscode-server/bin/019f4d1419fbc8219a181fab7892ebccf7ee29a2/out/vs/platform/terminal/node/ptyHostMain.js:25:10025)
    at process.emit (node:events:514:28)
    at emit (node:internal/child_process:937:14)
    at process.processTicksAndRejections (node:internal/process/task_queues:83:21)
[10:23:18] Error [CodeExpectedError]: Could not find pty on pty host
    at D.U (/home/gestcompras/.vscode-server/bin/019f4d1419fbc8219a181fab7892ebccf7ee29a2/out/vs/platform/terminal/node/ptyHostMain.js:43:32578)
    at D.updateTitle (/home/gestcompras/.vscode-server/bin/019f4d1419fbc8219a181fab7892ebccf7ee29a2/out/vs/platform/terminal/node/ptyHostMain.js:43:27710)
    at T.<computed> (/home/gestcompras/.vscode-server/bin/019f4d1419fbc8219a181fab7892ebccf7ee29a2/out/vs/platform/terminal/node/ptyHostMain.js:43:22925)
    at Object.call (/home/gestcompras/.vscode-server/bin/019f4d1419fbc8219a181fab7892ebccf7ee29a2/out/vs/platform/terminal/node/ptyHostMain.js:34:5061)
    at u.s (/home/gestcompras/.vscode-server/bin/019f4d1419fbc8219a181fab7892ebccf7ee29a2/out/vs/platform/terminal/node/ptyHostMain.js:32:5165)
    at u.q (/home/gestcompras/.vscode-server/bin/019f4d1419fbc8219a181fab7892ebccf7ee29a2/out/vs/platform/terminal/node/ptyHostMain.js:32:4667)
    at l.value (/home/gestcompras/.vscode-server/bin/019f4d1419fbc8219a181fab7892ebccf7ee29a2/out/vs/platform/terminal/node/ptyHostMain.js:32:4065)
    at m.y (/home/gestcompras/.vscode-server/bin/019f4d1419fbc8219a181fab7892ebccf7ee29a2/out/vs/platform/terminal/node/ptyHostMain.js:27:1906)
    at m.fire (/home/gestcompras/.vscode-server/bin/019f4d1419fbc8219a181fab7892ebccf7ee29a2/out/vs/platform/terminal/node/ptyHostMain.js:27:2123)
    at process._ (/home/gestcompras/.vscode-server/bin/019f4d1419fbc8219a181fab7892ebccf7ee29a2/out/vs/platform/terminal/node/ptyHostMain.js:25:10025)
    at process.emit (node:events:514:28)
    at emit (node:internal/child_process:937:14)
    at process.processTicksAndRejections (node:internal/process/task_queues:83:21)
rejected promise not handled within 1 second: CodeExpectedError: Could not find pty on pty host
stack trace: CodeExpectedError: Could not find pty on pty host
    at D.U (/home/gestcompras/.vscode-server/bin/019f4d1419fbc8219a181fab7892ebccf7ee29a2/out/vs/platform/terminal/node/ptyHostMain.js:43:32578)
    at D.updateIcon (/home/gestcompras/.vscode-server/bin/019f4d1419fbc8219a181fab7892ebccf7ee29a2/out/vs/platform/terminal/node/ptyHostMain.js:43:27763)
    at T.<computed> (/home/gestcompras/.vscode-server/bin/019f4d1419fbc8219a181fab7892ebccf7ee29a2/out/vs/platform/terminal/node/ptyHostMain.js:43:22925)
    at Object.call (/home/gestcompras/.vscode-server/bin/019f4d1419fbc8219a181fab7892ebccf7ee29a2/out/vs/platform/terminal/node/ptyHostMain.js:34:5061)
    at u.s (/home/gestcompras/.vscode-server/bin/019f4d1419fbc8219a181fab7892ebccf7ee29a2/out/vs/platform/terminal/node/ptyHostMain.js:32:5165)
    at u.q (/home/gestcompras/.vscode-server/bin/019f4d1419fbc8219a181fab7892ebccf7ee29a2/out/vs/platform/terminal/node/ptyHostMain.js:32:4667)
    at l.value (/home/gestcompras/.vscode-server/bin/019f4d1419fbc8219a181fab7892ebccf7ee29a2/out/vs/platform/terminal/node/ptyHostMain.js:32:4065)
    at m.y (/home/gestcompras/.vscode-server/bin/019f4d1419fbc8219a181fab7892ebccf7ee29a2/out/vs/platform/terminal/node/ptyHostMain.js:27:1906)
    at m.fire (/home/gestcompras/.vscode-server/bin/019f4d1419fbc8219a181fab7892ebccf7ee29a2/out/vs/platform/terminal/node/ptyHostMain.js:27:2123)
    at process._ (/home/gestcompras/.vscode-server/bin/019f4d1419fbc8219a181fab7892ebccf7ee29a2/out/vs/platform/terminal/node/ptyHostMain.js:25:10025)
    at process.emit (node:events:514:28)
    at emit (node:internal/child_process:937:14)
    at process.processTicksAndRejections (node:internal/process/task_queues:83:21)
[10:23:18] Error [CodeExpectedError]: Could not find pty on pty host
    at D.U (/home/gestcompras/.vscode-server/bin/019f4d1419fbc8219a181fab7892ebccf7ee29a2/out/vs/platform/terminal/node/ptyHostMain.js:43:32578)
    at D.updateIcon (/home/gestcompras/.vscode-server/bin/019f4d1419fbc8219a181fab7892ebccf7ee29a2/out/vs/platform/terminal/node/ptyHostMain.js:43:27763)
    at T.<computed> (/home/gestcompras/.vscode-server/bin/019f4d1419fbc8219a181fab7892ebccf7ee29a2/out/vs/platform/terminal/node/ptyHostMain.js:43:22925)
    at Object.call (/home/gestcompras/.vscode-server/bin/019f4d1419fbc8219a181fab7892ebccf7ee29a2/out/vs/platform/terminal/node/ptyHostMain.js:34:5061)
    at u.s (/home/gestcompras/.vscode-server/bin/019f4d1419fbc8219a181fab7892ebccf7ee29a2/out/vs/platform/terminal/node/ptyHostMain.js:32:5165)
    at u.q (/home/gestcompras/.vscode-server/bin/019f4d1419fbc8219a181fab7892ebccf7ee29a2/out/vs/platform/terminal/node/ptyHostMain.js:32:4667)
    at l.value (/home/gestcompras/.vscode-server/bin/019f4d1419fbc8219a181fab7892ebccf7ee29a2/out/vs/platform/terminal/node/ptyHostMain.js:32:4065)
    at m.y (/home/gestcompras/.vscode-server/bin/019f4d1419fbc8219a181fab7892ebccf7ee29a2/out/vs/platform/terminal/node/ptyHostMain.js:27:1906)
    at m.fire (/home/gestcompras/.vscode-server/bin/019f4d1419fbc8219a181fab7892ebccf7ee29a2/out/vs/platform/terminal/node/ptyHostMain.js:27:2123)
    at process._ (/home/gestcompras/.vscode-server/bin/019f4d1419fbc8219a181fab7892ebccf7ee29a2/out/vs/platform/terminal/node/ptyHostMain.js:25:10025)
    at process.emit (node:events:514:28)
    at emit (node:internal/child_process:937:14)
    at process.processTicksAndRejections (node:internal/process/task_queues:83:21)
[10:27:32] [127.0.0.1][e22e5669][ManagementConnection] The client has reconnected.
[10:27:32] [127.0.0.1][4fc0931b][ExtensionHostConnection] The client has reconnected.
rejected promise not handled within 1 second: CodeExpectedError: Could not find pty on pty host
stack trace: CodeExpectedError: Could not find pty on pty host
    at D.U (/home/gestcompras/.vscode-server/bin/019f4d1419fbc8219a181fab7892ebccf7ee29a2/out/vs/platform/terminal/node/ptyHostMain.js:43:32578)
    at D.updateIcon (/home/gestcompras/.vscode-server/bin/019f4d1419fbc8219a181fab7892ebccf7ee29a2/out/vs/platform/terminal/node/ptyHostMain.js:43:27763)
    at T.<computed> (/home/gestcompras/.vscode-server/bin/019f4d1419fbc8219a181fab7892ebccf7ee29a2/out/vs/platform/terminal/node/ptyHostMain.js:43:22925)
    at Object.call (/home/gestcompras/.vscode-server/bin/019f4d1419fbc8219a181fab7892ebccf7ee29a2/out/vs/platform/terminal/node/ptyHostMain.js:34:5061)
    at u.s (/home/gestcompras/.vscode-server/bin/019f4d1419fbc8219a181fab7892ebccf7ee29a2/out/vs/platform/terminal/node/ptyHostMain.js:32:5165)
    at u.q (/home/gestcompras/.vscode-server/bin/019f4d1419fbc8219a181fab7892ebccf7ee29a2/out/vs/platform/terminal/node/ptyHostMain.js:32:4667)
    at l.value (/home/gestcompras/.vscode-server/bin/019f4d1419fbc8219a181fab7892ebccf7ee29a2/out/vs/platform/terminal/node/ptyHostMain.js:32:4065)
    at m.y (/home/gestcompras/.vscode-server/bin/019f4d1419fbc8219a181fab7892ebccf7ee29a2/out/vs/platform/terminal/node/ptyHostMain.js:27:1906)
    at m.fire (/home/gestcompras/.vscode-server/bin/019f4d1419fbc8219a181fab7892ebccf7ee29a2/out/vs/platform/terminal/node/ptyHostMain.js:27:2123)
    at process._ (/home/gestcompras/.vscode-server/bin/019f4d1419fbc8219a181fab7892ebccf7ee29a2/out/vs/platform/terminal/node/ptyHostMain.js:25:10025)
    at process.emit (node:events:514:28)
    at emit (node:internal/child_process:937:14)
    at process.processTicksAndRejections (node:internal/process/task_queues:83:21)
[10:27:33] Error [CodeExpectedError]: Could not find pty on pty host
    at D.U (/home/gestcompras/.vscode-server/bin/019f4d1419fbc8219a181fab7892ebccf7ee29a2/out/vs/platform/terminal/node/ptyHostMain.js:43:32578)
    at D.updateIcon (/home/gestcompras/.vscode-server/bin/019f4d1419fbc8219a181fab7892ebccf7ee29a2/out/vs/platform/terminal/node/ptyHostMain.js:43:27763)
    at T.<computed> (/home/gestcompras/.vscode-server/bin/019f4d1419fbc8219a181fab7892ebccf7ee29a2/out/vs/platform/terminal/node/ptyHostMain.js:43:22925)
    at Object.call (/home/gestcompras/.vscode-server/bin/019f4d1419fbc8219a181fab7892ebccf7ee29a2/out/vs/platform/terminal/node/ptyHostMain.js:34:5061)
    at u.s (/home/gestcompras/.vscode-server/bin/019f4d1419fbc8219a181fab7892ebccf7ee29a2/out/vs/platform/terminal/node/ptyHostMain.js:32:5165)
    at u.q (/home/gestcompras/.vscode-server/bin/019f4d1419fbc8219a181fab7892ebccf7ee29a2/out/vs/platform/terminal/node/ptyHostMain.js:32:4667)
    at l.value (/home/gestcompras/.vscode-server/bin/019f4d1419fbc8219a181fab7892ebccf7ee29a2/out/vs/platform/terminal/node/ptyHostMain.js:32:4065)
    at m.y (/home/gestcompras/.vscode-server/bin/019f4d1419fbc8219a181fab7892ebccf7ee29a2/out/vs/platform/terminal/node/ptyHostMain.js:27:1906)
    at m.fire (/home/gestcompras/.vscode-server/bin/019f4d1419fbc8219a181fab7892ebccf7ee29a2/out/vs/platform/terminal/node/ptyHostMain.js:27:2123)
    at process._ (/home/gestcompras/.vscode-server/bin/019f4d1419fbc8219a181fab7892ebccf7ee29a2/out/vs/platform/terminal/node/ptyHostMain.js:25:10025)
    at process.emit (node:events:514:28)
    at emit (node:internal/child_process:937:14)
    at process.processTicksAndRejections (node:internal/process/task_queues:83:21)
rejected promise not handled within 1 second: CodeExpectedError: Could not find pty on pty host
stack trace: CodeExpectedError: Could not find pty on pty host
    at D.U (/home/gestcompras/.vscode-server/bin/019f4d1419fbc8219a181fab7892ebccf7ee29a2/out/vs/platform/terminal/node/ptyHostMain.js:43:32578)
    at D.updateTitle (/home/gestcompras/.vscode-server/bin/019f4d1419fbc8219a181fab7892ebccf7ee29a2/out/vs/platform/terminal/node/ptyHostMain.js:43:27710)
    at T.<computed> (/home/gestcompras/.vscode-server/bin/019f4d1419fbc8219a181fab7892ebccf7ee29a2/out/vs/platform/terminal/node/ptyHostMain.js:43:22925)
    at Object.call (/home/gestcompras/.vscode-server/bin/019f4d1419fbc8219a181fab7892ebccf7ee29a2/out/vs/platform/terminal/node/ptyHostMain.js:34:5061)
    at u.s (/home/gestcompras/.vscode-server/bin/019f4d1419fbc8219a181fab7892ebccf7ee29a2/out/vs/platform/terminal/node/ptyHostMain.js:32:5165)
    at u.q (/home/gestcompras/.vscode-server/bin/019f4d1419fbc8219a181fab7892ebccf7ee29a2/out/vs/platform/terminal/node/ptyHostMain.js:32:4667)
    at l.value (/home/gestcompras/.vscode-server/bin/019f4d1419fbc8219a181fab7892ebccf7ee29a2/out/vs/platform/terminal/node/ptyHostMain.js:32:4065)
    at m.y (/home/gestcompras/.vscode-server/bin/019f4d1419fbc8219a181fab7892ebccf7ee29a2/out/vs/platform/terminal/node/ptyHostMain.js:27:1906)
    at m.fire (/home/gestcompras/.vscode-server/bin/019f4d1419fbc8219a181fab7892ebccf7ee29a2/out/vs/platform/terminal/node/ptyHostMain.js:27:2123)
    at process._ (/home/gestcompras/.vscode-server/bin/019f4d1419fbc8219a181fab7892ebccf7ee29a2/out/vs/platform/terminal/node/ptyHostMain.js:25:10025)
    at process.emit (node:events:514:28)
    at emit (node:internal/child_process:937:14)
    at process.processTicksAndRejections (node:internal/process/task_queues:83:21)
[10:27:33] Error [CodeExpectedError]: Could not find pty on pty host
    at D.U (/home/gestcompras/.vscode-server/bin/019f4d1419fbc8219a181fab7892ebccf7ee29a2/out/vs/platform/terminal/node/ptyHostMain.js:43:32578)
    at D.updateTitle (/home/gestcompras/.vscode-server/bin/019f4d1419fbc8219a181fab7892ebccf7ee29a2/out/vs/platform/terminal/node/ptyHostMain.js:43:27710)
    at T.<computed> (/home/gestcompras/.vscode-server/bin/019f4d1419fbc8219a181fab7892ebccf7ee29a2/out/vs/platform/terminal/node/ptyHostMain.js:43:22925)
    at Object.call (/home/gestcompras/.vscode-server/bin/019f4d1419fbc8219a181fab7892ebccf7ee29a2/out/vs/platform/terminal/node/ptyHostMain.js:34:5061)
    at u.s (/home/gestcompras/.vscode-server/bin/019f4d1419fbc8219a181fab7892ebccf7ee29a2/out/vs/platform/terminal/node/ptyHostMain.js:32:5165)
    at u.q (/home/gestcompras/.vscode-server/bin/019f4d1419fbc8219a181fab7892ebccf7ee29a2/out/vs/platform/terminal/node/ptyHostMain.js:32:4667)
    at l.value (/home/gestcompras/.vscode-server/bin/019f4d1419fbc8219a181fab7892ebccf7ee29a2/out/vs/platform/terminal/node/ptyHostMain.js:32:4065)
    at m.y (/home/gestcompras/.vscode-server/bin/019f4d1419fbc8219a181fab7892ebccf7ee29a2/out/vs/platform/terminal/node/ptyHostMain.js:27:1906)
    at m.fire (/home/gestcompras/.vscode-server/bin/019f4d1419fbc8219a181fab7892ebccf7ee29a2/out/vs/platform/terminal/node/ptyHostMain.js:27:2123)
    at process._ (/home/gestcompras/.vscode-server/bin/019f4d1419fbc8219a181fab7892ebccf7ee29a2/out/vs/platform/terminal/node/ptyHostMain.js:25:10025)
    at process.emit (node:events:514:28)
    at emit (node:internal/child_process:937:14)
    at process.processTicksAndRejections (node:internal/process/task_queues:83:21)
rejected promise not handled within 1 second: CodeExpectedError: Could not find pty on pty host
stack trace: CodeExpectedError: Could not find pty on pty host
    at D.U (/home/gestcompras/.vscode-server/bin/019f4d1419fbc8219a181fab7892ebccf7ee29a2/out/vs/platform/terminal/node/ptyHostMain.js:43:32578)
    at D.updateTitle (/home/gestcompras/.vscode-server/bin/019f4d1419fbc8219a181fab7892ebccf7ee29a2/out/vs/platform/terminal/node/ptyHostMain.js:43:27710)
    at T.<computed> (/home/gestcompras/.vscode-server/bin/019f4d1419fbc8219a181fab7892ebccf7ee29a2/out/vs/platform/terminal/node/ptyHostMain.js:43:22925)
    at Object.call (/home/gestcompras/.vscode-server/bin/019f4d1419fbc8219a181fab7892ebccf7ee29a2/out/vs/platform/terminal/node/ptyHostMain.js:34:5061)
    at u.s (/home/gestcompras/.vscode-server/bin/019f4d1419fbc8219a181fab7892ebccf7ee29a2/out/vs/platform/terminal/node/ptyHostMain.js:32:5165)
    at u.q (/home/gestcompras/.vscode-server/bin/019f4d1419fbc8219a181fab7892ebccf7ee29a2/out/vs/platform/terminal/node/ptyHostMain.js:32:4667)
    at l.value (/home/gestcompras/.vscode-server/bin/019f4d1419fbc8219a181fab7892ebccf7ee29a2/out/vs/platform/terminal/node/ptyHostMain.js:32:4065)
    at m.y (/home/gestcompras/.vscode-server/bin/019f4d1419fbc8219a181fab7892ebccf7ee29a2/out/vs/platform/terminal/node/ptyHostMain.js:27:1906)
    at m.fire (/home/gestcompras/.vscode-server/bin/019f4d1419fbc8219a181fab7892ebccf7ee29a2/out/vs/platform/terminal/node/ptyHostMain.js:27:2123)
    at process._ (/home/gestcompras/.vscode-server/bin/019f4d1419fbc8219a181fab7892ebccf7ee29a2/out/vs/platform/terminal/node/ptyHostMain.js:25:10025)
    at process.emit (node:events:514:28)
    at emit (node:internal/child_process:937:14)
    at process.processTicksAndRejections (node:internal/process/task_queues:83:21)
[10:27:33] Error [CodeExpectedError]: Could not find pty on pty host
    at D.U (/home/gestcompras/.vscode-server/bin/019f4d1419fbc8219a181fab7892ebccf7ee29a2/out/vs/platform/terminal/node/ptyHostMain.js:43:32578)
    at D.updateTitle (/home/gestcompras/.vscode-server/bin/019f4d1419fbc8219a181fab7892ebccf7ee29a2/out/vs/platform/terminal/node/ptyHostMain.js:43:27710)
    at T.<computed> (/home/gestcompras/.vscode-server/bin/019f4d1419fbc8219a181fab7892ebccf7ee29a2/out/vs/platform/terminal/node/ptyHostMain.js:43:22925)
    at Object.call (/home/gestcompras/.vscode-server/bin/019f4d1419fbc8219a181fab7892ebccf7ee29a2/out/vs/platform/terminal/node/ptyHostMain.js:34:5061)
    at u.s (/home/gestcompras/.vscode-server/bin/019f4d1419fbc8219a181fab7892ebccf7ee29a2/out/vs/platform/terminal/node/ptyHostMain.js:32:5165)
    at u.q (/home/gestcompras/.vscode-server/bin/019f4d1419fbc8219a181fab7892ebccf7ee29a2/out/vs/platform/terminal/node/ptyHostMain.js:32:4667)
    at l.value (/home/gestcompras/.vscode-server/bin/019f4d1419fbc8219a181fab7892ebccf7ee29a2/out/vs/platform/terminal/node/ptyHostMain.js:32:4065)
    at m.y (/home/gestcompras/.vscode-server/bin/019f4d1419fbc8219a181fab7892ebccf7ee29a2/out/vs/platform/terminal/node/ptyHostMain.js:27:1906)
    at m.fire (/home/gestcompras/.vscode-server/bin/019f4d1419fbc8219a181fab7892ebccf7ee29a2/out/vs/platform/terminal/node/ptyHostMain.js:27:2123)
    at process._ (/home/gestcompras/.vscode-server/bin/019f4d1419fbc8219a181fab7892ebccf7ee29a2/out/vs/platform/terminal/node/ptyHostMain.js:25:10025)
    at process.emit (node:events:514:28)
    at emit (node:internal/child_process:937:14)
    at process.processTicksAndRejections (node:internal/process/task_queues:83:21)
rejected promise not handled within 1 second: CodeExpectedError: Could not find pty on pty host
stack trace: CodeExpectedError: Could not find pty on pty host
    at D.U (/home/gestcompras/.vscode-server/bin/019f4d1419fbc8219a181fab7892ebccf7ee29a2/out/vs/platform/terminal/node/ptyHostMain.js:43:32578)
    at D.updateTitle (/home/gestcompras/.vscode-server/bin/019f4d1419fbc8219a181fab7892ebccf7ee29a2/out/vs/platform/terminal/node/ptyHostMain.js:43:27710)
    at T.<computed> (/home/gestcompras/.vscode-server/bin/019f4d1419fbc8219a181fab7892ebccf7ee29a2/out/vs/platform/terminal/node/ptyHostMain.js:43:22925)
    at Object.call (/home/gestcompras/.vscode-server/bin/019f4d1419fbc8219a181fab7892ebccf7ee29a2/out/vs/platform/terminal/node/ptyHostMain.js:34:5061)
    at u.s (/home/gestcompras/.vscode-server/bin/019f4d1419fbc8219a181fab7892ebccf7ee29a2/out/vs/platform/terminal/node/ptyHostMain.js:32:5165)
    at u.q (/home/gestcompras/.vscode-server/bin/019f4d1419fbc8219a181fab7892ebccf7ee29a2/out/vs/platform/terminal/node/ptyHostMain.js:32:4667)
    at l.value (/home/gestcompras/.vscode-server/bin/019f4d1419fbc8219a181fab7892ebccf7ee29a2/out/vs/platform/terminal/node/ptyHostMain.js:32:4065)
    at m.y (/home/gestcompras/.vscode-server/bin/019f4d1419fbc8219a181fab7892ebccf7ee29a2/out/vs/platform/terminal/node/ptyHostMain.js:27:1906)
    at m.fire (/home/gestcompras/.vscode-server/bin/019f4d1419fbc8219a181fab7892ebccf7ee29a2/out/vs/platform/terminal/node/ptyHostMain.js:27:2123)
    at process._ (/home/gestcompras/.vscode-server/bin/019f4d1419fbc8219a181fab7892ebccf7ee29a2/out/vs/platform/terminal/node/ptyHostMain.js:25:10025)
    at process.emit (node:events:514:28)
    at emit (node:internal/child_process:937:14)
    at process.processTicksAndRejections (node:internal/process/task_queues:83:21)
[10:27:33] Error [CodeExpectedError]: Could not find pty on pty host
    at D.U (/home/gestcompras/.vscode-server/bin/019f4d1419fbc8219a181fab7892ebccf7ee29a2/out/vs/platform/terminal/node/ptyHostMain.js:43:32578)
    at D.updateTitle (/home/gestcompras/.vscode-server/bin/019f4d1419fbc8219a181fab7892ebccf7ee29a2/out/vs/platform/terminal/node/ptyHostMain.js:43:27710)
    at T.<computed> (/home/gestcompras/.vscode-server/bin/019f4d1419fbc8219a181fab7892ebccf7ee29a2/out/vs/platform/terminal/node/ptyHostMain.js:43:22925)
    at Object.call (/home/gestcompras/.vscode-server/bin/019f4d1419fbc8219a181fab7892ebccf7ee29a2/out/vs/platform/terminal/node/ptyHostMain.js:34:5061)
    at u.s (/home/gestcompras/.vscode-server/bin/019f4d1419fbc8219a181fab7892ebccf7ee29a2/out/vs/platform/terminal/node/ptyHostMain.js:32:5165)
    at u.q (/home/gestcompras/.vscode-server/bin/019f4d1419fbc8219a181fab7892ebccf7ee29a2/out/vs/platform/terminal/node/ptyHostMain.js:32:4667)
    at l.value (/home/gestcompras/.vscode-server/bin/019f4d1419fbc8219a181fab7892ebccf7ee29a2/out/vs/platform/terminal/node/ptyHostMain.js:32:4065)
    at m.y (/home/gestcompras/.vscode-server/bin/019f4d1419fbc8219a181fab7892ebccf7ee29a2/out/vs/platform/terminal/node/ptyHostMain.js:27:1906)
    at m.fire (/home/gestcompras/.vscode-server/bin/019f4d1419fbc8219a181fab7892ebccf7ee29a2/out/vs/platform/terminal/node/ptyHostMain.js:27:2123)
    at process._ (/home/gestcompras/.vscode-server/bin/019f4d1419fbc8219a181fab7892ebccf7ee29a2/out/vs/platform/terminal/node/ptyHostMain.js:25:10025)
    at process.emit (node:events:514:28)
    at emit (node:internal/child_process:937:14)
    at process.processTicksAndRejections (node:internal/process/task_queues:83:21)
[10:28:04] [127.0.0.1][afc79d3f][ManagementConnection] The reconnection short grace time of 5m has expired, so the connection will be disposed.
[10:28:04] [127.0.0.1][335cf814][ExtensionHostConnection] <736511> Extension Host Process exited with code: 0, signal: null.
[10:28:05] [127.0.0.1][4eea45ab][ExtensionHostConnection] <732208> Extension Host Process exited with code: 0, signal: null.
[10:39:28] [127.0.0.1][b88af344][ManagementConnection] New connection established.
[10:39:28] [127.0.0.1][cfc0090c][ExtensionHostConnection] New connection established.
[10:39:28] [127.0.0.1][cfc0090c][ExtensionHostConnection] <748750> Launched Extension Host Process.
rejected promise not handled within 1 second: CodeExpectedError: Could not find pty on pty host
stack trace: CodeExpectedError: Could not find pty on pty host
    at D.U (/home/gestcompras/.vscode-server/bin/019f4d1419fbc8219a181fab7892ebccf7ee29a2/out/vs/platform/terminal/node/ptyHostMain.js:43:32578)
    at D.updateTitle (/home/gestcompras/.vscode-server/bin/019f4d1419fbc8219a181fab7892ebccf7ee29a2/out/vs/platform/terminal/node/ptyHostMain.js:43:27710)
    at T.<computed> (/home/gestcompras/.vscode-server/bin/019f4d1419fbc8219a181fab7892ebccf7ee29a2/out/vs/platform/terminal/node/ptyHostMain.js:43:22925)
    at Object.call (/home/gestcompras/.vscode-server/bin/019f4d1419fbc8219a181fab7892ebccf7ee29a2/out/vs/platform/terminal/node/ptyHostMain.js:34:5061)
    at u.s (/home/gestcompras/.vscode-server/bin/019f4d1419fbc8219a181fab7892ebccf7ee29a2/out/vs/platform/terminal/node/ptyHostMain.js:32:5165)
    at u.q (/home/gestcompras/.vscode-server/bin/019f4d1419fbc8219a181fab7892ebccf7ee29a2/out/vs/platform/terminal/node/ptyHostMain.js:32:4667)
    at l.value (/home/gestcompras/.vscode-server/bin/019f4d1419fbc8219a181fab7892ebccf7ee29a2/out/vs/platform/terminal/node/ptyHostMain.js:32:4065)
    at m.y (/home/gestcompras/.vscode-server/bin/019f4d1419fbc8219a181fab7892ebccf7ee29a2/out/vs/platform/terminal/node/ptyHostMain.js:27:1906)
    at m.fire (/home/gestcompras/.vscode-server/bin/019f4d1419fbc8219a181fab7892ebccf7ee29a2/out/vs/platform/terminal/node/ptyHostMain.js:27:2123)
    at process._ (/home/gestcompras/.vscode-server/bin/019f4d1419fbc8219a181fab7892ebccf7ee29a2/out/vs/platform/terminal/node/ptyHostMain.js:25:10025)
    at process.emit (node:events:514:28)
    at emit (node:internal/child_process:937:14)
    at process.processTicksAndRejections (node:internal/process/task_queues:83:21)
[10:39:30] Error [CodeExpectedError]: Could not find pty on pty host
    at D.U (/home/gestcompras/.vscode-server/bin/019f4d1419fbc8219a181fab7892ebccf7ee29a2/out/vs/platform/terminal/node/ptyHostMain.js:43:32578)
    at D.updateTitle (/home/gestcompras/.vscode-server/bin/019f4d1419fbc8219a181fab7892ebccf7ee29a2/out/vs/platform/terminal/node/ptyHostMain.js:43:27710)
    at T.<computed> (/home/gestcompras/.vscode-server/bin/019f4d1419fbc8219a181fab7892ebccf7ee29a2/out/vs/platform/terminal/node/ptyHostMain.js:43:22925)
    at Object.call (/home/gestcompras/.vscode-server/bin/019f4d1419fbc8219a181fab7892ebccf7ee29a2/out/vs/platform/terminal/node/ptyHostMain.js:34:5061)
    at u.s (/home/gestcompras/.vscode-server/bin/019f4d1419fbc8219a181fab7892ebccf7ee29a2/out/vs/platform/terminal/node/ptyHostMain.js:32:5165)
    at u.q (/home/gestcompras/.vscode-server/bin/019f4d1419fbc8219a181fab7892ebccf7ee29a2/out/vs/platform/terminal/node/ptyHostMain.js:32:4667)
    at l.value (/home/gestcompras/.vscode-server/bin/019f4d1419fbc8219a181fab7892ebccf7ee29a2/out/vs/platform/terminal/node/ptyHostMain.js:32:4065)
    at m.y (/home/gestcompras/.vscode-server/bin/019f4d1419fbc8219a181fab7892ebccf7ee29a2/out/vs/platform/terminal/node/ptyHostMain.js:27:1906)
    at m.fire (/home/gestcompras/.vscode-server/bin/019f4d1419fbc8219a181fab7892ebccf7ee29a2/out/vs/platform/terminal/node/ptyHostMain.js:27:2123)
    at process._ (/home/gestcompras/.vscode-server/bin/019f4d1419fbc8219a181fab7892ebccf7ee29a2/out/vs/platform/terminal/node/ptyHostMain.js:25:10025)
    at process.emit (node:events:514:28)
    at emit (node:internal/child_process:937:14)
    at process.processTicksAndRejections (node:internal/process/task_queues:83:21)
rejected promise not handled within 1 second: CodeExpectedError: Could not find pty on pty host
stack trace: CodeExpectedError: Could not find pty on pty host
    at D.U (/home/gestcompras/.vscode-server/bin/019f4d1419fbc8219a181fab7892ebccf7ee29a2/out/vs/platform/terminal/node/ptyHostMain.js:43:32578)
    at D.updateTitle (/home/gestcompras/.vscode-server/bin/019f4d1419fbc8219a181fab7892ebccf7ee29a2/out/vs/platform/terminal/node/ptyHostMain.js:43:27710)
    at T.<computed> (/home/gestcompras/.vscode-server/bin/019f4d1419fbc8219a181fab7892ebccf7ee29a2/out/vs/platform/terminal/node/ptyHostMain.js:43:22925)
    at Object.call (/home/gestcompras/.vscode-server/bin/019f4d1419fbc8219a181fab7892ebccf7ee29a2/out/vs/platform/terminal/node/ptyHostMain.js:34:5061)
    at u.s (/home/gestcompras/.vscode-server/bin/019f4d1419fbc8219a181fab7892ebccf7ee29a2/out/vs/platform/terminal/node/ptyHostMain.js:32:5165)
    at u.q (/home/gestcompras/.vscode-server/bin/019f4d1419fbc8219a181fab7892ebccf7ee29a2/out/vs/platform/terminal/node/ptyHostMain.js:32:4667)
    at l.value (/home/gestcompras/.vscode-server/bin/019f4d1419fbc8219a181fab7892ebccf7ee29a2/out/vs/platform/terminal/node/ptyHostMain.js:32:4065)
    at m.y (/home/gestcompras/.vscode-server/bin/019f4d1419fbc8219a181fab7892ebccf7ee29a2/out/vs/platform/terminal/node/ptyHostMain.js:27:1906)
    at m.fire (/home/gestcompras/.vscode-server/bin/019f4d1419fbc8219a181fab7892ebccf7ee29a2/out/vs/platform/terminal/node/ptyHostMain.js:27:2123)
    at process._ (/home/gestcompras/.vscode-server/bin/019f4d1419fbc8219a181fab7892ebccf7ee29a2/out/vs/platform/terminal/node/ptyHostMain.js:25:10025)
    at process.emit (node:events:514:28)
    at emit (node:internal/child_process:937:14)
    at process.processTicksAndRejections (node:internal/process/task_queues:83:21)
[10:39:34] Error [CodeExpectedError]: Could not find pty on pty host
    at D.U (/home/gestcompras/.vscode-server/bin/019f4d1419fbc8219a181fab7892ebccf7ee29a2/out/vs/platform/terminal/node/ptyHostMain.js:43:32578)
    at D.updateTitle (/home/gestcompras/.vscode-server/bin/019f4d1419fbc8219a181fab7892ebccf7ee29a2/out/vs/platform/terminal/node/ptyHostMain.js:43:27710)
    at T.<computed> (/home/gestcompras/.vscode-server/bin/019f4d1419fbc8219a181fab7892ebccf7ee29a2/out/vs/platform/terminal/node/ptyHostMain.js:43:22925)
    at Object.call (/home/gestcompras/.vscode-server/bin/019f4d1419fbc8219a181fab7892ebccf7ee29a2/out/vs/platform/terminal/node/ptyHostMain.js:34:5061)
    at u.s (/home/gestcompras/.vscode-server/bin/019f4d1419fbc8219a181fab7892ebccf7ee29a2/out/vs/platform/terminal/node/ptyHostMain.js:32:5165)
    at u.q (/home/gestcompras/.vscode-server/bin/019f4d1419fbc8219a181fab7892ebccf7ee29a2/out/vs/platform/terminal/node/ptyHostMain.js:32:4667)
    at l.value (/home/gestcompras/.vscode-server/bin/019f4d1419fbc8219a181fab7892ebccf7ee29a2/out/vs/platform/terminal/node/ptyHostMain.js:32:4065)
    at m.y (/home/gestcompras/.vscode-server/bin/019f4d1419fbc8219a181fab7892ebccf7ee29a2/out/vs/platform/terminal/node/ptyHostMain.js:27:1906)
    at m.fire (/home/gestcompras/.vscode-server/bin/019f4d1419fbc8219a181fab7892ebccf7ee29a2/out/vs/platform/terminal/node/ptyHostMain.js:27:2123)
    at process._ (/home/gestcompras/.vscode-server/bin/019f4d1419fbc8219a181fab7892ebccf7ee29a2/out/vs/platform/terminal/node/ptyHostMain.js:25:10025)
    at process.emit (node:events:514:28)
    at emit (node:internal/child_process:937:14)
    at process.processTicksAndRejections (node:internal/process/task_queues:83:21)
rejected promise not handled within 1 second: CodeExpectedError: Could not find pty on pty host
stack trace: CodeExpectedError: Could not find pty on pty host
    at D.U (/home/gestcompras/.vscode-server/bin/019f4d1419fbc8219a181fab7892ebccf7ee29a2/out/vs/platform/terminal/node/ptyHostMain.js:43:32578)
    at D.updateIcon (/home/gestcompras/.vscode-server/bin/019f4d1419fbc8219a181fab7892ebccf7ee29a2/out/vs/platform/terminal/node/ptyHostMain.js:43:27763)
    at T.<computed> (/home/gestcompras/.vscode-server/bin/019f4d1419fbc8219a181fab7892ebccf7ee29a2/out/vs/platform/terminal/node/ptyHostMain.js:43:22925)
    at Object.call (/home/gestcompras/.vscode-server/bin/019f4d1419fbc8219a181fab7892ebccf7ee29a2/out/vs/platform/terminal/node/ptyHostMain.js:34:5061)
    at u.s (/home/gestcompras/.vscode-server/bin/019f4d1419fbc8219a181fab7892ebccf7ee29a2/out/vs/platform/terminal/node/ptyHostMain.js:32:5165)
    at u.q (/home/gestcompras/.vscode-server/bin/019f4d1419fbc8219a181fab7892ebccf7ee29a2/out/vs/platform/terminal/node/ptyHostMain.js:32:4667)
    at l.value (/home/gestcompras/.vscode-server/bin/019f4d1419fbc8219a181fab7892ebccf7ee29a2/out/vs/platform/terminal/node/ptyHostMain.js:32:4065)
    at m.y (/home/gestcompras/.vscode-server/bin/019f4d1419fbc8219a181fab7892ebccf7ee29a2/out/vs/platform/terminal/node/ptyHostMain.js:27:1906)
    at m.fire (/home/gestcompras/.vscode-server/bin/019f4d1419fbc8219a181fab7892ebccf7ee29a2/out/vs/platform/terminal/node/ptyHostMain.js:27:2123)
    at process._ (/home/gestcompras/.vscode-server/bin/019f4d1419fbc8219a181fab7892ebccf7ee29a2/out/vs/platform/terminal/node/ptyHostMain.js:25:10025)
    at process.emit (node:events:514:28)
    at emit (node:internal/child_process:937:14)
    at process.processTicksAndRejections (node:internal/process/task_queues:83:21)
[10:39:34] Error [CodeExpectedError]: Could not find pty on pty host
    at D.U (/home/gestcompras/.vscode-server/bin/019f4d1419fbc8219a181fab7892ebccf7ee29a2/out/vs/platform/terminal/node/ptyHostMain.js:43:32578)
    at D.updateIcon (/home/gestcompras/.vscode-server/bin/019f4d1419fbc8219a181fab7892ebccf7ee29a2/out/vs/platform/terminal/node/ptyHostMain.js:43:27763)
    at T.<computed> (/home/gestcompras/.vscode-server/bin/019f4d1419fbc8219a181fab7892ebccf7ee29a2/out/vs/platform/terminal/node/ptyHostMain.js:43:22925)
    at Object.call (/home/gestcompras/.vscode-server/bin/019f4d1419fbc8219a181fab7892ebccf7ee29a2/out/vs/platform/terminal/node/ptyHostMain.js:34:5061)
    at u.s (/home/gestcompras/.vscode-server/bin/019f4d1419fbc8219a181fab7892ebccf7ee29a2/out/vs/platform/terminal/node/ptyHostMain.js:32:5165)
    at u.q (/home/gestcompras/.vscode-server/bin/019f4d1419fbc8219a181fab7892ebccf7ee29a2/out/vs/platform/terminal/node/ptyHostMain.js:32:4667)
    at l.value (/home/gestcompras/.vscode-server/bin/019f4d1419fbc8219a181fab7892ebccf7ee29a2/out/vs/platform/terminal/node/ptyHostMain.js:32:4065)
    at m.y (/home/gestcompras/.vscode-server/bin/019f4d1419fbc8219a181fab7892ebccf7ee29a2/out/vs/platform/terminal/node/ptyHostMain.js:27:1906)
    at m.fire (/home/gestcompras/.vscode-server/bin/019f4d1419fbc8219a181fab7892ebccf7ee29a2/out/vs/platform/terminal/node/ptyHostMain.js:27:2123)
    at process._ (/home/gestcompras/.vscode-server/bin/019f4d1419fbc8219a181fab7892ebccf7ee29a2/out/vs/platform/terminal/node/ptyHostMain.js:25:10025)
    at process.emit (node:events:514:28)
    at emit (node:internal/child_process:937:14)
    at process.processTicksAndRejections (node:internal/process/task_queues:83:21)
