*
* Visual Studio Code Server
*
* By using the software, you agree to
* the Visual Studio Code Server License Terms (https://aka.ms/vscode-server-license) and
* the Microsoft Privacy Statement (https://privacy.microsoft.com/en-US/privacystatement).
*
Server bound to 127.0.0.1:34425 (IPv4)
Extension host agent listening on 34425

[14:37:46] 




[14:37:47] Extension host agent started.
[14:37:47] [127.0.0.1][2b27cc26][ExtensionHostConnection] New connection established.
[14:37:47] [127.0.0.1][32ad7e6f][ManagementConnection] New connection established.
[14:37:48] [127.0.0.1][2b27cc26][ExtensionHostConnection] <844966> Launched Extension Host Process.
[14:38:15] [127.0.0.1][32ad7e6f][ManagementConnection] The client has disconnected gracefully, so the connection will be disposed.
[14:38:15] [127.0.0.1][2b27cc26][ExtensionHostConnection] <844966> Extension Host Process exited with code: 0, signal: null.
Cancelling previous shutdown timeout
[14:38:15] Cancelling previous shutdown timeout
Last EH closed, waiting before shutting down
[14:38:15] Last EH closed, waiting before shutting down
Got delay-shutdown request while in shutdown timeout, delaying
[14:38:28] Got delay-shutdown request while in shutdown timeout, delaying
Cancelling previous shutdown timeout
[14:38:28] Cancelling previous shutdown timeout
[14:38:28] [127.0.0.1][2ac978af][ManagementConnection] New connection established.
[14:38:28] [127.0.0.1][3debf275][ExtensionHostConnection] New connection established.
[14:38:28] [127.0.0.1][3debf275][ExtensionHostConnection] <845152> Launched Extension Host Process.
rejected promise not handled within 1 second: CodeExpectedError: Could not find pty on pty host
stack trace: CodeExpectedError: Could not find pty on pty host
    at A.U (/home/gestcompras/.vscode-server/bin/05047486b6df5eb8d44b2ecd70ea3bdf775fd937/out/vs/platform/terminal/node/ptyHostMain.js:43:32407)
    at A.updateTitle (/home/gestcompras/.vscode-server/bin/05047486b6df5eb8d44b2ecd70ea3bdf775fd937/out/vs/platform/terminal/node/ptyHostMain.js:43:27539)
    at U.<computed> (/home/gestcompras/.vscode-server/bin/05047486b6df5eb8d44b2ecd70ea3bdf775fd937/out/vs/platform/terminal/node/ptyHostMain.js:43:22765)
    at Object.call (/home/gestcompras/.vscode-server/bin/05047486b6df5eb8d44b2ecd70ea3bdf775fd937/out/vs/platform/terminal/node/ptyHostMain.js:34:5041)
    at $.s (/home/gestcompras/.vscode-server/bin/05047486b6df5eb8d44b2ecd70ea3bdf775fd937/out/vs/platform/terminal/node/ptyHostMain.js:32:5153)
    at $.q (/home/gestcompras/.vscode-server/bin/05047486b6df5eb8d44b2ecd70ea3bdf775fd937/out/vs/platform/terminal/node/ptyHostMain.js:32:4662)
    at a.value (/home/gestcompras/.vscode-server/bin/05047486b6df5eb8d44b2ecd70ea3bdf775fd937/out/vs/platform/terminal/node/ptyHostMain.js:32:4064)
    at d.y (/home/gestcompras/.vscode-server/bin/05047486b6df5eb8d44b2ecd70ea3bdf775fd937/out/vs/platform/terminal/node/ptyHostMain.js:27:1906)
    at d.fire (/home/gestcompras/.vscode-server/bin/05047486b6df5eb8d44b2ecd70ea3bdf775fd937/out/vs/platform/terminal/node/ptyHostMain.js:27:2123)
    at process.ne (/home/gestcompras/.vscode-server/bin/05047486b6df5eb8d44b2ecd70ea3bdf775fd937/out/vs/platform/terminal/node/ptyHostMain.js:25:10072)
    at process.emit (node:events:514:28)
    at emit (node:internal/child_process:937:14)
    at process.processTicksAndRejections (node:internal/process/task_queues:83:21)
[14:38:30] Error [CodeExpectedError]: Could not find pty on pty host
    at A.U (/home/gestcompras/.vscode-server/bin/05047486b6df5eb8d44b2ecd70ea3bdf775fd937/out/vs/platform/terminal/node/ptyHostMain.js:43:32407)
    at A.updateTitle (/home/gestcompras/.vscode-server/bin/05047486b6df5eb8d44b2ecd70ea3bdf775fd937/out/vs/platform/terminal/node/ptyHostMain.js:43:27539)
    at U.<computed> (/home/gestcompras/.vscode-server/bin/05047486b6df5eb8d44b2ecd70ea3bdf775fd937/out/vs/platform/terminal/node/ptyHostMain.js:43:22765)
    at Object.call (/home/gestcompras/.vscode-server/bin/05047486b6df5eb8d44b2ecd70ea3bdf775fd937/out/vs/platform/terminal/node/ptyHostMain.js:34:5041)
    at $.s (/home/gestcompras/.vscode-server/bin/05047486b6df5eb8d44b2ecd70ea3bdf775fd937/out/vs/platform/terminal/node/ptyHostMain.js:32:5153)
    at $.q (/home/gestcompras/.vscode-server/bin/05047486b6df5eb8d44b2ecd70ea3bdf775fd937/out/vs/platform/terminal/node/ptyHostMain.js:32:4662)
    at a.value (/home/gestcompras/.vscode-server/bin/05047486b6df5eb8d44b2ecd70ea3bdf775fd937/out/vs/platform/terminal/node/ptyHostMain.js:32:4064)
    at d.y (/home/gestcompras/.vscode-server/bin/05047486b6df5eb8d44b2ecd70ea3bdf775fd937/out/vs/platform/terminal/node/ptyHostMain.js:27:1906)
    at d.fire (/home/gestcompras/.vscode-server/bin/05047486b6df5eb8d44b2ecd70ea3bdf775fd937/out/vs/platform/terminal/node/ptyHostMain.js:27:2123)
    at process.ne (/home/gestcompras/.vscode-server/bin/05047486b6df5eb8d44b2ecd70ea3bdf775fd937/out/vs/platform/terminal/node/ptyHostMain.js:25:10072)
    at process.emit (node:events:514:28)
    at emit (node:internal/child_process:937:14)
    at process.processTicksAndRejections (node:internal/process/task_queues:83:21)
New EH opened, aborting shutdown
[14:43:28] New EH opened, aborting shutdown
[15:33:27] [127.0.0.1][ae9a7ce7][ManagementConnection] New connection established.
[15:33:27] [127.0.0.1][1d8b1bc5][ExtensionHostConnection] New connection established.
[15:33:27] [127.0.0.1][1d8b1bc5][ExtensionHostConnection] <849555> Launched Extension Host Process.
rejected promise not handled within 1 second: CodeExpectedError: Could not find pty on pty host
stack trace: CodeExpectedError: Could not find pty on pty host
    at A.U (/home/gestcompras/.vscode-server/bin/05047486b6df5eb8d44b2ecd70ea3bdf775fd937/out/vs/platform/terminal/node/ptyHostMain.js:43:32407)
    at A.updateTitle (/home/gestcompras/.vscode-server/bin/05047486b6df5eb8d44b2ecd70ea3bdf775fd937/out/vs/platform/terminal/node/ptyHostMain.js:43:27539)
    at U.<computed> (/home/gestcompras/.vscode-server/bin/05047486b6df5eb8d44b2ecd70ea3bdf775fd937/out/vs/platform/terminal/node/ptyHostMain.js:43:22765)
    at Object.call (/home/gestcompras/.vscode-server/bin/05047486b6df5eb8d44b2ecd70ea3bdf775fd937/out/vs/platform/terminal/node/ptyHostMain.js:34:5041)
    at $.s (/home/gestcompras/.vscode-server/bin/05047486b6df5eb8d44b2ecd70ea3bdf775fd937/out/vs/platform/terminal/node/ptyHostMain.js:32:5153)
    at $.q (/home/gestcompras/.vscode-server/bin/05047486b6df5eb8d44b2ecd70ea3bdf775fd937/out/vs/platform/terminal/node/ptyHostMain.js:32:4662)
    at a.value (/home/gestcompras/.vscode-server/bin/05047486b6df5eb8d44b2ecd70ea3bdf775fd937/out/vs/platform/terminal/node/ptyHostMain.js:32:4064)
    at d.y (/home/gestcompras/.vscode-server/bin/05047486b6df5eb8d44b2ecd70ea3bdf775fd937/out/vs/platform/terminal/node/ptyHostMain.js:27:1906)
    at d.fire (/home/gestcompras/.vscode-server/bin/05047486b6df5eb8d44b2ecd70ea3bdf775fd937/out/vs/platform/terminal/node/ptyHostMain.js:27:2123)
    at process.ne (/home/gestcompras/.vscode-server/bin/05047486b6df5eb8d44b2ecd70ea3bdf775fd937/out/vs/platform/terminal/node/ptyHostMain.js:25:10072)
    at process.emit (node:events:514:28)
    at emit (node:internal/child_process:937:14)
    at process.processTicksAndRejections (node:internal/process/task_queues:83:21)
[15:33:29] Error [CodeExpectedError]: Could not find pty on pty host
    at A.U (/home/gestcompras/.vscode-server/bin/05047486b6df5eb8d44b2ecd70ea3bdf775fd937/out/vs/platform/terminal/node/ptyHostMain.js:43:32407)
    at A.updateTitle (/home/gestcompras/.vscode-server/bin/05047486b6df5eb8d44b2ecd70ea3bdf775fd937/out/vs/platform/terminal/node/ptyHostMain.js:43:27539)
    at U.<computed> (/home/gestcompras/.vscode-server/bin/05047486b6df5eb8d44b2ecd70ea3bdf775fd937/out/vs/platform/terminal/node/ptyHostMain.js:43:22765)
    at Object.call (/home/gestcompras/.vscode-server/bin/05047486b6df5eb8d44b2ecd70ea3bdf775fd937/out/vs/platform/terminal/node/ptyHostMain.js:34:5041)
    at $.s (/home/gestcompras/.vscode-server/bin/05047486b6df5eb8d44b2ecd70ea3bdf775fd937/out/vs/platform/terminal/node/ptyHostMain.js:32:5153)
    at $.q (/home/gestcompras/.vscode-server/bin/05047486b6df5eb8d44b2ecd70ea3bdf775fd937/out/vs/platform/terminal/node/ptyHostMain.js:32:4662)
    at a.value (/home/gestcompras/.vscode-server/bin/05047486b6df5eb8d44b2ecd70ea3bdf775fd937/out/vs/platform/terminal/node/ptyHostMain.js:32:4064)
    at d.y (/home/gestcompras/.vscode-server/bin/05047486b6df5eb8d44b2ecd70ea3bdf775fd937/out/vs/platform/terminal/node/ptyHostMain.js:27:1906)
    at d.fire (/home/gestcompras/.vscode-server/bin/05047486b6df5eb8d44b2ecd70ea3bdf775fd937/out/vs/platform/terminal/node/ptyHostMain.js:27:2123)
    at process.ne (/home/gestcompras/.vscode-server/bin/05047486b6df5eb8d44b2ecd70ea3bdf775fd937/out/vs/platform/terminal/node/ptyHostMain.js:25:10072)
    at process.emit (node:events:514:28)
    at emit (node:internal/child_process:937:14)
    at process.processTicksAndRejections (node:internal/process/task_queues:83:21)
[15:38:27] [127.0.0.1][3debf275][ExtensionHostConnection] <845152> Extension Host Process exited with code: 0, signal: null.
[19:33:49] [127.0.0.1][1d8b1bc5][ExtensionHostConnection] <849555> Extension Host Process exited with code: 0, signal: null.
Last EH closed, waiting before shutting down
[19:33:49] Last EH closed, waiting before shutting down
Last EH closed, shutting down
[19:38:49] Last EH closed, shutting down
