*
* Visual Studio Code Server
*
* By using the software, you agree to
* the Visual Studio Code Server License Terms (https://aka.ms/vscode-server-license) and
* the Microsoft Privacy Statement (https://privacy.microsoft.com/en-US/privacystatement).
*
Server bound to 127.0.0.1:38057 (IPv4)
Extension host agent listening on 38057

[15:32:15] 




[15:32:15] Extension host agent started.
[15:32:15] Deleted uninstalled extension from disk ms-ceintl.vscode-language-pack-pt-br /home/gestcompras/.vscode-server/extensions/ms-ceintl.vscode-language-pack-pt-br-1.85.2024020709
[15:32:15] [127.0.0.1][b182749f][ManagementConnection] New connection established.
[15:32:15] [127.0.0.1][bb258873][ExtensionHostConnection] New connection established.
[15:32:16] [127.0.0.1][bb258873][ExtensionHostConnection] <1771279> Launched Extension Host Process.
New EH opened, aborting shutdown
[15:37:15] New EH opened, aborting shutdown
[15:42:31] [127.0.0.1][b182749f][ManagementConnection] The client has reconnected.
rejected promise not handled within 1 second: CodeExpectedError: Could not find pty on pty host
stack trace: CodeExpectedError: Could not find pty on pty host
    at A.U (/home/gestcompras/.vscode-server/bin/31c37ee8f63491495ac49e43b8544550fbae4533/out/vs/platform/terminal/node/ptyHostMain.js:43:32407)
    at A.updateIcon (/home/gestcompras/.vscode-server/bin/31c37ee8f63491495ac49e43b8544550fbae4533/out/vs/platform/terminal/node/ptyHostMain.js:43:27592)
    at U.<computed> (/home/gestcompras/.vscode-server/bin/31c37ee8f63491495ac49e43b8544550fbae4533/out/vs/platform/terminal/node/ptyHostMain.js:43:22765)
    at Object.call (/home/gestcompras/.vscode-server/bin/31c37ee8f63491495ac49e43b8544550fbae4533/out/vs/platform/terminal/node/ptyHostMain.js:34:5041)
    at $.s (/home/gestcompras/.vscode-server/bin/31c37ee8f63491495ac49e43b8544550fbae4533/out/vs/platform/terminal/node/ptyHostMain.js:32:5153)
    at $.q (/home/gestcompras/.vscode-server/bin/31c37ee8f63491495ac49e43b8544550fbae4533/out/vs/platform/terminal/node/ptyHostMain.js:32:4662)
    at a.value (/home/gestcompras/.vscode-server/bin/31c37ee8f63491495ac49e43b8544550fbae4533/out/vs/platform/terminal/node/ptyHostMain.js:32:4064)
    at d.y (/home/gestcompras/.vscode-server/bin/31c37ee8f63491495ac49e43b8544550fbae4533/out/vs/platform/terminal/node/ptyHostMain.js:27:1906)
    at d.fire (/home/gestcompras/.vscode-server/bin/31c37ee8f63491495ac49e43b8544550fbae4533/out/vs/platform/terminal/node/ptyHostMain.js:27:2123)
    at process.ne (/home/gestcompras/.vscode-server/bin/31c37ee8f63491495ac49e43b8544550fbae4533/out/vs/platform/terminal/node/ptyHostMain.js:25:10072)
    at process.emit (node:events:514:28)
    at emit (node:internal/child_process:937:14)
    at process.processTicksAndRejections (node:internal/process/task_queues:83:21)
[15:42:32] Error [CodeExpectedError]: Could not find pty on pty host
    at A.U (/home/gestcompras/.vscode-server/bin/31c37ee8f63491495ac49e43b8544550fbae4533/out/vs/platform/terminal/node/ptyHostMain.js:43:32407)
    at A.updateIcon (/home/gestcompras/.vscode-server/bin/31c37ee8f63491495ac49e43b8544550fbae4533/out/vs/platform/terminal/node/ptyHostMain.js:43:27592)
    at U.<computed> (/home/gestcompras/.vscode-server/bin/31c37ee8f63491495ac49e43b8544550fbae4533/out/vs/platform/terminal/node/ptyHostMain.js:43:22765)
    at Object.call (/home/gestcompras/.vscode-server/bin/31c37ee8f63491495ac49e43b8544550fbae4533/out/vs/platform/terminal/node/ptyHostMain.js:34:5041)
    at $.s (/home/gestcompras/.vscode-server/bin/31c37ee8f63491495ac49e43b8544550fbae4533/out/vs/platform/terminal/node/ptyHostMain.js:32:5153)
    at $.q (/home/gestcompras/.vscode-server/bin/31c37ee8f63491495ac49e43b8544550fbae4533/out/vs/platform/terminal/node/ptyHostMain.js:32:4662)
    at a.value (/home/gestcompras/.vscode-server/bin/31c37ee8f63491495ac49e43b8544550fbae4533/out/vs/platform/terminal/node/ptyHostMain.js:32:4064)
    at d.y (/home/gestcompras/.vscode-server/bin/31c37ee8f63491495ac49e43b8544550fbae4533/out/vs/platform/terminal/node/ptyHostMain.js:27:1906)
    at d.fire (/home/gestcompras/.vscode-server/bin/31c37ee8f63491495ac49e43b8544550fbae4533/out/vs/platform/terminal/node/ptyHostMain.js:27:2123)
    at process.ne (/home/gestcompras/.vscode-server/bin/31c37ee8f63491495ac49e43b8544550fbae4533/out/vs/platform/terminal/node/ptyHostMain.js:25:10072)
    at process.emit (node:events:514:28)
    at emit (node:internal/child_process:937:14)
    at process.processTicksAndRejections (node:internal/process/task_queues:83:21)
rejected promise not handled within 1 second: CodeExpectedError: Could not find pty on pty host
stack trace: CodeExpectedError: Could not find pty on pty host
    at A.U (/home/gestcompras/.vscode-server/bin/31c37ee8f63491495ac49e43b8544550fbae4533/out/vs/platform/terminal/node/ptyHostMain.js:43:32407)
    at A.updateTitle (/home/gestcompras/.vscode-server/bin/31c37ee8f63491495ac49e43b8544550fbae4533/out/vs/platform/terminal/node/ptyHostMain.js:43:27539)
    at U.<computed> (/home/gestcompras/.vscode-server/bin/31c37ee8f63491495ac49e43b8544550fbae4533/out/vs/platform/terminal/node/ptyHostMain.js:43:22765)
    at Object.call (/home/gestcompras/.vscode-server/bin/31c37ee8f63491495ac49e43b8544550fbae4533/out/vs/platform/terminal/node/ptyHostMain.js:34:5041)
    at $.s (/home/gestcompras/.vscode-server/bin/31c37ee8f63491495ac49e43b8544550fbae4533/out/vs/platform/terminal/node/ptyHostMain.js:32:5153)
    at $.q (/home/gestcompras/.vscode-server/bin/31c37ee8f63491495ac49e43b8544550fbae4533/out/vs/platform/terminal/node/ptyHostMain.js:32:4662)
    at a.value (/home/gestcompras/.vscode-server/bin/31c37ee8f63491495ac49e43b8544550fbae4533/out/vs/platform/terminal/node/ptyHostMain.js:32:4064)
    at d.y (/home/gestcompras/.vscode-server/bin/31c37ee8f63491495ac49e43b8544550fbae4533/out/vs/platform/terminal/node/ptyHostMain.js:27:1906)
    at d.fire (/home/gestcompras/.vscode-server/bin/31c37ee8f63491495ac49e43b8544550fbae4533/out/vs/platform/terminal/node/ptyHostMain.js:27:2123)
    at process.ne (/home/gestcompras/.vscode-server/bin/31c37ee8f63491495ac49e43b8544550fbae4533/out/vs/platform/terminal/node/ptyHostMain.js:25:10072)
    at process.emit (node:events:514:28)
    at emit (node:internal/child_process:937:14)
    at process.processTicksAndRejections (node:internal/process/task_queues:83:21)
[15:42:32] Error [CodeExpectedError]: Could not find pty on pty host
    at A.U (/home/gestcompras/.vscode-server/bin/31c37ee8f63491495ac49e43b8544550fbae4533/out/vs/platform/terminal/node/ptyHostMain.js:43:32407)
    at A.updateTitle (/home/gestcompras/.vscode-server/bin/31c37ee8f63491495ac49e43b8544550fbae4533/out/vs/platform/terminal/node/ptyHostMain.js:43:27539)
    at U.<computed> (/home/gestcompras/.vscode-server/bin/31c37ee8f63491495ac49e43b8544550fbae4533/out/vs/platform/terminal/node/ptyHostMain.js:43:22765)
    at Object.call (/home/gestcompras/.vscode-server/bin/31c37ee8f63491495ac49e43b8544550fbae4533/out/vs/platform/terminal/node/ptyHostMain.js:34:5041)
    at $.s (/home/gestcompras/.vscode-server/bin/31c37ee8f63491495ac49e43b8544550fbae4533/out/vs/platform/terminal/node/ptyHostMain.js:32:5153)
    at $.q (/home/gestcompras/.vscode-server/bin/31c37ee8f63491495ac49e43b8544550fbae4533/out/vs/platform/terminal/node/ptyHostMain.js:32:4662)
    at a.value (/home/gestcompras/.vscode-server/bin/31c37ee8f63491495ac49e43b8544550fbae4533/out/vs/platform/terminal/node/ptyHostMain.js:32:4064)
    at d.y (/home/gestcompras/.vscode-server/bin/31c37ee8f63491495ac49e43b8544550fbae4533/out/vs/platform/terminal/node/ptyHostMain.js:27:1906)
    at d.fire (/home/gestcompras/.vscode-server/bin/31c37ee8f63491495ac49e43b8544550fbae4533/out/vs/platform/terminal/node/ptyHostMain.js:27:2123)
    at process.ne (/home/gestcompras/.vscode-server/bin/31c37ee8f63491495ac49e43b8544550fbae4533/out/vs/platform/terminal/node/ptyHostMain.js:25:10072)
    at process.emit (node:events:514:28)
    at emit (node:internal/child_process:937:14)
    at process.processTicksAndRejections (node:internal/process/task_queues:83:21)
rejected promise not handled within 1 second: CodeExpectedError: Could not find pty on pty host
stack trace: CodeExpectedError: Could not find pty on pty host
    at A.U (/home/gestcompras/.vscode-server/bin/31c37ee8f63491495ac49e43b8544550fbae4533/out/vs/platform/terminal/node/ptyHostMain.js:43:32407)
    at A.updateTitle (/home/gestcompras/.vscode-server/bin/31c37ee8f63491495ac49e43b8544550fbae4533/out/vs/platform/terminal/node/ptyHostMain.js:43:27539)
    at U.<computed> (/home/gestcompras/.vscode-server/bin/31c37ee8f63491495ac49e43b8544550fbae4533/out/vs/platform/terminal/node/ptyHostMain.js:43:22765)
    at Object.call (/home/gestcompras/.vscode-server/bin/31c37ee8f63491495ac49e43b8544550fbae4533/out/vs/platform/terminal/node/ptyHostMain.js:34:5041)
    at $.s (/home/gestcompras/.vscode-server/bin/31c37ee8f63491495ac49e43b8544550fbae4533/out/vs/platform/terminal/node/ptyHostMain.js:32:5153)
    at $.q (/home/gestcompras/.vscode-server/bin/31c37ee8f63491495ac49e43b8544550fbae4533/out/vs/platform/terminal/node/ptyHostMain.js:32:4662)
    at a.value (/home/gestcompras/.vscode-server/bin/31c37ee8f63491495ac49e43b8544550fbae4533/out/vs/platform/terminal/node/ptyHostMain.js:32:4064)
    at d.y (/home/gestcompras/.vscode-server/bin/31c37ee8f63491495ac49e43b8544550fbae4533/out/vs/platform/terminal/node/ptyHostMain.js:27:1906)
    at d.fire (/home/gestcompras/.vscode-server/bin/31c37ee8f63491495ac49e43b8544550fbae4533/out/vs/platform/terminal/node/ptyHostMain.js:27:2123)
    at process.ne (/home/gestcompras/.vscode-server/bin/31c37ee8f63491495ac49e43b8544550fbae4533/out/vs/platform/terminal/node/ptyHostMain.js:25:10072)
    at process.emit (node:events:514:28)
    at emit (node:internal/child_process:937:14)
    at process.processTicksAndRejections (node:internal/process/task_queues:83:21)
[15:42:32] Error [CodeExpectedError]: Could not find pty on pty host
    at A.U (/home/gestcompras/.vscode-server/bin/31c37ee8f63491495ac49e43b8544550fbae4533/out/vs/platform/terminal/node/ptyHostMain.js:43:32407)
    at A.updateTitle (/home/gestcompras/.vscode-server/bin/31c37ee8f63491495ac49e43b8544550fbae4533/out/vs/platform/terminal/node/ptyHostMain.js:43:27539)
    at U.<computed> (/home/gestcompras/.vscode-server/bin/31c37ee8f63491495ac49e43b8544550fbae4533/out/vs/platform/terminal/node/ptyHostMain.js:43:22765)
    at Object.call (/home/gestcompras/.vscode-server/bin/31c37ee8f63491495ac49e43b8544550fbae4533/out/vs/platform/terminal/node/ptyHostMain.js:34:5041)
    at $.s (/home/gestcompras/.vscode-server/bin/31c37ee8f63491495ac49e43b8544550fbae4533/out/vs/platform/terminal/node/ptyHostMain.js:32:5153)
    at $.q (/home/gestcompras/.vscode-server/bin/31c37ee8f63491495ac49e43b8544550fbae4533/out/vs/platform/terminal/node/ptyHostMain.js:32:4662)
    at a.value (/home/gestcompras/.vscode-server/bin/31c37ee8f63491495ac49e43b8544550fbae4533/out/vs/platform/terminal/node/ptyHostMain.js:32:4064)
    at d.y (/home/gestcompras/.vscode-server/bin/31c37ee8f63491495ac49e43b8544550fbae4533/out/vs/platform/terminal/node/ptyHostMain.js:27:1906)
    at d.fire (/home/gestcompras/.vscode-server/bin/31c37ee8f63491495ac49e43b8544550fbae4533/out/vs/platform/terminal/node/ptyHostMain.js:27:2123)
    at process.ne (/home/gestcompras/.vscode-server/bin/31c37ee8f63491495ac49e43b8544550fbae4533/out/vs/platform/terminal/node/ptyHostMain.js:25:10072)
    at process.emit (node:events:514:28)
    at emit (node:internal/child_process:937:14)
    at process.processTicksAndRejections (node:internal/process/task_queues:83:21)
rejected promise not handled within 1 second: CodeExpectedError: Could not find pty on pty host
stack trace: CodeExpectedError: Could not find pty on pty host
    at A.U (/home/gestcompras/.vscode-server/bin/31c37ee8f63491495ac49e43b8544550fbae4533/out/vs/platform/terminal/node/ptyHostMain.js:43:32407)
    at A.updateTitle (/home/gestcompras/.vscode-server/bin/31c37ee8f63491495ac49e43b8544550fbae4533/out/vs/platform/terminal/node/ptyHostMain.js:43:27539)
    at U.<computed> (/home/gestcompras/.vscode-server/bin/31c37ee8f63491495ac49e43b8544550fbae4533/out/vs/platform/terminal/node/ptyHostMain.js:43:22765)
    at Object.call (/home/gestcompras/.vscode-server/bin/31c37ee8f63491495ac49e43b8544550fbae4533/out/vs/platform/terminal/node/ptyHostMain.js:34:5041)
    at $.s (/home/gestcompras/.vscode-server/bin/31c37ee8f63491495ac49e43b8544550fbae4533/out/vs/platform/terminal/node/ptyHostMain.js:32:5153)
    at $.q (/home/gestcompras/.vscode-server/bin/31c37ee8f63491495ac49e43b8544550fbae4533/out/vs/platform/terminal/node/ptyHostMain.js:32:4662)
    at a.value (/home/gestcompras/.vscode-server/bin/31c37ee8f63491495ac49e43b8544550fbae4533/out/vs/platform/terminal/node/ptyHostMain.js:32:4064)
    at d.y (/home/gestcompras/.vscode-server/bin/31c37ee8f63491495ac49e43b8544550fbae4533/out/vs/platform/terminal/node/ptyHostMain.js:27:1906)
    at d.fire (/home/gestcompras/.vscode-server/bin/31c37ee8f63491495ac49e43b8544550fbae4533/out/vs/platform/terminal/node/ptyHostMain.js:27:2123)
    at process.ne (/home/gestcompras/.vscode-server/bin/31c37ee8f63491495ac49e43b8544550fbae4533/out/vs/platform/terminal/node/ptyHostMain.js:25:10072)
    at process.emit (node:events:514:28)
    at emit (node:internal/child_process:937:14)
    at process.processTicksAndRejections (node:internal/process/task_queues:83:21)
[15:42:33] Error [CodeExpectedError]: Could not find pty on pty host
    at A.U (/home/gestcompras/.vscode-server/bin/31c37ee8f63491495ac49e43b8544550fbae4533/out/vs/platform/terminal/node/ptyHostMain.js:43:32407)
    at A.updateTitle (/home/gestcompras/.vscode-server/bin/31c37ee8f63491495ac49e43b8544550fbae4533/out/vs/platform/terminal/node/ptyHostMain.js:43:27539)
    at U.<computed> (/home/gestcompras/.vscode-server/bin/31c37ee8f63491495ac49e43b8544550fbae4533/out/vs/platform/terminal/node/ptyHostMain.js:43:22765)
    at Object.call (/home/gestcompras/.vscode-server/bin/31c37ee8f63491495ac49e43b8544550fbae4533/out/vs/platform/terminal/node/ptyHostMain.js:34:5041)
    at $.s (/home/gestcompras/.vscode-server/bin/31c37ee8f63491495ac49e43b8544550fbae4533/out/vs/platform/terminal/node/ptyHostMain.js:32:5153)
    at $.q (/home/gestcompras/.vscode-server/bin/31c37ee8f63491495ac49e43b8544550fbae4533/out/vs/platform/terminal/node/ptyHostMain.js:32:4662)
    at a.value (/home/gestcompras/.vscode-server/bin/31c37ee8f63491495ac49e43b8544550fbae4533/out/vs/platform/terminal/node/ptyHostMain.js:32:4064)
    at d.y (/home/gestcompras/.vscode-server/bin/31c37ee8f63491495ac49e43b8544550fbae4533/out/vs/platform/terminal/node/ptyHostMain.js:27:1906)
    at d.fire (/home/gestcompras/.vscode-server/bin/31c37ee8f63491495ac49e43b8544550fbae4533/out/vs/platform/terminal/node/ptyHostMain.js:27:2123)
    at process.ne (/home/gestcompras/.vscode-server/bin/31c37ee8f63491495ac49e43b8544550fbae4533/out/vs/platform/terminal/node/ptyHostMain.js:25:10072)
    at process.emit (node:events:514:28)
    at emit (node:internal/child_process:937:14)
    at process.processTicksAndRejections (node:internal/process/task_queues:83:21)
[15:42:35] [127.0.0.1][bb258873][ExtensionHostConnection] The client has reconnected.
rejected promise not handled within 1 second: CodeExpectedError: Could not find pty on pty host
stack trace: CodeExpectedError: Could not find pty on pty host
    at A.U (/home/gestcompras/.vscode-server/bin/31c37ee8f63491495ac49e43b8544550fbae4533/out/vs/platform/terminal/node/ptyHostMain.js:43:32407)
    at A.updateIcon (/home/gestcompras/.vscode-server/bin/31c37ee8f63491495ac49e43b8544550fbae4533/out/vs/platform/terminal/node/ptyHostMain.js:43:27592)
    at U.<computed> (/home/gestcompras/.vscode-server/bin/31c37ee8f63491495ac49e43b8544550fbae4533/out/vs/platform/terminal/node/ptyHostMain.js:43:22765)
    at Object.call (/home/gestcompras/.vscode-server/bin/31c37ee8f63491495ac49e43b8544550fbae4533/out/vs/platform/terminal/node/ptyHostMain.js:34:5041)
    at $.s (/home/gestcompras/.vscode-server/bin/31c37ee8f63491495ac49e43b8544550fbae4533/out/vs/platform/terminal/node/ptyHostMain.js:32:5153)
    at $.q (/home/gestcompras/.vscode-server/bin/31c37ee8f63491495ac49e43b8544550fbae4533/out/vs/platform/terminal/node/ptyHostMain.js:32:4662)
    at a.value (/home/gestcompras/.vscode-server/bin/31c37ee8f63491495ac49e43b8544550fbae4533/out/vs/platform/terminal/node/ptyHostMain.js:32:4064)
    at d.y (/home/gestcompras/.vscode-server/bin/31c37ee8f63491495ac49e43b8544550fbae4533/out/vs/platform/terminal/node/ptyHostMain.js:27:1906)
    at d.fire (/home/gestcompras/.vscode-server/bin/31c37ee8f63491495ac49e43b8544550fbae4533/out/vs/platform/terminal/node/ptyHostMain.js:27:2123)
    at process.ne (/home/gestcompras/.vscode-server/bin/31c37ee8f63491495ac49e43b8544550fbae4533/out/vs/platform/terminal/node/ptyHostMain.js:25:10072)
    at process.emit (node:events:514:28)
    at emit (node:internal/child_process:937:14)
    at process.processTicksAndRejections (node:internal/process/task_queues:83:21)
[15:44:23] Error [CodeExpectedError]: Could not find pty on pty host
    at A.U (/home/gestcompras/.vscode-server/bin/31c37ee8f63491495ac49e43b8544550fbae4533/out/vs/platform/terminal/node/ptyHostMain.js:43:32407)
    at A.updateIcon (/home/gestcompras/.vscode-server/bin/31c37ee8f63491495ac49e43b8544550fbae4533/out/vs/platform/terminal/node/ptyHostMain.js:43:27592)
    at U.<computed> (/home/gestcompras/.vscode-server/bin/31c37ee8f63491495ac49e43b8544550fbae4533/out/vs/platform/terminal/node/ptyHostMain.js:43:22765)
    at Object.call (/home/gestcompras/.vscode-server/bin/31c37ee8f63491495ac49e43b8544550fbae4533/out/vs/platform/terminal/node/ptyHostMain.js:34:5041)
    at $.s (/home/gestcompras/.vscode-server/bin/31c37ee8f63491495ac49e43b8544550fbae4533/out/vs/platform/terminal/node/ptyHostMain.js:32:5153)
    at $.q (/home/gestcompras/.vscode-server/bin/31c37ee8f63491495ac49e43b8544550fbae4533/out/vs/platform/terminal/node/ptyHostMain.js:32:4662)
    at a.value (/home/gestcompras/.vscode-server/bin/31c37ee8f63491495ac49e43b8544550fbae4533/out/vs/platform/terminal/node/ptyHostMain.js:32:4064)
    at d.y (/home/gestcompras/.vscode-server/bin/31c37ee8f63491495ac49e43b8544550fbae4533/out/vs/platform/terminal/node/ptyHostMain.js:27:1906)
    at d.fire (/home/gestcompras/.vscode-server/bin/31c37ee8f63491495ac49e43b8544550fbae4533/out/vs/platform/terminal/node/ptyHostMain.js:27:2123)
    at process.ne (/home/gestcompras/.vscode-server/bin/31c37ee8f63491495ac49e43b8544550fbae4533/out/vs/platform/terminal/node/ptyHostMain.js:25:10072)
    at process.emit (node:events:514:28)
    at emit (node:internal/child_process:937:14)
    at process.processTicksAndRejections (node:internal/process/task_queues:83:21)
rejected promise not handled within 1 second: CodeExpectedError: Could not find pty on pty host
stack trace: CodeExpectedError: Could not find pty on pty host
    at A.U (/home/gestcompras/.vscode-server/bin/31c37ee8f63491495ac49e43b8544550fbae4533/out/vs/platform/terminal/node/ptyHostMain.js:43:32407)
    at A.updateTitle (/home/gestcompras/.vscode-server/bin/31c37ee8f63491495ac49e43b8544550fbae4533/out/vs/platform/terminal/node/ptyHostMain.js:43:27539)
    at U.<computed> (/home/gestcompras/.vscode-server/bin/31c37ee8f63491495ac49e43b8544550fbae4533/out/vs/platform/terminal/node/ptyHostMain.js:43:22765)
    at Object.call (/home/gestcompras/.vscode-server/bin/31c37ee8f63491495ac49e43b8544550fbae4533/out/vs/platform/terminal/node/ptyHostMain.js:34:5041)
    at $.s (/home/gestcompras/.vscode-server/bin/31c37ee8f63491495ac49e43b8544550fbae4533/out/vs/platform/terminal/node/ptyHostMain.js:32:5153)
    at $.q (/home/gestcompras/.vscode-server/bin/31c37ee8f63491495ac49e43b8544550fbae4533/out/vs/platform/terminal/node/ptyHostMain.js:32:4662)
    at a.value (/home/gestcompras/.vscode-server/bin/31c37ee8f63491495ac49e43b8544550fbae4533/out/vs/platform/terminal/node/ptyHostMain.js:32:4064)
    at d.y (/home/gestcompras/.vscode-server/bin/31c37ee8f63491495ac49e43b8544550fbae4533/out/vs/platform/terminal/node/ptyHostMain.js:27:1906)
    at d.fire (/home/gestcompras/.vscode-server/bin/31c37ee8f63491495ac49e43b8544550fbae4533/out/vs/platform/terminal/node/ptyHostMain.js:27:2123)
    at process.ne (/home/gestcompras/.vscode-server/bin/31c37ee8f63491495ac49e43b8544550fbae4533/out/vs/platform/terminal/node/ptyHostMain.js:25:10072)
    at process.emit (node:events:514:28)
    at emit (node:internal/child_process:937:14)
    at process.processTicksAndRejections (node:internal/process/task_queues:83:21)
[15:44:23] Error [CodeExpectedError]: Could not find pty on pty host
    at A.U (/home/gestcompras/.vscode-server/bin/31c37ee8f63491495ac49e43b8544550fbae4533/out/vs/platform/terminal/node/ptyHostMain.js:43:32407)
    at A.updateTitle (/home/gestcompras/.vscode-server/bin/31c37ee8f63491495ac49e43b8544550fbae4533/out/vs/platform/terminal/node/ptyHostMain.js:43:27539)
    at U.<computed> (/home/gestcompras/.vscode-server/bin/31c37ee8f63491495ac49e43b8544550fbae4533/out/vs/platform/terminal/node/ptyHostMain.js:43:22765)
    at Object.call (/home/gestcompras/.vscode-server/bin/31c37ee8f63491495ac49e43b8544550fbae4533/out/vs/platform/terminal/node/ptyHostMain.js:34:5041)
    at $.s (/home/gestcompras/.vscode-server/bin/31c37ee8f63491495ac49e43b8544550fbae4533/out/vs/platform/terminal/node/ptyHostMain.js:32:5153)
    at $.q (/home/gestcompras/.vscode-server/bin/31c37ee8f63491495ac49e43b8544550fbae4533/out/vs/platform/terminal/node/ptyHostMain.js:32:4662)
    at a.value (/home/gestcompras/.vscode-server/bin/31c37ee8f63491495ac49e43b8544550fbae4533/out/vs/platform/terminal/node/ptyHostMain.js:32:4064)
    at d.y (/home/gestcompras/.vscode-server/bin/31c37ee8f63491495ac49e43b8544550fbae4533/out/vs/platform/terminal/node/ptyHostMain.js:27:1906)
    at d.fire (/home/gestcompras/.vscode-server/bin/31c37ee8f63491495ac49e43b8544550fbae4533/out/vs/platform/terminal/node/ptyHostMain.js:27:2123)
    at process.ne (/home/gestcompras/.vscode-server/bin/31c37ee8f63491495ac49e43b8544550fbae4533/out/vs/platform/terminal/node/ptyHostMain.js:25:10072)
    at process.emit (node:events:514:28)
    at emit (node:internal/child_process:937:14)
    at process.processTicksAndRejections (node:internal/process/task_queues:83:21)
rejected promise not handled within 1 second: CodeExpectedError: Could not find pty on pty host
stack trace: CodeExpectedError: Could not find pty on pty host
    at A.U (/home/gestcompras/.vscode-server/bin/31c37ee8f63491495ac49e43b8544550fbae4533/out/vs/platform/terminal/node/ptyHostMain.js:43:32407)
    at A.updateTitle (/home/gestcompras/.vscode-server/bin/31c37ee8f63491495ac49e43b8544550fbae4533/out/vs/platform/terminal/node/ptyHostMain.js:43:27539)
    at U.<computed> (/home/gestcompras/.vscode-server/bin/31c37ee8f63491495ac49e43b8544550fbae4533/out/vs/platform/terminal/node/ptyHostMain.js:43:22765)
    at Object.call (/home/gestcompras/.vscode-server/bin/31c37ee8f63491495ac49e43b8544550fbae4533/out/vs/platform/terminal/node/ptyHostMain.js:34:5041)
    at $.s (/home/gestcompras/.vscode-server/bin/31c37ee8f63491495ac49e43b8544550fbae4533/out/vs/platform/terminal/node/ptyHostMain.js:32:5153)
    at $.q (/home/gestcompras/.vscode-server/bin/31c37ee8f63491495ac49e43b8544550fbae4533/out/vs/platform/terminal/node/ptyHostMain.js:32:4662)
    at a.value (/home/gestcompras/.vscode-server/bin/31c37ee8f63491495ac49e43b8544550fbae4533/out/vs/platform/terminal/node/ptyHostMain.js:32:4064)
    at d.y (/home/gestcompras/.vscode-server/bin/31c37ee8f63491495ac49e43b8544550fbae4533/out/vs/platform/terminal/node/ptyHostMain.js:27:1906)
    at d.fire (/home/gestcompras/.vscode-server/bin/31c37ee8f63491495ac49e43b8544550fbae4533/out/vs/platform/terminal/node/ptyHostMain.js:27:2123)
    at process.ne (/home/gestcompras/.vscode-server/bin/31c37ee8f63491495ac49e43b8544550fbae4533/out/vs/platform/terminal/node/ptyHostMain.js:25:10072)
    at process.emit (node:events:514:28)
    at emit (node:internal/child_process:937:14)
    at process.processTicksAndRejections (node:internal/process/task_queues:83:21)
[15:44:23] Error [CodeExpectedError]: Could not find pty on pty host
    at A.U (/home/gestcompras/.vscode-server/bin/31c37ee8f63491495ac49e43b8544550fbae4533/out/vs/platform/terminal/node/ptyHostMain.js:43:32407)
    at A.updateTitle (/home/gestcompras/.vscode-server/bin/31c37ee8f63491495ac49e43b8544550fbae4533/out/vs/platform/terminal/node/ptyHostMain.js:43:27539)
    at U.<computed> (/home/gestcompras/.vscode-server/bin/31c37ee8f63491495ac49e43b8544550fbae4533/out/vs/platform/terminal/node/ptyHostMain.js:43:22765)
    at Object.call (/home/gestcompras/.vscode-server/bin/31c37ee8f63491495ac49e43b8544550fbae4533/out/vs/platform/terminal/node/ptyHostMain.js:34:5041)
    at $.s (/home/gestcompras/.vscode-server/bin/31c37ee8f63491495ac49e43b8544550fbae4533/out/vs/platform/terminal/node/ptyHostMain.js:32:5153)
    at $.q (/home/gestcompras/.vscode-server/bin/31c37ee8f63491495ac49e43b8544550fbae4533/out/vs/platform/terminal/node/ptyHostMain.js:32:4662)
    at a.value (/home/gestcompras/.vscode-server/bin/31c37ee8f63491495ac49e43b8544550fbae4533/out/vs/platform/terminal/node/ptyHostMain.js:32:4064)
    at d.y (/home/gestcompras/.vscode-server/bin/31c37ee8f63491495ac49e43b8544550fbae4533/out/vs/platform/terminal/node/ptyHostMain.js:27:1906)
    at d.fire (/home/gestcompras/.vscode-server/bin/31c37ee8f63491495ac49e43b8544550fbae4533/out/vs/platform/terminal/node/ptyHostMain.js:27:2123)
    at process.ne (/home/gestcompras/.vscode-server/bin/31c37ee8f63491495ac49e43b8544550fbae4533/out/vs/platform/terminal/node/ptyHostMain.js:25:10072)
    at process.emit (node:events:514:28)
    at emit (node:internal/child_process:937:14)
    at process.processTicksAndRejections (node:internal/process/task_queues:83:21)
[15:44:24] [127.0.0.1][bb258873][ExtensionHostConnection] The client has reconnected.
[15:44:54] [127.0.0.1][b182749f][ManagementConnection] The client has reconnected.
rejected promise not handled within 1 second: CodeExpectedError: Could not find pty on pty host
stack trace: CodeExpectedError: Could not find pty on pty host
    at A.U (/home/gestcompras/.vscode-server/bin/31c37ee8f63491495ac49e43b8544550fbae4533/out/vs/platform/terminal/node/ptyHostMain.js:43:32407)
    at A.updateTitle (/home/gestcompras/.vscode-server/bin/31c37ee8f63491495ac49e43b8544550fbae4533/out/vs/platform/terminal/node/ptyHostMain.js:43:27539)
    at U.<computed> (/home/gestcompras/.vscode-server/bin/31c37ee8f63491495ac49e43b8544550fbae4533/out/vs/platform/terminal/node/ptyHostMain.js:43:22765)
    at Object.call (/home/gestcompras/.vscode-server/bin/31c37ee8f63491495ac49e43b8544550fbae4533/out/vs/platform/terminal/node/ptyHostMain.js:34:5041)
    at $.s (/home/gestcompras/.vscode-server/bin/31c37ee8f63491495ac49e43b8544550fbae4533/out/vs/platform/terminal/node/ptyHostMain.js:32:5153)
    at $.q (/home/gestcompras/.vscode-server/bin/31c37ee8f63491495ac49e43b8544550fbae4533/out/vs/platform/terminal/node/ptyHostMain.js:32:4662)
    at a.value (/home/gestcompras/.vscode-server/bin/31c37ee8f63491495ac49e43b8544550fbae4533/out/vs/platform/terminal/node/ptyHostMain.js:32:4064)
    at d.y (/home/gestcompras/.vscode-server/bin/31c37ee8f63491495ac49e43b8544550fbae4533/out/vs/platform/terminal/node/ptyHostMain.js:27:1906)
    at d.fire (/home/gestcompras/.vscode-server/bin/31c37ee8f63491495ac49e43b8544550fbae4533/out/vs/platform/terminal/node/ptyHostMain.js:27:2123)
    at process.ne (/home/gestcompras/.vscode-server/bin/31c37ee8f63491495ac49e43b8544550fbae4533/out/vs/platform/terminal/node/ptyHostMain.js:25:10072)
    at process.emit (node:events:514:28)
    at emit (node:internal/child_process:937:14)
    at process.processTicksAndRejections (node:internal/process/task_queues:83:21)
[15:44:56] Error [CodeExpectedError]: Could not find pty on pty host
    at A.U (/home/gestcompras/.vscode-server/bin/31c37ee8f63491495ac49e43b8544550fbae4533/out/vs/platform/terminal/node/ptyHostMain.js:43:32407)
    at A.updateTitle (/home/gestcompras/.vscode-server/bin/31c37ee8f63491495ac49e43b8544550fbae4533/out/vs/platform/terminal/node/ptyHostMain.js:43:27539)
    at U.<computed> (/home/gestcompras/.vscode-server/bin/31c37ee8f63491495ac49e43b8544550fbae4533/out/vs/platform/terminal/node/ptyHostMain.js:43:22765)
    at Object.call (/home/gestcompras/.vscode-server/bin/31c37ee8f63491495ac49e43b8544550fbae4533/out/vs/platform/terminal/node/ptyHostMain.js:34:5041)
    at $.s (/home/gestcompras/.vscode-server/bin/31c37ee8f63491495ac49e43b8544550fbae4533/out/vs/platform/terminal/node/ptyHostMain.js:32:5153)
    at $.q (/home/gestcompras/.vscode-server/bin/31c37ee8f63491495ac49e43b8544550fbae4533/out/vs/platform/terminal/node/ptyHostMain.js:32:4662)
    at a.value (/home/gestcompras/.vscode-server/bin/31c37ee8f63491495ac49e43b8544550fbae4533/out/vs/platform/terminal/node/ptyHostMain.js:32:4064)
    at d.y (/home/gestcompras/.vscode-server/bin/31c37ee8f63491495ac49e43b8544550fbae4533/out/vs/platform/terminal/node/ptyHostMain.js:27:1906)
    at d.fire (/home/gestcompras/.vscode-server/bin/31c37ee8f63491495ac49e43b8544550fbae4533/out/vs/platform/terminal/node/ptyHostMain.js:27:2123)
    at process.ne (/home/gestcompras/.vscode-server/bin/31c37ee8f63491495ac49e43b8544550fbae4533/out/vs/platform/terminal/node/ptyHostMain.js:25:10072)
    at process.emit (node:events:514:28)
    at emit (node:internal/child_process:937:14)
    at process.processTicksAndRejections (node:internal/process/task_queues:83:21)
[18:55:48] [127.0.0.1][bb258873][ExtensionHostConnection] <1771279> Extension Host Process exited with code: 0, signal: null.
Last EH closed, waiting before shutting down
[18:55:48] Last EH closed, waiting before shutting down
Last EH closed, shutting down
[19:00:48] Last EH closed, shutting down
