*
* Visual Studio Code Server
*
* By using the software, you agree to
* the Visual Studio Code Server License Terms (https://aka.ms/vscode-server-license) and
* the Microsoft Privacy Statement (https://privacy.microsoft.com/en-US/privacystatement).
*
Server bound to 127.0.0.1:39707 (IPv4)
Extension host agent listening on 39707

[08:58:44] 




[08:58:45] Extension host agent started.
[08:58:45] [/home/gestcompras/.vscode-server/extensions/github.vscode-pull-request-github-0.82.0]: Extension is not compatible with Code 1.85.2. Extension requires: ^1.87.0.
[08:58:45] [127.0.0.1][ac8bd225][ManagementConnection] New connection established.
[08:58:45] [127.0.0.1][c817e58c][ExtensionHostConnection] New connection established.
[08:58:45] [127.0.0.1][c817e58c][ExtensionHostConnection] <734483> Launched Extension Host Process.
[08:58:46] [/home/gestcompras/.vscode-server/extensions/github.vscode-pull-request-github-0.82.0]: Extension is not compatible with Code 1.85.2. Extension requires: ^1.87.0.
[08:58:46] [/home/gestcompras/.vscode-server/extensions/github.vscode-pull-request-github-0.82.0]: Extension is not compatible with Code 1.85.2. Extension requires: ^1.87.0.
[08:58:46] [/home/gestcompras/.vscode-server/extensions/github.vscode-pull-request-github-0.82.0]: Extension is not compatible with Code 1.85.2. Extension requires: ^1.87.0.
[08:58:46] [/home/gestcompras/.vscode-server/extensions/github.vscode-pull-request-github-0.82.0]: Extension is not compatible with Code 1.85.2. Extension requires: ^1.87.0.
[08:58:47] [/home/gestcompras/.vscode-server/extensions/github.vscode-pull-request-github-0.82.0]: Extension is not compatible with Code 1.85.2. Extension requires: ^1.87.0.
[08:58:47] [/home/gestcompras/.vscode-server/extensions/github.vscode-pull-request-github-0.82.0]: Extension is not compatible with Code 1.85.2. Extension requires: ^1.87.0.
[08:58:47] [/home/gestcompras/.vscode-server/extensions/github.vscode-pull-request-github-0.82.0]: Extension is not compatible with Code 1.85.2. Extension requires: ^1.87.0.
[08:58:47] [/home/gestcompras/.vscode-server/extensions/github.vscode-pull-request-github-0.82.0]: Extension is not compatible with Code 1.85.2. Extension requires: ^1.87.0.
[08:58:47] [/home/gestcompras/.vscode-server/extensions/github.vscode-pull-request-github-0.82.0]: Extension is not compatible with Code 1.85.2. Extension requires: ^1.87.0.
[08:58:48] [/home/gestcompras/.vscode-server/extensions/github.vscode-pull-request-github-0.82.0]: Extension is not compatible with Code 1.85.2. Extension requires: ^1.87.0.
[08:58:48] [/home/gestcompras/.vscode-server/extensions/github.vscode-pull-request-github-0.82.0]: Extension is not compatible with Code 1.85.2. Extension requires: ^1.87.0.
[08:58:48] [/home/gestcompras/.vscode-server/extensions/github.vscode-pull-request-github-0.82.0]: Extension is not compatible with Code 1.85.2. Extension requires: ^1.87.0.
[08:58:49] [/home/gestcompras/.vscode-server/extensions/github.vscode-pull-request-github-0.82.0]: Extension is not compatible with Code 1.85.2. Extension requires: ^1.87.0.
[08:58:49] [/home/gestcompras/.vscode-server/extensions/github.vscode-pull-request-github-0.82.0]: Extension is not compatible with Code 1.85.2. Extension requires: ^1.87.0.
[08:58:49] [/home/gestcompras/.vscode-server/extensions/github.vscode-pull-request-github-0.82.0]: Extension is not compatible with Code 1.85.2. Extension requires: ^1.87.0.
New EH opened, aborting shutdown
[09:03:45] New EH opened, aborting shutdown
[10:25:20] [127.0.0.1][03fe5e30][ManagementConnection] New connection established.
[10:25:20] [127.0.0.1][ff7d6941][ExtensionHostConnection] New connection established.
[10:25:20] [127.0.0.1][ff7d6941][ExtensionHostConnection] <746401> Launched Extension Host Process.
[10:25:21] [/home/gestcompras/.vscode-server/extensions/github.vscode-pull-request-github-0.82.0]: Extension is not compatible with Code 1.85.2. Extension requires: ^1.87.0.
[10:25:21] [/home/gestcompras/.vscode-server/extensions/github.vscode-pull-request-github-0.82.0]: Extension is not compatible with Code 1.85.2. Extension requires: ^1.87.0.
[10:25:22] [/home/gestcompras/.vscode-server/extensions/github.vscode-pull-request-github-0.82.0]: Extension is not compatible with Code 1.85.2. Extension requires: ^1.87.0.
[10:25:22] [/home/gestcompras/.vscode-server/extensions/github.vscode-pull-request-github-0.82.0]: Extension is not compatible with Code 1.85.2. Extension requires: ^1.87.0.
[10:25:22] [/home/gestcompras/.vscode-server/extensions/github.vscode-pull-request-github-0.82.0]: Extension is not compatible with Code 1.85.2. Extension requires: ^1.87.0.
[10:25:22] [/home/gestcompras/.vscode-server/extensions/github.vscode-pull-request-github-0.82.0]: Extension is not compatible with Code 1.85.2. Extension requires: ^1.87.0.
rejected promise not handled within 1 second: CodeExpectedError: Could not find pty on pty host
stack trace: CodeExpectedError: Could not find pty on pty host
    at A.U (/home/gestcompras/.vscode-server/bin/8b3775030ed1a69b13e4f4c628c612102e30a681/out/vs/platform/terminal/node/ptyHostMain.js:43:32377)
    at A.updateTitle (/home/gestcompras/.vscode-server/bin/8b3775030ed1a69b13e4f4c628c612102e30a681/out/vs/platform/terminal/node/ptyHostMain.js:43:27509)
    at T.<computed> (/home/gestcompras/.vscode-server/bin/8b3775030ed1a69b13e4f4c628c612102e30a681/out/vs/platform/terminal/node/ptyHostMain.js:43:22735)
    at Object.call (/home/gestcompras/.vscode-server/bin/8b3775030ed1a69b13e4f4c628c612102e30a681/out/vs/platform/terminal/node/ptyHostMain.js:34:5041)
    at g.s (/home/gestcompras/.vscode-server/bin/8b3775030ed1a69b13e4f4c628c612102e30a681/out/vs/platform/terminal/node/ptyHostMain.js:32:5153)
    at g.q (/home/gestcompras/.vscode-server/bin/8b3775030ed1a69b13e4f4c628c612102e30a681/out/vs/platform/terminal/node/ptyHostMain.js:32:4662)
    at a.value (/home/gestcompras/.vscode-server/bin/8b3775030ed1a69b13e4f4c628c612102e30a681/out/vs/platform/terminal/node/ptyHostMain.js:32:4064)
    at i.y (/home/gestcompras/.vscode-server/bin/8b3775030ed1a69b13e4f4c628c612102e30a681/out/vs/platform/terminal/node/ptyHostMain.js:27:1906)
    at i.fire (/home/gestcompras/.vscode-server/bin/8b3775030ed1a69b13e4f4c628c612102e30a681/out/vs/platform/terminal/node/ptyHostMain.js:27:2123)
    at process.ce (/home/gestcompras/.vscode-server/bin/8b3775030ed1a69b13e4f4c628c612102e30a681/out/vs/platform/terminal/node/ptyHostMain.js:25:10117)
    at process.emit (node:events:513:28)
    at emit (node:internal/child_process:937:14)
    at process.processTicksAndRejections (node:internal/process/task_queues:83:21)
[10:25:22] Error [CodeExpectedError]: Could not find pty on pty host
    at A.U (/home/gestcompras/.vscode-server/bin/8b3775030ed1a69b13e4f4c628c612102e30a681/out/vs/platform/terminal/node/ptyHostMain.js:43:32377)
    at A.updateTitle (/home/gestcompras/.vscode-server/bin/8b3775030ed1a69b13e4f4c628c612102e30a681/out/vs/platform/terminal/node/ptyHostMain.js:43:27509)
    at T.<computed> (/home/gestcompras/.vscode-server/bin/8b3775030ed1a69b13e4f4c628c612102e30a681/out/vs/platform/terminal/node/ptyHostMain.js:43:22735)
    at Object.call (/home/gestcompras/.vscode-server/bin/8b3775030ed1a69b13e4f4c628c612102e30a681/out/vs/platform/terminal/node/ptyHostMain.js:34:5041)
    at g.s (/home/gestcompras/.vscode-server/bin/8b3775030ed1a69b13e4f4c628c612102e30a681/out/vs/platform/terminal/node/ptyHostMain.js:32:5153)
    at g.q (/home/gestcompras/.vscode-server/bin/8b3775030ed1a69b13e4f4c628c612102e30a681/out/vs/platform/terminal/node/ptyHostMain.js:32:4662)
    at a.value (/home/gestcompras/.vscode-server/bin/8b3775030ed1a69b13e4f4c628c612102e30a681/out/vs/platform/terminal/node/ptyHostMain.js:32:4064)
    at i.y (/home/gestcompras/.vscode-server/bin/8b3775030ed1a69b13e4f4c628c612102e30a681/out/vs/platform/terminal/node/ptyHostMain.js:27:1906)
    at i.fire (/home/gestcompras/.vscode-server/bin/8b3775030ed1a69b13e4f4c628c612102e30a681/out/vs/platform/terminal/node/ptyHostMain.js:27:2123)
    at process.ce (/home/gestcompras/.vscode-server/bin/8b3775030ed1a69b13e4f4c628c612102e30a681/out/vs/platform/terminal/node/ptyHostMain.js:25:10117)
    at process.emit (node:events:513:28)
    at emit (node:internal/child_process:937:14)
    at process.processTicksAndRejections (node:internal/process/task_queues:83:21)
[10:25:23] [/home/gestcompras/.vscode-server/extensions/github.vscode-pull-request-github-0.82.0]: Extension is not compatible with Code 1.85.2. Extension requires: ^1.87.0.
[10:25:23] [/home/gestcompras/.vscode-server/extensions/github.vscode-pull-request-github-0.82.0]: Extension is not compatible with Code 1.85.2. Extension requires: ^1.87.0.
[10:25:23] [/home/gestcompras/.vscode-server/extensions/github.vscode-pull-request-github-0.82.0]: Extension is not compatible with Code 1.85.2. Extension requires: ^1.87.0.
[10:25:24] [/home/gestcompras/.vscode-server/extensions/github.vscode-pull-request-github-0.82.0]: Extension is not compatible with Code 1.85.2. Extension requires: ^1.87.0.
[10:25:24] [/home/gestcompras/.vscode-server/extensions/github.vscode-pull-request-github-0.82.0]: Extension is not compatible with Code 1.85.2. Extension requires: ^1.87.0.
[10:25:24] [/home/gestcompras/.vscode-server/extensions/github.vscode-pull-request-github-0.82.0]: Extension is not compatible with Code 1.85.2. Extension requires: ^1.87.0.
[10:25:25] [/home/gestcompras/.vscode-server/extensions/github.vscode-pull-request-github-0.82.0]: Extension is not compatible with Code 1.85.2. Extension requires: ^1.87.0.
[10:25:25] [/home/gestcompras/.vscode-server/extensions/github.vscode-pull-request-github-0.82.0]: Extension is not compatible with Code 1.85.2. Extension requires: ^1.87.0.
[10:25:25] [/home/gestcompras/.vscode-server/extensions/github.vscode-pull-request-github-0.82.0]: Extension is not compatible with Code 1.85.2. Extension requires: ^1.87.0.
[10:30:20] [127.0.0.1][c817e58c][ExtensionHostConnection] <734483> Extension Host Process exited with code: 0, signal: null.
